[ 2018-08-27T13:46:49+08:00 ] 127.0.0.1 /
INFO: [ app_init ] --START--
INFO: Run Behavior\BuildLiteBehavior [ RunTime:0.000000s ]
INFO: [ app_init ] --END-- [ RunTime:0.000000s ]
INFO: [ app_begin ] --START--
INFO: Run Behavior\ReadHtmlCacheBehavior [ RunTime:0.001000s ]
INFO: [ app_begin ] --END-- [ RunTime:0.002000s ]
NOTIC: [8] Undefined index: user_id D:\upupw\htdocs\Application\Home\Controller\IndexController.class.php 第 6 行.
NOTIC: [8] Undefined index: user_id D:\upupw\htdocs\Application\Home\Controller\IndexController.class.php 第 8 行.
INFO: [ view_parse ] --START--
INFO: [ template_filter ] --START--
INFO: Run Behavior\ContentReplaceBehavior [ RunTime:0.009001s ]
INFO: [ template_filter ] --END-- [ RunTime:0.009001s ]
NOTIC: [8] Undefined index: user_id D:\upupw\htdocs\Application\Runtime\Cache\Home\2a94b8bda04ff446dcedd42276fc99ee.php 第 152 行.
NOTIC: [8] Undefined index: user_id D:\upupw\htdocs\Application\Runtime\Cache\Home\2a94b8bda04ff446dcedd42276fc99ee.php 第 156 行.
INFO: Run Behavior\ParseTemplateBehavior [ RunTime:0.034002s ]
INFO: [ view_parse ] --END-- [ RunTime:0.034002s ]
INFO: [ view_filter ] --START--
INFO: Run Behavior\WriteHtmlCacheBehavior [ RunTime:0.001000s ]
INFO: [ view_filter ] --END-- [ RunTime:0.001000s ]
INFO: [ app_end ] --START--
INFO: Run Behavior\ShowPageTraceBehavior [ RunTime:0.002000s ]
INFO: [ app_end ] --END-- [ RunTime:0.002000s ]

[ 2018-08-27T13:46:50+08:00 ] 127.0.0.1 /index.php/Home/Order/rent_order.html
INFO: [ app_init ] --START--
INFO: Run Behavior\BuildLiteBehavior [ RunTime:0.000000s ]
INFO: [ app_init ] --END-- [ RunTime:0.001000s ]
INFO: [ app_begin ] --START--
INFO: Run Behavior\ReadHtmlCacheBehavior [ RunTime:0.002000s ]
INFO: [ app_begin ] --END-- [ RunTime:0.002000s ]

[ 2018-08-27T13:46:50+08:00 ] 127.0.0.1 /index.php/Home/Index/login.html
INFO: [ app_init ] --START--
INFO: Run Behavior\BuildLiteBehavior [ RunTime:0.000000s ]
INFO: [ app_init ] --END-- [ RunTime:0.000000s ]
INFO: [ app_begin ] --START--
INFO: Run Behavior\ReadHtmlCacheBehavior [ RunTime:0.002000s ]
INFO: [ app_begin ] --END-- [ RunTime:0.002000s ]
INFO: [ view_parse ] --START--
INFO: [ template_filter ] --START--
INFO: Run Behavior\ContentReplaceBehavior [ RunTime:0.001000s ]
INFO: [ template_filter ] --END-- [ RunTime:0.001000s ]
NOTIC: [8] Undefined index: user_id D:\upupw\htdocs\Application\Runtime\Cache\Home\5b6adcb62ad2b5dfc2abc2cd5e11dc99.php 第 152 行.
NOTIC: [8] Undefined index: user_id D:\upupw\htdocs\Application\Runtime\Cache\Home\5b6adcb62ad2b5dfc2abc2cd5e11dc99.php 第 156 行.
INFO: Run Behavior\ParseTemplateBehavior [ RunTime:0.016001s ]
INFO: [ view_parse ] --END-- [ RunTime:0.016001s ]
INFO: [ view_filter ] --START--
INFO: Run Behavior\WriteHtmlCacheBehavior [ RunTime:0.002000s ]
INFO: [ view_filter ] --END-- [ RunTime:0.002000s ]
INFO: [ app_end ] --START--
INFO: Run Behavior\ShowPageTraceBehavior [ RunTime:0.002000s ]
INFO: [ app_end ] --END-- [ RunTime:0.002000s ]

[ 2018-08-27T13:46:54+08:00 ] 127.0.0.1 /index.php/Home/Index/login_send.html
INFO: [ app_init ] --START--
INFO: Run Behavior\BuildLiteBehavior [ RunTime:0.000000s ]
INFO: [ app_init ] --END-- [ RunTime:0.001000s ]
INFO: [ app_begin ] --START--
INFO: Run Behavior\ReadHtmlCacheBehavior [ RunTime:0.001000s ]
INFO: [ app_begin ] --END-- [ RunTime:0.001000s ]
SQL: SHOW COLUMNS FROM `tp_users` [ RunTime:0.0260s ]
SQL: SELECT * FROM `tp_users` WHERE (  `login_name` = 'a758806642' OR `mobile` = 'a758806642' ) AND `password` = 'f5bb0c8de146c67b44babbf4e6584cc0' AND `admin_type` = 0 LIMIT 1   [ RunTime:0.0010s ]
NOTIC: [8] session_start(): A session had already been started - ignoring D:\upupw\htdocs\Application\Home\Controller\IndexController.class.php 第 56 行.

[ 2018-08-27T13:46:54+08:00 ] 127.0.0.1 /index.php/Home/Index/index.html
INFO: [ app_init ] --START--
INFO: Run Behavior\BuildLiteBehavior [ RunTime:0.000000s ]
INFO: [ app_init ] --END-- [ RunTime:0.000000s ]
INFO: [ app_begin ] --START--
INFO: Run Behavior\ReadHtmlCacheBehavior [ RunTime:0.002000s ]
INFO: [ app_begin ] --END-- [ RunTime:0.002000s ]
SQL: SHOW COLUMNS FROM `tp_users` [ RunTime:0.0070s ]
SQL: SELECT * FROM `tp_users` WHERE ( id='24' ) LIMIT 1   [ RunTime:0.0010s ]
INFO: [ view_parse ] --START--
INFO: [ template_filter ] --START--
INFO: Run Behavior\ContentReplaceBehavior [ RunTime:0.001000s ]
INFO: [ template_filter ] --END-- [ RunTime:0.001000s ]
INFO: Run Behavior\ParseTemplateBehavior [ RunTime:0.015000s ]
INFO: [ view_parse ] --END-- [ RunTime:0.015000s ]
INFO: [ view_filter ] --START--
INFO: Run Behavior\WriteHtmlCacheBehavior [ RunTime:0.001001s ]
INFO: [ view_filter ] --END-- [ RunTime:0.001001s ]
INFO: [ app_end ] --START--
INFO: Run Behavior\ShowPageTraceBehavior [ RunTime:0.002000s ]
INFO: [ app_end ] --END-- [ RunTime:0.002000s ]

[ 2018-08-27T13:46:54+08:00 ] 127.0.0.1 /index.php/Home/Index/images/zoom-tblr.png
INFO: [ app_init ] --START--
INFO: Run Behavior\BuildLiteBehavior [ RunTime:0.000000s ]
INFO: [ app_init ] --END-- [ RunTime:0.000000s ]

[ 2018-08-27T13:46:55+08:00 ] 127.0.0.1 /index.php/Home/Order/rent_order.html
INFO: [ app_init ] --START--
INFO: Run Behavior\BuildLiteBehavior [ RunTime:0.000000s ]
INFO: [ app_init ] --END-- [ RunTime:0.001000s ]
INFO: [ app_begin ] --START--
INFO: Run Behavior\ReadHtmlCacheBehavior [ RunTime:0.001000s ]
INFO: [ app_begin ] --END-- [ RunTime:0.001000s ]
INFO: [ view_parse ] --START--
INFO: [ template_filter ] --START--
INFO: Run Behavior\ContentReplaceBehavior [ RunTime:0.000000s ]
INFO: [ template_filter ] --END-- [ RunTime:0.000000s ]
INFO: Run Behavior\ParseTemplateBehavior [ RunTime:0.016001s ]
INFO: [ view_parse ] --END-- [ RunTime:0.016001s ]
INFO: [ view_filter ] --START--
INFO: Run Behavior\WriteHtmlCacheBehavior [ RunTime:0.002000s ]
INFO: [ view_filter ] --END-- [ RunTime:0.002000s ]
INFO: [ app_end ] --START--
INFO: Run Behavior\ShowPageTraceBehavior [ RunTime:0.002000s ]
INFO: [ app_end ] --END-- [ RunTime:0.002000s ]

[ 2018-08-27T13:46:55+08:00 ] 127.0.0.1 /Home/Index/city
INFO: [ app_init ] --START--
INFO: Run Behavior\BuildLiteBehavior [ RunTime:0.000000s ]
INFO: [ app_init ] --END-- [ RunTime:0.000000s ]
INFO: [ app_begin ] --START--
INFO: Run Behavior\ReadHtmlCacheBehavior [ RunTime:0.001000s ]
INFO: [ app_begin ] --END-- [ RunTime:0.002000s ]

[ 2018-08-27T13:46:55+08:00 ] 127.0.0.1 /Home/Order/car_type_list
INFO: [ app_init ] --START--
INFO: Run Behavior\BuildLiteBehavior [ RunTime:0.000000s ]
INFO: [ app_init ] --END-- [ RunTime:0.001000s ]
INFO: [ app_begin ] --START--
INFO: Run Behavior\ReadHtmlCacheBehavior [ RunTime:0.001000s ]
INFO: [ app_begin ] --END-- [ RunTime:0.001000s ]
SQL: SHOW COLUMNS FROM `tp_car` [ RunTime:0.0180s ]
SQL: SELECT * FROM `tp_car` WHERE `is_show` = 0 AND `car_type` LIKE '%1%'  [ RunTime:0.0090s ]

[ 2018-08-27T13:46:55+08:00 ] 127.0.0.1 /Home/Order/car_list
INFO: [ app_init ] --START--
INFO: Run Behavior\BuildLiteBehavior [ RunTime:0.000000s ]
INFO: [ app_init ] --END-- [ RunTime:0.000000s ]
INFO: [ app_begin ] --START--
INFO: Run Behavior\ReadHtmlCacheBehavior [ RunTime:0.002000s ]
INFO: [ app_begin ] --END-- [ RunTime:0.002000s ]
SQL: SHOW COLUMNS FROM `tp_car` [ RunTime:0.0070s ]
SQL: SELECT * FROM tp_car as c WHERE c.is_show = 0 AND c.car_type LIKE '%1%'  [ RunTime:0.0000s ]
SQL: SHOW COLUMNS FROM `tp_cityprice` [ RunTime:0.0230s ]
SQL: SELECT `city_price` FROM `tp_cityprice` WHERE `car_id` = 2 AND `city` = '哈尔滨' LIMIT 1   [ RunTime:0.0000s ]
SQL: SELECT `city_price` FROM `tp_cityprice` WHERE `car_id` = 5 AND `city` = '哈尔滨' LIMIT 1   [ RunTime:0.0000s ]
SQL: SELECT `city_price` FROM `tp_cityprice` WHERE `car_id` = 6 AND `city` = '哈尔滨' LIMIT 1   [ RunTime:0.0000s ]
SQL: SELECT `city_price` FROM `tp_cityprice` WHERE `car_id` = 8 AND `city` = '哈尔滨' LIMIT 1   [ RunTime:0.0010s ]
SQL: SELECT `city_price` FROM `tp_cityprice` WHERE `car_id` = 9 AND `city` = '哈尔滨' LIMIT 1   [ RunTime:0.0000s ]
SQL: SELECT `city_price` FROM `tp_cityprice` WHERE `car_id` = 10 AND `city` = '哈尔滨' LIMIT 1   [ RunTime:0.0000s ]
SQL: SELECT `city_price` FROM `tp_cityprice` WHERE `car_id` = 11 AND `city` = '哈尔滨' LIMIT 1   [ RunTime:0.0000s ]
SQL: SELECT `city_price` FROM `tp_cityprice` WHERE `car_id` = 12 AND `city` = '哈尔滨' LIMIT 1   [ RunTime:0.0000s ]
SQL: SELECT `city_price` FROM `tp_cityprice` WHERE `car_id` = 13 AND `city` = '哈尔滨' LIMIT 1   [ RunTime:0.0000s ]
SQL: SELECT `city_price` FROM `tp_cityprice` WHERE `car_id` = 14 AND `city` = '哈尔滨' LIMIT 1   [ RunTime:0.0000s ]
SQL: SELECT `city_price` FROM `tp_cityprice` WHERE `car_id` = 15 AND `city` = '哈尔滨' LIMIT 1   [ RunTime:0.0000s ]

[ 2018-08-27T13:46:55+08:00 ] 127.0.0.1 /Home/Order/car_type_list
INFO: [ app_init ] --START--
INFO: Run Behavior\BuildLiteBehavior [ RunTime:0.000000s ]
INFO: [ app_init ] --END-- [ RunTime:0.001000s ]
INFO: [ app_begin ] --START--
INFO: Run Behavior\ReadHtmlCacheBehavior [ RunTime:0.002000s ]
INFO: [ app_begin ] --END-- [ RunTime:0.002000s ]
SQL: SHOW COLUMNS FROM `tp_car` [ RunTime:0.0080s ]
SQL: SELECT * FROM `tp_car` WHERE `is_show` = 0 AND `car_type` LIKE '%1%'  [ RunTime:0.0010s ]

[ 2018-08-27T13:46:57+08:00 ] 127.0.0.1 /Home/Order/car_list
INFO: [ app_init ] --START--
INFO: Run Behavior\BuildLiteBehavior [ RunTime:0.000000s ]
INFO: [ app_init ] --END-- [ RunTime:0.001000s ]
INFO: [ app_begin ] --START--
INFO: Run Behavior\ReadHtmlCacheBehavior [ RunTime:0.001000s ]
INFO: [ app_begin ] --END-- [ RunTime:0.001000s ]
SQL: SHOW COLUMNS FROM `tp_car` [ RunTime:0.0070s ]
SQL: SELECT * FROM tp_car as c WHERE c.is_show = 0 AND c.car_type LIKE '%1%'  [ RunTime:0.0000s ]
SQL: SHOW COLUMNS FROM `tp_cityprice` [ RunTime:0.0080s ]
SQL: SELECT `city_price` FROM `tp_cityprice` WHERE `car_id` = 2 AND `city` = '天津' LIMIT 1   [ RunTime:0.0000s ]
SQL: SELECT `city_price` FROM `tp_cityprice` WHERE `car_id` = 5 AND `city` = '天津' LIMIT 1   [ RunTime:0.0010s ]
SQL: SELECT `city_price` FROM `tp_cityprice` WHERE `car_id` = 6 AND `city` = '天津' LIMIT 1   [ RunTime:0.0000s ]
SQL: SELECT `city_price` FROM `tp_cityprice` WHERE `car_id` = 8 AND `city` = '天津' LIMIT 1   [ RunTime:0.0000s ]
SQL: SELECT `city_price` FROM `tp_cityprice` WHERE `car_id` = 9 AND `city` = '天津' LIMIT 1   [ RunTime:0.0000s ]
SQL: SELECT `city_price` FROM `tp_cityprice` WHERE `car_id` = 10 AND `city` = '天津' LIMIT 1   [ RunTime:0.0000s ]
SQL: SELECT `city_price` FROM `tp_cityprice` WHERE `car_id` = 11 AND `city` = '天津' LIMIT 1   [ RunTime:0.0000s ]
SQL: SELECT `city_price` FROM `tp_cityprice` WHERE `car_id` = 12 AND `city` = '天津' LIMIT 1   [ RunTime:0.0000s ]
SQL: SELECT `city_price` FROM `tp_cityprice` WHERE `car_id` = 13 AND `city` = '天津' LIMIT 1   [ RunTime:0.0000s ]
SQL: SELECT `city_price` FROM `tp_cityprice` WHERE `car_id` = 14 AND `city` = '天津' LIMIT 1   [ RunTime:0.0000s ]
SQL: SELECT `city_price` FROM `tp_cityprice` WHERE `car_id` = 15 AND `city` = '天津' LIMIT 1   [ RunTime:0.0000s ]

[ 2018-08-27T13:46:57+08:00 ] 127.0.0.1 /Home/Order/car_type_list
INFO: [ app_init ] --START--
INFO: Run Behavior\BuildLiteBehavior [ RunTime:0.000000s ]
INFO: [ app_init ] --END-- [ RunTime:0.001001s ]
INFO: [ app_begin ] --START--
INFO: Run Behavior\ReadHtmlCacheBehavior [ RunTime:0.002000s ]
INFO: [ app_begin ] --END-- [ RunTime:0.002000s ]
SQL: SHOW COLUMNS FROM `tp_car` [ RunTime:0.0080s ]
SQL: SELECT * FROM `tp_car` WHERE `is_show` = 0 AND `car_type` LIKE '%1%'  [ RunTime:0.0010s ]

