[ 2018-08-18T14:10:56+08:00 ] 106.14.204.78 /
INFO: [ app_init ] --START--
INFO: Run Behavior\BuildLiteBehavior [ RunTime:0.000015s ]
INFO: [ app_init ] --END-- [ RunTime:0.000876s ]
INFO: [ app_begin ] --START--
INFO: Run Behavior\ReadHtmlCacheBehavior [ RunTime:0.001034s ]
INFO: [ app_begin ] --END-- [ RunTime:0.001090s ]
NOTIC: [8] Undefined index: user_id /www/wwwroot/bus.sz25.net/Application/Home/Controller/IndexController.class.php 第 6 行.
NOTIC: [8] Undefined index: user_id /www/wwwroot/bus.sz25.net/Application/Home/Controller/IndexController.class.php 第 8 行.
INFO: [ view_parse ] --START--
INFO: [ template_filter ] --START--
INFO: Run Behavior\ContentReplaceBehavior [ RunTime:0.000073s ]
INFO: [ template_filter ] --END-- [ RunTime:0.000118s ]
NOTIC: [8] Undefined index: user_id /www/wwwroot/bus.sz25.net/Application/Runtime/Cache/Home/2a94b8bda04ff446dcedd42276fc99ee.php 第 152 行.
NOTIC: [8] Undefined index: user_id /www/wwwroot/bus.sz25.net/Application/Runtime/Cache/Home/2a94b8bda04ff446dcedd42276fc99ee.php 第 156 行.
INFO: Run Behavior\ParseTemplateBehavior [ RunTime:0.064274s ]
INFO: [ view_parse ] --END-- [ RunTime:0.064323s ]
INFO: [ view_filter ] --START--
INFO: Run Behavior\WriteHtmlCacheBehavior [ RunTime:0.000816s ]
INFO: [ view_filter ] --END-- [ RunTime:0.000844s ]
INFO: [ app_end ] --START--
INFO: Run Behavior\ShowPageTraceBehavior [ RunTime:0.000948s ]
INFO: [ app_end ] --END-- [ RunTime:0.000980s ]

