[ 2018-08-16T00:36:04+08:00 ] 113.5.8.191 /
INFO: [ app_init ] --START--
INFO: Run Behavior\BuildLiteBehavior [ RunTime:0.000010s ]
INFO: [ app_init ] --END-- [ RunTime:0.000210s ]
INFO: [ app_begin ] --START--
INFO: Run Behavior\ReadHtmlCacheBehavior [ RunTime:0.043614s ]
INFO: [ app_begin ] --END-- [ RunTime:0.043685s ]
NOTIC: [8] Undefined index: user_id /www/wwwroot/bus.sz25.net/Application/Home/Controller/IndexController.class.php 第 6 行.
NOTIC: [8] Undefined index: user_id /www/wwwroot/bus.sz25.net/Application/Home/Controller/IndexController.class.php 第 8 行.
INFO: [ view_parse ] --START--
INFO: [ template_filter ] --START--
INFO: Run Behavior\ContentReplaceBehavior [ RunTime:0.000069s ]
INFO: [ template_filter ] --END-- [ RunTime:0.000116s ]
NOTIC: [8] Undefined index: user_id /www/wwwroot/bus.sz25.net/Application/Runtime/Cache/Home/2a94b8bda04ff446dcedd42276fc99ee.php 第 152 行.
NOTIC: [8] Undefined index: user_id /www/wwwroot/bus.sz25.net/Application/Runtime/Cache/Home/2a94b8bda04ff446dcedd42276fc99ee.php 第 156 行.
INFO: Run Behavior\ParseTemplateBehavior [ RunTime:0.135146s ]
INFO: [ view_parse ] --END-- [ RunTime:0.135187s ]
INFO: [ view_filter ] --START--
INFO: Run Behavior\WriteHtmlCacheBehavior [ RunTime:0.000789s ]
INFO: [ view_filter ] --END-- [ RunTime:0.000814s ]
INFO: [ app_end ] --START--
INFO: Run Behavior\ShowPageTraceBehavior [ RunTime:0.001008s ]
INFO: [ app_end ] --END-- [ RunTime:0.001041s ]

[ 2018-08-16T00:36:19+08:00 ] 113.5.8.191 /index.php/Home/Index/login.html
INFO: [ app_init ] --START--
INFO: Run Behavior\BuildLiteBehavior [ RunTime:0.000008s ]
INFO: [ app_init ] --END-- [ RunTime:0.000214s ]
INFO: [ app_begin ] --START--
INFO: Run Behavior\ReadHtmlCacheBehavior [ RunTime:0.000294s ]
INFO: [ app_begin ] --END-- [ RunTime:0.000321s ]
INFO: [ view_parse ] --START--
INFO: [ template_filter ] --START--
INFO: Run Behavior\ContentReplaceBehavior [ RunTime:0.000029s ]
INFO: [ template_filter ] --END-- [ RunTime:0.000057s ]
NOTIC: [8] Undefined index: user_id /www/wwwroot/bus.sz25.net/Application/Runtime/Cache/Home/5b6adcb62ad2b5dfc2abc2cd5e11dc99.php 第 152 行.
NOTIC: [8] Undefined index: user_id /www/wwwroot/bus.sz25.net/Application/Runtime/Cache/Home/5b6adcb62ad2b5dfc2abc2cd5e11dc99.php 第 156 行.
INFO: Run Behavior\ParseTemplateBehavior [ RunTime:0.030316s ]
INFO: [ view_parse ] --END-- [ RunTime:0.030344s ]
INFO: [ view_filter ] --START--
INFO: Run Behavior\WriteHtmlCacheBehavior [ RunTime:0.000144s ]
INFO: [ view_filter ] --END-- [ RunTime:0.000161s ]
INFO: [ app_end ] --START--
INFO: Run Behavior\ShowPageTraceBehavior [ RunTime:0.000406s ]
INFO: [ app_end ] --END-- [ RunTime:0.000433s ]

[ 2018-08-16T00:36:41+08:00 ] 113.5.8.191 /index.php/Home/Index/login_send.html
INFO: [ app_init ] --START--
INFO: Run Behavior\BuildLiteBehavior [ RunTime:0.000010s ]
INFO: [ app_init ] --END-- [ RunTime:0.000216s ]
INFO: [ app_begin ] --START--
INFO: Run Behavior\ReadHtmlCacheBehavior [ RunTime:0.000299s ]
INFO: [ app_begin ] --END-- [ RunTime:0.000327s ]
INFO: [ view_parse ] --START--
INFO: [ template_filter ] --START--
INFO: Run Behavior\ContentReplaceBehavior [ RunTime:0.000028s ]
INFO: [ template_filter ] --END-- [ RunTime:0.000069s ]
INFO: Run Behavior\ParseTemplateBehavior [ RunTime:0.074029s ]
INFO: [ view_parse ] --END-- [ RunTime:0.074079s ]
INFO: [ view_filter ] --START--
INFO: Run Behavior\WriteHtmlCacheBehavior [ RunTime:0.000159s ]
INFO: [ view_filter ] --END-- [ RunTime:0.000177s ]

[ 2018-08-16T00:37:13+08:00 ] 113.5.8.191 /index.php/Home/Index/login_send.html
INFO: [ app_init ] --START--
INFO: Run Behavior\BuildLiteBehavior [ RunTime:0.000009s ]
INFO: [ app_init ] --END-- [ RunTime:0.000215s ]
INFO: [ app_begin ] --START--
INFO: Run Behavior\ReadHtmlCacheBehavior [ RunTime:0.000285s ]
INFO: [ app_begin ] --END-- [ RunTime:0.000310s ]
SQL: SHOW COLUMNS FROM `tp_users` [ RunTime:0.0240s ]
SQL: SELECT * FROM `tp_users` WHERE (  `login_name` = 'a758806642' OR `mobile` = 'a758806642' ) AND `password` = 'f5bb0c8de146c67b44babbf4e6584cc0' AND `admin_type` = 0 LIMIT 1   [ RunTime:0.0009s ]
NOTIC: [8] A session had already been started - ignoring session_start() /www/wwwroot/bus.sz25.net/Application/Home/Controller/IndexController.class.php 第 56 行.

[ 2018-08-16T00:37:14+08:00 ] 113.5.8.191 /index.php/Home/Index/index.html
INFO: [ app_init ] --START--
INFO: Run Behavior\BuildLiteBehavior [ RunTime:0.000009s ]
INFO: [ app_init ] --END-- [ RunTime:0.000211s ]
INFO: [ app_begin ] --START--
INFO: Run Behavior\ReadHtmlCacheBehavior [ RunTime:0.000305s ]
INFO: [ app_begin ] --END-- [ RunTime:0.000334s ]
SQL: SHOW COLUMNS FROM `tp_users` [ RunTime:0.0004s ]
SQL: SELECT * FROM `tp_users` WHERE ( id='24' ) LIMIT 1   [ RunTime:0.0002s ]
INFO: [ view_parse ] --START--
INFO: [ template_filter ] --START--
INFO: Run Behavior\ContentReplaceBehavior [ RunTime:0.000069s ]
INFO: [ template_filter ] --END-- [ RunTime:0.000096s ]
INFO: Run Behavior\ParseTemplateBehavior [ RunTime:0.008806s ]
INFO: [ view_parse ] --END-- [ RunTime:0.008831s ]
INFO: [ view_filter ] --START--
INFO: Run Behavior\WriteHtmlCacheBehavior [ RunTime:0.000124s ]
INFO: [ view_filter ] --END-- [ RunTime:0.000141s ]
INFO: [ app_end ] --START--
INFO: Run Behavior\ShowPageTraceBehavior [ RunTime:0.000410s ]
INFO: [ app_end ] --END-- [ RunTime:0.000438s ]

[ 2018-08-16T00:37:14+08:00 ] 113.5.8.191 /index.php/Home/Index/images/zoom-tblr.png
INFO: [ app_init ] --START--
INFO: Run Behavior\BuildLiteBehavior [ RunTime:0.000009s ]
INFO: [ app_init ] --END-- [ RunTime:0.000223s ]

[ 2018-08-16T00:37:23+08:00 ] 113.5.8.191 /index.php/Home/Order/travel.html
INFO: [ app_init ] --START--
INFO: Run Behavior\BuildLiteBehavior [ RunTime:0.000010s ]
INFO: [ app_init ] --END-- [ RunTime:0.000222s ]
INFO: [ app_begin ] --START--
INFO: Run Behavior\ReadHtmlCacheBehavior [ RunTime:0.000293s ]
INFO: [ app_begin ] --END-- [ RunTime:0.000319s ]
SQL: SHOW COLUMNS FROM `tp_car` [ RunTime:0.0102s ]
SQL: SELECT * FROM `tp_car` WHERE `car_type` LIKE '%0%' AND `is_show` = 0  [ RunTime:0.0010s ]
INFO: [ view_parse ] --START--
INFO: [ template_filter ] --START--
INFO: Run Behavior\ContentReplaceBehavior [ RunTime:0.000092s ]
INFO: [ template_filter ] --END-- [ RunTime:0.000135s ]
INFO: Run Behavior\ParseTemplateBehavior [ RunTime:0.026679s ]
INFO: [ view_parse ] --END-- [ RunTime:0.026725s ]
INFO: [ view_filter ] --START--
INFO: Run Behavior\WriteHtmlCacheBehavior [ RunTime:0.000148s ]
INFO: [ view_filter ] --END-- [ RunTime:0.000166s ]
INFO: [ app_end ] --START--
INFO: Run Behavior\ShowPageTraceBehavior [ RunTime:0.000457s ]
INFO: [ app_end ] --END-- [ RunTime:0.000488s ]

[ 2018-08-16T00:37:24+08:00 ] 113.5.8.191 /Home/Index/city
INFO: [ app_init ] --START--
INFO: Run Behavior\BuildLiteBehavior [ RunTime:0.000008s ]
INFO: [ app_init ] --END-- [ RunTime:0.000199s ]
INFO: [ app_begin ] --START--
INFO: Run Behavior\ReadHtmlCacheBehavior [ RunTime:0.000290s ]
INFO: [ app_begin ] --END-- [ RunTime:0.000314s ]

[ 2018-08-16T00:37:32+08:00 ] 113.5.8.191 /index.php/Home/Order/rent_order.html
INFO: [ app_init ] --START--
INFO: Run Behavior\BuildLiteBehavior [ RunTime:0.000010s ]
INFO: [ app_init ] --END-- [ RunTime:0.000231s ]
INFO: [ app_begin ] --START--
INFO: Run Behavior\ReadHtmlCacheBehavior [ RunTime:0.000290s ]
INFO: [ app_begin ] --END-- [ RunTime:0.000315s ]
INFO: [ view_parse ] --START--
INFO: [ template_filter ] --START--
INFO: Run Behavior\ContentReplaceBehavior [ RunTime:0.000044s ]
INFO: [ template_filter ] --END-- [ RunTime:0.000080s ]
INFO: Run Behavior\ParseTemplateBehavior [ RunTime:0.028743s ]
INFO: [ view_parse ] --END-- [ RunTime:0.028772s ]
INFO: [ view_filter ] --START--
INFO: Run Behavior\WriteHtmlCacheBehavior [ RunTime:0.000126s ]
INFO: [ view_filter ] --END-- [ RunTime:0.000143s ]
INFO: [ app_end ] --START--
INFO: Run Behavior\ShowPageTraceBehavior [ RunTime:0.000413s ]
INFO: [ app_end ] --END-- [ RunTime:0.000444s ]

[ 2018-08-16T00:37:33+08:00 ] 113.5.8.191 /Home/Index/city
INFO: [ app_init ] --START--
INFO: Run Behavior\BuildLiteBehavior [ RunTime:0.000008s ]
INFO: [ app_init ] --END-- [ RunTime:0.000205s ]
INFO: [ app_begin ] --START--
INFO: Run Behavior\ReadHtmlCacheBehavior [ RunTime:0.000299s ]
INFO: [ app_begin ] --END-- [ RunTime:0.000324s ]

[ 2018-08-16T00:37:33+08:00 ] 113.5.8.191 /Home/Order/car_type_list
INFO: [ app_init ] --START--
INFO: Run Behavior\BuildLiteBehavior [ RunTime:0.000009s ]
INFO: [ app_init ] --END-- [ RunTime:0.000206s ]
INFO: [ app_begin ] --START--
INFO: Run Behavior\ReadHtmlCacheBehavior [ RunTime:0.000287s ]
INFO: [ app_begin ] --END-- [ RunTime:0.000312s ]
SQL: SHOW COLUMNS FROM `tp_car` [ RunTime:0.0004s ]
SQL: SELECT * FROM `tp_car` WHERE `is_show` = 0 AND `car_type` LIKE '%1%'  [ RunTime:0.0002s ]

[ 2018-08-16T00:37:34+08:00 ] 113.5.8.191 /Home/Order/car_list
INFO: [ app_init ] --START--
INFO: Run Behavior\BuildLiteBehavior [ RunTime:0.000010s ]
INFO: [ app_init ] --END-- [ RunTime:0.000204s ]
INFO: [ app_begin ] --START--
INFO: Run Behavior\ReadHtmlCacheBehavior [ RunTime:0.000293s ]
INFO: [ app_begin ] --END-- [ RunTime:0.000321s ]
SQL: SHOW COLUMNS FROM `tp_car` [ RunTime:0.0004s ]
SQL: SELECT * FROM `tp_car` WHERE `car_type` LIKE '%1%' AND `is_show` = 0  [ RunTime:0.0003s ]

[ 2018-08-16T00:37:35+08:00 ] 113.5.8.191 /Home/Order/car_type_list
INFO: [ app_init ] --START--
INFO: Run Behavior\BuildLiteBehavior [ RunTime:0.000009s ]
INFO: [ app_init ] --END-- [ RunTime:0.000208s ]
INFO: [ app_begin ] --START--
INFO: Run Behavior\ReadHtmlCacheBehavior [ RunTime:0.000291s ]
INFO: [ app_begin ] --END-- [ RunTime:0.000315s ]
SQL: SHOW COLUMNS FROM `tp_car` [ RunTime:0.0004s ]
SQL: SELECT * FROM `tp_car` WHERE `is_show` = 0 AND `car_type` LIKE '%1%'  [ RunTime:0.0001s ]

[ 2018-08-16T00:38:06+08:00 ] 113.5.8.191 /Home/Order/car_list
INFO: [ app_init ] --START--
INFO: Run Behavior\BuildLiteBehavior [ RunTime:0.000008s ]
INFO: [ app_init ] --END-- [ RunTime:0.000207s ]
INFO: [ app_begin ] --START--
INFO: Run Behavior\ReadHtmlCacheBehavior [ RunTime:0.000276s ]
INFO: [ app_begin ] --END-- [ RunTime:0.000301s ]
SQL: SHOW COLUMNS FROM `tp_car` [ RunTime:0.0004s ]
SQL: SELECT * FROM `tp_car` WHERE `id` IN ('2') AND `is_show` = 0  [ RunTime:0.0002s ]

[ 2018-08-16T00:38:16+08:00 ] 113.5.8.191 /Home/Order/car_list
INFO: [ app_init ] --START--
INFO: Run Behavior\BuildLiteBehavior [ RunTime:0.000010s ]
INFO: [ app_init ] --END-- [ RunTime:0.000241s ]
INFO: [ app_begin ] --START--
INFO: Run Behavior\ReadHtmlCacheBehavior [ RunTime:0.000290s ]
INFO: [ app_begin ] --END-- [ RunTime:0.000319s ]
SQL: SHOW COLUMNS FROM `tp_car` [ RunTime:0.0004s ]
SQL: SELECT * FROM `tp_car` WHERE `id` IN ('2') AND `is_show` = 0  [ RunTime:0.0001s ]

[ 2018-08-16T00:38:17+08:00 ] 113.5.8.191 /Home/Order/car_type_list
INFO: [ app_init ] --START--
INFO: Run Behavior\BuildLiteBehavior [ RunTime:0.000010s ]
INFO: [ app_init ] --END-- [ RunTime:0.000216s ]
INFO: [ app_begin ] --START--
INFO: Run Behavior\ReadHtmlCacheBehavior [ RunTime:0.000299s ]
INFO: [ app_begin ] --END-- [ RunTime:0.000326s ]
SQL: SHOW COLUMNS FROM `tp_car` [ RunTime:0.0004s ]
SQL: SELECT * FROM `tp_car` WHERE `is_show` = 0 AND `car_type` LIKE '%1%'  [ RunTime:0.0001s ]

[ 2018-08-16T00:38:37+08:00 ] 113.5.8.191 /Home/Index/city
INFO: [ app_init ] --START--
INFO: Run Behavior\BuildLiteBehavior [ RunTime:0.000011s ]
INFO: [ app_init ] --END-- [ RunTime:0.000225s ]
INFO: [ app_begin ] --START--
INFO: Run Behavior\ReadHtmlCacheBehavior [ RunTime:0.000297s ]
INFO: [ app_begin ] --END-- [ RunTime:0.000321s ]

[ 2018-08-16T12:50:32+08:00 ] 140.207.128.191 /
INFO: [ app_init ] --START--
INFO: Run Behavior\BuildLiteBehavior [ RunTime:0.000008s ]
INFO: [ app_init ] --END-- [ RunTime:0.000207s ]
INFO: [ app_begin ] --START--
INFO: Run Behavior\ReadHtmlCacheBehavior [ RunTime:0.000291s ]
INFO: [ app_begin ] --END-- [ RunTime:0.000316s ]
NOTIC: [8] Undefined index: user_id /www/wwwroot/bus.sz25.net/Application/Home/Controller/IndexController.class.php 第 6 行.
NOTIC: [8] Undefined index: user_id /www/wwwroot/bus.sz25.net/Application/Home/Controller/IndexController.class.php 第 8 行.
INFO: [ view_parse ] --START--
INFO: [ template_filter ] --START--
INFO: Run Behavior\ContentReplaceBehavior [ RunTime:0.000062s ]
INFO: [ template_filter ] --END-- [ RunTime:0.000091s ]
NOTIC: [8] Undefined index: user_id /www/wwwroot/bus.sz25.net/Application/Runtime/Cache/Home/2a94b8bda04ff446dcedd42276fc99ee.php 第 152 行.
NOTIC: [8] Undefined index: user_id /www/wwwroot/bus.sz25.net/Application/Runtime/Cache/Home/2a94b8bda04ff446dcedd42276fc99ee.php 第 156 行.
INFO: Run Behavior\ParseTemplateBehavior [ RunTime:0.008681s ]
INFO: [ view_parse ] --END-- [ RunTime:0.008706s ]
INFO: [ view_filter ] --START--
INFO: Run Behavior\WriteHtmlCacheBehavior [ RunTime:0.000138s ]
INFO: [ view_filter ] --END-- [ RunTime:0.000157s ]
INFO: [ app_end ] --START--
INFO: Run Behavior\ShowPageTraceBehavior [ RunTime:0.000364s ]
INFO: [ app_end ] --END-- [ RunTime:0.000390s ]

[ 2018-08-16T12:51:57+08:00 ] 221.196.68.47 /
INFO: [ app_init ] --START--
INFO: Run Behavior\BuildLiteBehavior [ RunTime:0.000011s ]
INFO: [ app_init ] --END-- [ RunTime:0.000217s ]
INFO: [ app_begin ] --START--
INFO: Run Behavior\ReadHtmlCacheBehavior [ RunTime:0.000294s ]
INFO: [ app_begin ] --END-- [ RunTime:0.000320s ]
NOTIC: [8] Undefined index: user_id /www/wwwroot/bus.sz25.net/Application/Home/Controller/IndexController.class.php 第 6 行.
NOTIC: [8] Undefined index: user_id /www/wwwroot/bus.sz25.net/Application/Home/Controller/IndexController.class.php 第 8 行.
INFO: [ view_parse ] --START--
INFO: [ template_filter ] --START--
INFO: Run Behavior\ContentReplaceBehavior [ RunTime:0.000064s ]
INFO: [ template_filter ] --END-- [ RunTime:0.000095s ]
NOTIC: [8] Undefined index: user_id /www/wwwroot/bus.sz25.net/Application/Runtime/Cache/Home/2a94b8bda04ff446dcedd42276fc99ee.php 第 152 行.
NOTIC: [8] Undefined index: user_id /www/wwwroot/bus.sz25.net/Application/Runtime/Cache/Home/2a94b8bda04ff446dcedd42276fc99ee.php 第 156 行.
INFO: Run Behavior\ParseTemplateBehavior [ RunTime:0.009047s ]
INFO: [ view_parse ] --END-- [ RunTime:0.009072s ]
INFO: [ view_filter ] --START--
INFO: Run Behavior\WriteHtmlCacheBehavior [ RunTime:0.000133s ]
INFO: [ view_filter ] --END-- [ RunTime:0.000151s ]
INFO: [ app_end ] --START--
INFO: Run Behavior\ShowPageTraceBehavior [ RunTime:0.000415s ]
INFO: [ app_end ] --END-- [ RunTime:0.000445s ]

[ 2018-08-16T13:45:24+08:00 ] 221.196.68.47 /index.php/Home/Order/shuttle_order.html
INFO: [ app_init ] --START--
INFO: Run Behavior\BuildLiteBehavior [ RunTime:0.000010s ]
INFO: [ app_init ] --END-- [ RunTime:0.000203s ]
INFO: [ app_begin ] --START--
INFO: Run Behavior\ReadHtmlCacheBehavior [ RunTime:0.000279s ]
INFO: [ app_begin ] --END-- [ RunTime:0.000306s ]
INFO: [ view_parse ] --START--
INFO: [ template_filter ] --START--
INFO: Run Behavior\ContentReplaceBehavior [ RunTime:0.000043s ]
INFO: [ template_filter ] --END-- [ RunTime:0.000079s ]
NOTIC: [8] Undefined index: user_id /www/wwwroot/bus.sz25.net/Application/Runtime/Cache/Home/945923b73eb9158cc897664a0150b536.php 第 152 行.
NOTIC: [8] Undefined index: user_id /www/wwwroot/bus.sz25.net/Application/Runtime/Cache/Home/945923b73eb9158cc897664a0150b536.php 第 156 行.
NOTIC: [8] Undefined index: user_id /www/wwwroot/bus.sz25.net/Application/Runtime/Cache/Home/945923b73eb9158cc897664a0150b536.php 第 396 行.
INFO: Run Behavior\ParseTemplateBehavior [ RunTime:0.055973s ]
INFO: [ view_parse ] --END-- [ RunTime:0.056000s ]
INFO: [ view_filter ] --START--
INFO: Run Behavior\WriteHtmlCacheBehavior [ RunTime:0.000130s ]
INFO: [ view_filter ] --END-- [ RunTime:0.000148s ]
INFO: [ app_end ] --START--
INFO: Run Behavior\ShowPageTraceBehavior [ RunTime:0.000400s ]
INFO: [ app_end ] --END-- [ RunTime:0.000429s ]

[ 2018-08-16T13:45:24+08:00 ] 221.196.68.47 /Home/Index/city
INFO: [ app_init ] --START--
INFO: Run Behavior\BuildLiteBehavior [ RunTime:0.000009s ]
INFO: [ app_init ] --END-- [ RunTime:0.000234s ]
INFO: [ app_begin ] --START--
INFO: Run Behavior\ReadHtmlCacheBehavior [ RunTime:0.000282s ]
INFO: [ app_begin ] --END-- [ RunTime:0.000306s ]

[ 2018-08-16T13:45:25+08:00 ] 221.196.68.47 /Home/Order/car_type_list
INFO: [ app_init ] --START--
INFO: Run Behavior\BuildLiteBehavior [ RunTime:0.000012s ]
INFO: [ app_init ] --END-- [ RunTime:0.000240s ]
INFO: [ app_begin ] --START--
INFO: Run Behavior\ReadHtmlCacheBehavior [ RunTime:0.000310s ]
INFO: [ app_begin ] --END-- [ RunTime:0.000336s ]

[ 2018-08-16T13:45:25+08:00 ] 221.196.68.47 /index.php/Home/Index/login.html
INFO: [ app_init ] --START--
INFO: Run Behavior\BuildLiteBehavior [ RunTime:0.000009s ]
INFO: [ app_init ] --END-- [ RunTime:0.000208s ]
INFO: [ app_begin ] --START--
INFO: Run Behavior\ReadHtmlCacheBehavior [ RunTime:0.000291s ]
INFO: [ app_begin ] --END-- [ RunTime:0.000315s ]
INFO: [ view_parse ] --START--
INFO: [ template_filter ] --START--
INFO: Run Behavior\ContentReplaceBehavior [ RunTime:0.000030s ]
INFO: [ template_filter ] --END-- [ RunTime:0.000055s ]
NOTIC: [8] Undefined index: user_id /www/wwwroot/bus.sz25.net/Application/Runtime/Cache/Home/5b6adcb62ad2b5dfc2abc2cd5e11dc99.php 第 152 行.
NOTIC: [8] Undefined index: user_id /www/wwwroot/bus.sz25.net/Application/Runtime/Cache/Home/5b6adcb62ad2b5dfc2abc2cd5e11dc99.php 第 156 行.
INFO: Run Behavior\ParseTemplateBehavior [ RunTime:0.005025s ]
INFO: [ view_parse ] --END-- [ RunTime:0.005050s ]
INFO: [ view_filter ] --START--
INFO: Run Behavior\WriteHtmlCacheBehavior [ RunTime:0.000128s ]
INFO: [ view_filter ] --END-- [ RunTime:0.000144s ]
INFO: [ app_end ] --START--
INFO: Run Behavior\ShowPageTraceBehavior [ RunTime:0.000399s ]
INFO: [ app_end ] --END-- [ RunTime:0.000423s ]

[ 2018-08-16T13:45:25+08:00 ] 221.196.68.47 /Home/Index/city
INFO: [ app_init ] --START--
INFO: Run Behavior\BuildLiteBehavior [ RunTime:0.000010s ]
INFO: [ app_init ] --END-- [ RunTime:0.000214s ]
INFO: [ app_begin ] --START--
INFO: Run Behavior\ReadHtmlCacheBehavior [ RunTime:0.000288s ]
INFO: [ app_begin ] --END-- [ RunTime:0.000314s ]

[ 2018-08-16T13:45:25+08:00 ] 221.196.68.47 /Home/Index/detail_address
INFO: [ app_init ] --START--
INFO: Run Behavior\BuildLiteBehavior [ RunTime:0.000008s ]
INFO: [ app_init ] --END-- [ RunTime:0.000204s ]
INFO: [ app_begin ] --START--
INFO: Run Behavior\ReadHtmlCacheBehavior [ RunTime:0.000285s ]
INFO: [ app_begin ] --END-- [ RunTime:0.000309s ]

[ 2018-08-16T13:45:30+08:00 ] 221.196.68.47 /index.php/Home/Index/reg.html
INFO: [ app_init ] --START--
INFO: Run Behavior\BuildLiteBehavior [ RunTime:0.000009s ]
INFO: [ app_init ] --END-- [ RunTime:0.000217s ]
INFO: [ app_begin ] --START--
INFO: Run Behavior\ReadHtmlCacheBehavior [ RunTime:0.000282s ]
INFO: [ app_begin ] --END-- [ RunTime:0.000308s ]
INFO: [ view_parse ] --START--
INFO: [ template_filter ] --START--
INFO: Run Behavior\ContentReplaceBehavior [ RunTime:0.000069s ]
INFO: [ template_filter ] --END-- [ RunTime:0.000106s ]
NOTIC: [8] Undefined index: user_id /www/wwwroot/bus.sz25.net/Application/Runtime/Cache/Home/8bb6b0286929b81b0448f2cdcc1e937c.php 第 152 行.
NOTIC: [8] Undefined index: user_id /www/wwwroot/bus.sz25.net/Application/Runtime/Cache/Home/8bb6b0286929b81b0448f2cdcc1e937c.php 第 156 行.
INFO: Run Behavior\ParseTemplateBehavior [ RunTime:0.024476s ]
INFO: [ view_parse ] --END-- [ RunTime:0.024519s ]
INFO: [ view_filter ] --START--
INFO: Run Behavior\WriteHtmlCacheBehavior [ RunTime:0.000145s ]
INFO: [ view_filter ] --END-- [ RunTime:0.000164s ]
INFO: [ app_end ] --START--
INFO: Run Behavior\ShowPageTraceBehavior [ RunTime:0.000453s ]
INFO: [ app_end ] --END-- [ RunTime:0.000484s ]

[ 2018-08-16T13:45:30+08:00 ] 221.196.68.47 /index.php/Home/Index/verify_c.html
INFO: [ app_init ] --START--
INFO: Run Behavior\BuildLiteBehavior [ RunTime:0.000009s ]
INFO: [ app_init ] --END-- [ RunTime:0.000215s ]
INFO: [ app_begin ] --START--
INFO: Run Behavior\ReadHtmlCacheBehavior [ RunTime:0.000311s ]
INFO: [ app_begin ] --END-- [ RunTime:0.000362s ]
INFO: [ app_end ] --START--
INFO: Run Behavior\ShowPageTraceBehavior [ RunTime:0.000352s ]
INFO: [ app_end ] --END-- [ RunTime:0.000394s ]

[ 2018-08-16T13:46:02+08:00 ] 221.196.68.47 /index.php/Home/Index/reg_send.html
INFO: [ app_init ] --START--
INFO: Run Behavior\BuildLiteBehavior [ RunTime:0.000008s ]
INFO: [ app_init ] --END-- [ RunTime:0.000213s ]
INFO: [ app_begin ] --START--
INFO: Run Behavior\ReadHtmlCacheBehavior [ RunTime:0.000305s ]
INFO: [ app_begin ] --END-- [ RunTime:0.000333s ]
NOTIC: [8] Undefined index: company_name /www/wwwroot/bus.sz25.net/Application/Home/Controller/IndexController.class.php 第 79 行.
NOTIC: [8] Undefined index: province /www/wwwroot/bus.sz25.net/Application/Home/Controller/IndexController.class.php 第 80 行.
NOTIC: [8] Undefined index: address /www/wwwroot/bus.sz25.net/Application/Home/Controller/IndexController.class.php 第 81 行.
NOTIC: [8] Undefined index: tel /www/wwwroot/bus.sz25.net/Application/Home/Controller/IndexController.class.php 第 82 行.
SQL: SHOW COLUMNS FROM `tp_users` [ RunTime:0.0005s ]
SQL: SELECT * FROM `tp_users` WHERE ( login_name="65656565" )  [ RunTime:0.0002s ]
SQL: SELECT * FROM `tp_users` WHERE ( mobile="13000000000" )  [ RunTime:0.0002s ]
SQL: INSERT INTO `tp_users` (`login_name`,`password`,`user_name`,`company_name`,`province`,`address`,`tel`,`mobile`,`type`,`create_time`) VALUES ('65656565','8ddcff3a80f4189ca1c9d4d902c3c909','limeng',NULL,NULL,NULL,NULL,'13000000000','1','1534398362') [ RunTime:0.0002s ]
INFO: [ view_parse ] --START--
INFO: [ template_filter ] --START--
INFO: Run Behavior\ContentReplaceBehavior [ RunTime:0.000023s ]
INFO: [ template_filter ] --END-- [ RunTime:0.000051s ]
INFO: Run Behavior\ParseTemplateBehavior [ RunTime:0.002918s ]
INFO: [ view_parse ] --END-- [ RunTime:0.002942s ]
INFO: [ view_filter ] --START--
INFO: Run Behavior\WriteHtmlCacheBehavior [ RunTime:0.000121s ]
INFO: [ view_filter ] --END-- [ RunTime:0.000139s ]
INFO: [ app_end ] --START--
INFO: Run Behavior\ShowPageTraceBehavior [ RunTime:0.000290s ]
INFO: [ app_end ] --END-- [ RunTime:0.000309s ]

[ 2018-08-16T13:46:04+08:00 ] 221.196.68.47 /index.php/Home/Index/index.html
INFO: [ app_init ] --START--
INFO: Run Behavior\BuildLiteBehavior [ RunTime:0.000009s ]
INFO: [ app_init ] --END-- [ RunTime:0.000205s ]
INFO: [ app_begin ] --START--
INFO: Run Behavior\ReadHtmlCacheBehavior [ RunTime:0.000284s ]
INFO: [ app_begin ] --END-- [ RunTime:0.000309s ]
NOTIC: [8] Undefined index: user_id /www/wwwroot/bus.sz25.net/Application/Home/Controller/IndexController.class.php 第 6 行.
NOTIC: [8] Undefined index: user_id /www/wwwroot/bus.sz25.net/Application/Home/Controller/IndexController.class.php 第 8 行.
INFO: [ view_parse ] --START--
INFO: [ template_filter ] --START--
INFO: Run Behavior\ContentReplaceBehavior [ RunTime:0.000065s ]
INFO: [ template_filter ] --END-- [ RunTime:0.000097s ]
NOTIC: [8] Undefined index: user_id /www/wwwroot/bus.sz25.net/Application/Runtime/Cache/Home/2a94b8bda04ff446dcedd42276fc99ee.php 第 152 行.
NOTIC: [8] Undefined index: user_id /www/wwwroot/bus.sz25.net/Application/Runtime/Cache/Home/2a94b8bda04ff446dcedd42276fc99ee.php 第 156 行.
INFO: Run Behavior\ParseTemplateBehavior [ RunTime:0.009143s ]
INFO: [ view_parse ] --END-- [ RunTime:0.009167s ]
INFO: [ view_filter ] --START--
INFO: Run Behavior\WriteHtmlCacheBehavior [ RunTime:0.000132s ]
INFO: [ view_filter ] --END-- [ RunTime:0.000149s ]
INFO: [ app_end ] --START--
INFO: Run Behavior\ShowPageTraceBehavior [ RunTime:0.000443s ]
INFO: [ app_end ] --END-- [ RunTime:0.000476s ]

[ 2018-08-16T13:46:04+08:00 ] 221.196.68.47 /index.php/Home/Index/images/zoom-tblr.png
INFO: [ app_init ] --START--
INFO: Run Behavior\BuildLiteBehavior [ RunTime:0.000008s ]
INFO: [ app_init ] --END-- [ RunTime:0.000216s ]

[ 2018-08-16T13:46:07+08:00 ] 221.196.68.47 /index.php/Home/Index/login.html
INFO: [ app_init ] --START--
INFO: Run Behavior\BuildLiteBehavior [ RunTime:0.000009s ]
INFO: [ app_init ] --END-- [ RunTime:0.000214s ]
INFO: [ app_begin ] --START--
INFO: Run Behavior\ReadHtmlCacheBehavior [ RunTime:0.000291s ]
INFO: [ app_begin ] --END-- [ RunTime:0.000318s ]
INFO: [ view_parse ] --START--
INFO: [ template_filter ] --START--
INFO: Run Behavior\ContentReplaceBehavior [ RunTime:0.000031s ]
INFO: [ template_filter ] --END-- [ RunTime:0.000060s ]
NOTIC: [8] Undefined index: user_id /www/wwwroot/bus.sz25.net/Application/Runtime/Cache/Home/5b6adcb62ad2b5dfc2abc2cd5e11dc99.php 第 152 行.
NOTIC: [8] Undefined index: user_id /www/wwwroot/bus.sz25.net/Application/Runtime/Cache/Home/5b6adcb62ad2b5dfc2abc2cd5e11dc99.php 第 156 行.
INFO: Run Behavior\ParseTemplateBehavior [ RunTime:0.004995s ]
INFO: [ view_parse ] --END-- [ RunTime:0.005020s ]
INFO: [ view_filter ] --START--
INFO: Run Behavior\WriteHtmlCacheBehavior [ RunTime:0.000129s ]
INFO: [ view_filter ] --END-- [ RunTime:0.000146s ]
INFO: [ app_end ] --START--
INFO: Run Behavior\ShowPageTraceBehavior [ RunTime:0.000410s ]
INFO: [ app_end ] --END-- [ RunTime:0.000436s ]

[ 2018-08-16T13:46:12+08:00 ] 221.196.68.47 /index.php/Home/Index/login_send.html
INFO: [ app_init ] --START--
INFO: Run Behavior\BuildLiteBehavior [ RunTime:0.000009s ]
INFO: [ app_init ] --END-- [ RunTime:0.000205s ]
INFO: [ app_begin ] --START--
INFO: Run Behavior\ReadHtmlCacheBehavior [ RunTime:0.000293s ]
INFO: [ app_begin ] --END-- [ RunTime:0.000322s ]
SQL: SHOW COLUMNS FROM `tp_users` [ RunTime:0.0005s ]
SQL: SELECT * FROM `tp_users` WHERE (  `login_name` = '65656565' OR `mobile` = '65656565' ) AND `password` = '8ddcff3a80f4189ca1c9d4d902c3c909' AND `admin_type` = 0 LIMIT 1   [ RunTime:0.0003s ]
NOTIC: [8] A session had already been started - ignoring session_start() /www/wwwroot/bus.sz25.net/Application/Home/Controller/IndexController.class.php 第 56 行.

[ 2018-08-16T13:46:12+08:00 ] 221.196.68.47 /index.php/Home/Index/index.html
INFO: [ app_init ] --START--
INFO: Run Behavior\BuildLiteBehavior [ RunTime:0.000011s ]
INFO: [ app_init ] --END-- [ RunTime:0.000259s ]
INFO: [ app_begin ] --START--
INFO: Run Behavior\ReadHtmlCacheBehavior [ RunTime:0.000281s ]
INFO: [ app_begin ] --END-- [ RunTime:0.000307s ]
SQL: SHOW COLUMNS FROM `tp_users` [ RunTime:0.0005s ]
SQL: SELECT * FROM `tp_users` WHERE ( id='33' ) LIMIT 1   [ RunTime:0.0002s ]
INFO: [ view_parse ] --START--
INFO: [ template_filter ] --START--
INFO: Run Behavior\ContentReplaceBehavior [ RunTime:0.000069s ]
INFO: [ template_filter ] --END-- [ RunTime:0.000103s ]
INFO: Run Behavior\ParseTemplateBehavior [ RunTime:0.009000s ]
INFO: [ view_parse ] --END-- [ RunTime:0.009026s ]
INFO: [ view_filter ] --START--
INFO: Run Behavior\WriteHtmlCacheBehavior [ RunTime:0.000125s ]
INFO: [ view_filter ] --END-- [ RunTime:0.000142s ]
INFO: [ app_end ] --START--
INFO: Run Behavior\ShowPageTraceBehavior [ RunTime:0.000408s ]
INFO: [ app_end ] --END-- [ RunTime:0.000438s ]

[ 2018-08-16T13:46:12+08:00 ] 221.196.68.47 /index.php/Home/Index/images/zoom-tblr.png
INFO: [ app_init ] --START--
INFO: Run Behavior\BuildLiteBehavior [ RunTime:0.000009s ]
INFO: [ app_init ] --END-- [ RunTime:0.000208s ]

[ 2018-08-16T13:46:15+08:00 ] 221.196.68.47 /index.php/Home/Order/shuttle_order.html
INFO: [ app_init ] --START--
INFO: Run Behavior\BuildLiteBehavior [ RunTime:0.000008s ]
INFO: [ app_init ] --END-- [ RunTime:0.000217s ]
INFO: [ app_begin ] --START--
INFO: Run Behavior\ReadHtmlCacheBehavior [ RunTime:0.000320s ]
INFO: [ app_begin ] --END-- [ RunTime:0.000352s ]
INFO: [ view_parse ] --START--
INFO: [ template_filter ] --START--
INFO: Run Behavior\ContentReplaceBehavior [ RunTime:0.000049s ]
INFO: [ template_filter ] --END-- [ RunTime:0.000083s ]
INFO: Run Behavior\ParseTemplateBehavior [ RunTime:0.006324s ]
INFO: [ view_parse ] --END-- [ RunTime:0.006352s ]
INFO: [ view_filter ] --START--
INFO: Run Behavior\WriteHtmlCacheBehavior [ RunTime:0.000127s ]
INFO: [ view_filter ] --END-- [ RunTime:0.000144s ]
INFO: [ app_end ] --START--
INFO: Run Behavior\ShowPageTraceBehavior [ RunTime:0.000405s ]
INFO: [ app_end ] --END-- [ RunTime:0.000431s ]

[ 2018-08-16T13:46:15+08:00 ] 221.196.68.47 /Home/Index/city
INFO: [ app_init ] --START--
INFO: Run Behavior\BuildLiteBehavior [ RunTime:0.000009s ]
INFO: [ app_init ] --END-- [ RunTime:0.000206s ]
INFO: [ app_begin ] --START--
INFO: Run Behavior\ReadHtmlCacheBehavior [ RunTime:0.000286s ]
INFO: [ app_begin ] --END-- [ RunTime:0.000310s ]

[ 2018-08-16T13:46:15+08:00 ] 221.196.68.47 /Home/Order/car_type_list
INFO: [ app_init ] --START--
INFO: Run Behavior\BuildLiteBehavior [ RunTime:0.000010s ]
INFO: [ app_init ] --END-- [ RunTime:0.000199s ]
INFO: [ app_begin ] --START--
INFO: Run Behavior\ReadHtmlCacheBehavior [ RunTime:0.000272s ]
INFO: [ app_begin ] --END-- [ RunTime:0.000295s ]
SQL: SHOW COLUMNS FROM `tp_car` [ RunTime:0.0004s ]
SQL: SELECT * FROM `tp_car` WHERE `is_show` = 0 AND `car_type` LIKE '%2%'  [ RunTime:0.0003s ]

[ 2018-08-16T13:46:16+08:00 ] 221.196.68.47 /Home/Index/city
INFO: [ app_init ] --START--
INFO: Run Behavior\BuildLiteBehavior [ RunTime:0.000010s ]
INFO: [ app_init ] --END-- [ RunTime:0.000212s ]
INFO: [ app_begin ] --START--
INFO: Run Behavior\ReadHtmlCacheBehavior [ RunTime:0.000287s ]
INFO: [ app_begin ] --END-- [ RunTime:0.000312s ]

[ 2018-08-16T13:46:16+08:00 ] 221.196.68.47 /Home/Index/detail_address
INFO: [ app_init ] --START--
INFO: Run Behavior\BuildLiteBehavior [ RunTime:0.000009s ]
INFO: [ app_init ] --END-- [ RunTime:0.000229s ]
INFO: [ app_begin ] --START--
INFO: Run Behavior\ReadHtmlCacheBehavior [ RunTime:0.000300s ]
INFO: [ app_begin ] --END-- [ RunTime:0.000324s ]

[ 2018-08-16T13:46:28+08:00 ] 221.196.68.47 /Home/Order/car_type_list
INFO: [ app_init ] --START--
INFO: Run Behavior\BuildLiteBehavior [ RunTime:0.000008s ]
INFO: [ app_init ] --END-- [ RunTime:0.000208s ]
INFO: [ app_begin ] --START--
INFO: Run Behavior\ReadHtmlCacheBehavior [ RunTime:0.000272s ]
INFO: [ app_begin ] --END-- [ RunTime:0.000295s ]
SQL: SHOW COLUMNS FROM `tp_car` [ RunTime:0.0004s ]
SQL: SELECT * FROM `tp_car` WHERE `is_show` = 0 AND `car_type` LIKE '%2%'  [ RunTime:0.0001s ]

[ 2018-08-16T13:46:28+08:00 ] 221.196.68.47 /Home/Order/car_list
INFO: [ app_init ] --START--
INFO: Run Behavior\BuildLiteBehavior [ RunTime:0.000008s ]
INFO: [ app_init ] --END-- [ RunTime:0.000203s ]
INFO: [ app_begin ] --START--
INFO: Run Behavior\ReadHtmlCacheBehavior [ RunTime:0.000278s ]
INFO: [ app_begin ] --END-- [ RunTime:0.000303s ]
SQL: SHOW COLUMNS FROM `tp_car` [ RunTime:0.0004s ]
SQL: SELECT * FROM `tp_car` WHERE `car_type` LIKE '%2%' AND `is_show` = 0  [ RunTime:0.0003s ]

[ 2018-08-16T16:50:55+08:00 ] 221.196.68.47 /
INFO: [ app_init ] --START--
INFO: Run Behavior\BuildLiteBehavior [ RunTime:0.000010s ]
INFO: [ app_init ] --END-- [ RunTime:0.000211s ]
INFO: [ app_begin ] --START--
INFO: Run Behavior\ReadHtmlCacheBehavior [ RunTime:0.000295s ]
INFO: [ app_begin ] --END-- [ RunTime:0.000322s ]
SQL: SHOW COLUMNS FROM `tp_users` [ RunTime:0.0005s ]
SQL: SELECT * FROM `tp_users` WHERE ( id='33' ) LIMIT 1   [ RunTime:0.0001s ]
INFO: [ view_parse ] --START--
INFO: [ template_filter ] --START--
INFO: Run Behavior\ContentReplaceBehavior [ RunTime:0.000065s ]
INFO: [ template_filter ] --END-- [ RunTime:0.000095s ]
INFO: Run Behavior\ParseTemplateBehavior [ RunTime:0.008757s ]
INFO: [ view_parse ] --END-- [ RunTime:0.008784s ]
INFO: [ view_filter ] --START--
INFO: Run Behavior\WriteHtmlCacheBehavior [ RunTime:0.000131s ]
INFO: [ view_filter ] --END-- [ RunTime:0.000149s ]
INFO: [ app_end ] --START--
INFO: Run Behavior\ShowPageTraceBehavior [ RunTime:0.000411s ]
INFO: [ app_end ] --END-- [ RunTime:0.000441s ]

[ 2018-08-16T16:51:25+08:00 ] 221.196.68.47 /index.php/Home/Index/layout.html
INFO: [ app_init ] --START--
INFO: Run Behavior\BuildLiteBehavior [ RunTime:0.000009s ]
INFO: [ app_init ] --END-- [ RunTime:0.000207s ]
INFO: [ app_begin ] --START--
INFO: Run Behavior\ReadHtmlCacheBehavior [ RunTime:0.000291s ]
INFO: [ app_begin ] --END-- [ RunTime:0.000323s ]

[ 2018-08-16T16:51:25+08:00 ] 221.196.68.47 /index.php/Home/Index/index.html
INFO: [ app_init ] --START--
INFO: Run Behavior\BuildLiteBehavior [ RunTime:0.000009s ]
INFO: [ app_init ] --END-- [ RunTime:0.000214s ]
INFO: [ app_begin ] --START--
INFO: Run Behavior\ReadHtmlCacheBehavior [ RunTime:0.000277s ]
INFO: [ app_begin ] --END-- [ RunTime:0.000302s ]
NOTIC: [8] Undefined index: user_id /www/wwwroot/bus.sz25.net/Application/Home/Controller/IndexController.class.php 第 6 行.
NOTIC: [8] Undefined index: user_id /www/wwwroot/bus.sz25.net/Application/Home/Controller/IndexController.class.php 第 8 行.
INFO: [ view_parse ] --START--
INFO: [ template_filter ] --START--
INFO: Run Behavior\ContentReplaceBehavior [ RunTime:0.000062s ]
INFO: [ template_filter ] --END-- [ RunTime:0.000090s ]
NOTIC: [8] Undefined index: user_id /www/wwwroot/bus.sz25.net/Application/Runtime/Cache/Home/2a94b8bda04ff446dcedd42276fc99ee.php 第 152 行.
NOTIC: [8] Undefined index: user_id /www/wwwroot/bus.sz25.net/Application/Runtime/Cache/Home/2a94b8bda04ff446dcedd42276fc99ee.php 第 156 行.
INFO: Run Behavior\ParseTemplateBehavior [ RunTime:0.008399s ]
INFO: [ view_parse ] --END-- [ RunTime:0.008422s ]
INFO: [ view_filter ] --START--
INFO: Run Behavior\WriteHtmlCacheBehavior [ RunTime:0.000127s ]
INFO: [ view_filter ] --END-- [ RunTime:0.000148s ]
INFO: [ app_end ] --START--
INFO: Run Behavior\ShowPageTraceBehavior [ RunTime:0.000417s ]
INFO: [ app_end ] --END-- [ RunTime:0.000448s ]

[ 2018-08-16T16:51:25+08:00 ] 221.196.68.47 /index.php/Home/Index/images/zoom-tblr.png
INFO: [ app_init ] --START--
INFO: Run Behavior\BuildLiteBehavior [ RunTime:0.000009s ]
INFO: [ app_init ] --END-- [ RunTime:0.000218s ]

[ 2018-08-16T16:51:27+08:00 ] 221.196.68.47 /index.php/Home/Index/login.html
INFO: [ app_init ] --START--
INFO: Run Behavior\BuildLiteBehavior [ RunTime:0.000010s ]
INFO: [ app_init ] --END-- [ RunTime:0.000209s ]
INFO: [ app_begin ] --START--
INFO: Run Behavior\ReadHtmlCacheBehavior [ RunTime:0.000284s ]
INFO: [ app_begin ] --END-- [ RunTime:0.000310s ]
INFO: [ view_parse ] --START--
INFO: [ template_filter ] --START--
INFO: Run Behavior\ContentReplaceBehavior [ RunTime:0.000029s ]
INFO: [ template_filter ] --END-- [ RunTime:0.000059s ]
NOTIC: [8] Undefined index: user_id /www/wwwroot/bus.sz25.net/Application/Runtime/Cache/Home/5b6adcb62ad2b5dfc2abc2cd5e11dc99.php 第 152 行.
NOTIC: [8] Undefined index: user_id /www/wwwroot/bus.sz25.net/Application/Runtime/Cache/Home/5b6adcb62ad2b5dfc2abc2cd5e11dc99.php 第 156 行.
INFO: Run Behavior\ParseTemplateBehavior [ RunTime:0.004894s ]
INFO: [ view_parse ] --END-- [ RunTime:0.004920s ]
INFO: [ view_filter ] --START--
INFO: Run Behavior\WriteHtmlCacheBehavior [ RunTime:0.000127s ]
INFO: [ view_filter ] --END-- [ RunTime:0.000144s ]
INFO: [ app_end ] --START--
INFO: Run Behavior\ShowPageTraceBehavior [ RunTime:0.000373s ]
INFO: [ app_end ] --END-- [ RunTime:0.000399s ]

[ 2018-08-16T16:51:34+08:00 ] 221.196.68.47 /index.php/Home/Index/login_send.html
INFO: [ app_init ] --START--
INFO: Run Behavior\BuildLiteBehavior [ RunTime:0.000008s ]
INFO: [ app_init ] --END-- [ RunTime:0.000206s ]
INFO: [ app_begin ] --START--
INFO: Run Behavior\ReadHtmlCacheBehavior [ RunTime:0.000285s ]
INFO: [ app_begin ] --END-- [ RunTime:0.000311s ]
SQL: SHOW COLUMNS FROM `tp_users` [ RunTime:0.0005s ]
SQL: SELECT * FROM `tp_users` WHERE (  `login_name` = 'admin' OR `mobile` = 'admin' ) AND `password` = 'e10adc3949ba59abbe56e057f20f883e' AND `admin_type` = 0 LIMIT 1   [ RunTime:0.0002s ]
INFO: [ view_parse ] --START--
INFO: [ template_filter ] --START--
INFO: Run Behavior\ContentReplaceBehavior [ RunTime:0.000023s ]
INFO: [ template_filter ] --END-- [ RunTime:0.000049s ]
INFO: Run Behavior\ParseTemplateBehavior [ RunTime:0.002849s ]
INFO: [ view_parse ] --END-- [ RunTime:0.002872s ]
INFO: [ view_filter ] --START--
INFO: Run Behavior\WriteHtmlCacheBehavior [ RunTime:0.000118s ]
INFO: [ view_filter ] --END-- [ RunTime:0.000136s ]

[ 2018-08-16T16:51:42+08:00 ] 221.196.68.47 /index.php/Home/Order/shuttle_travel.html
INFO: [ app_init ] --START--
INFO: Run Behavior\BuildLiteBehavior [ RunTime:0.000009s ]
INFO: [ app_init ] --END-- [ RunTime:0.000220s ]
INFO: [ app_begin ] --START--
INFO: Run Behavior\ReadHtmlCacheBehavior [ RunTime:0.000303s ]
INFO: [ app_begin ] --END-- [ RunTime:0.000329s ]

[ 2018-08-16T16:51:42+08:00 ] 221.196.68.47 /index.php/Home/Index/login.html
INFO: [ app_init ] --START--
INFO: Run Behavior\BuildLiteBehavior [ RunTime:0.000008s ]
INFO: [ app_init ] --END-- [ RunTime:0.000200s ]
INFO: [ app_begin ] --START--
INFO: Run Behavior\ReadHtmlCacheBehavior [ RunTime:0.000285s ]
INFO: [ app_begin ] --END-- [ RunTime:0.000313s ]
INFO: [ view_parse ] --START--
INFO: [ template_filter ] --START--
INFO: Run Behavior\ContentReplaceBehavior [ RunTime:0.000028s ]
INFO: [ template_filter ] --END-- [ RunTime:0.000054s ]
NOTIC: [8] Undefined index: user_id /www/wwwroot/bus.sz25.net/Application/Runtime/Cache/Home/5b6adcb62ad2b5dfc2abc2cd5e11dc99.php 第 152 行.
NOTIC: [8] Undefined index: user_id /www/wwwroot/bus.sz25.net/Application/Runtime/Cache/Home/5b6adcb62ad2b5dfc2abc2cd5e11dc99.php 第 156 行.
INFO: Run Behavior\ParseTemplateBehavior [ RunTime:0.004879s ]
INFO: [ view_parse ] --END-- [ RunTime:0.004911s ]
INFO: [ view_filter ] --START--
INFO: Run Behavior\WriteHtmlCacheBehavior [ RunTime:0.000142s ]
INFO: [ view_filter ] --END-- [ RunTime:0.000162s ]
INFO: [ app_end ] --START--
INFO: Run Behavior\ShowPageTraceBehavior [ RunTime:0.000388s ]
INFO: [ app_end ] --END-- [ RunTime:0.000413s ]

[ 2018-08-16T16:51:47+08:00 ] 221.196.68.47 /index.php/Home/Index/login_send.html
INFO: [ app_init ] --START--
INFO: Run Behavior\BuildLiteBehavior [ RunTime:0.000009s ]
INFO: [ app_init ] --END-- [ RunTime:0.000201s ]
INFO: [ app_begin ] --START--
INFO: Run Behavior\ReadHtmlCacheBehavior [ RunTime:0.000278s ]
INFO: [ app_begin ] --END-- [ RunTime:0.000306s ]
SQL: SHOW COLUMNS FROM `tp_users` [ RunTime:0.0005s ]
SQL: SELECT * FROM `tp_users` WHERE (  `login_name` = '65656565' OR `mobile` = '65656565' ) AND `password` = '8ddcff3a80f4189ca1c9d4d902c3c909' AND `admin_type` = 0 LIMIT 1   [ RunTime:0.0001s ]
NOTIC: [8] A session had already been started - ignoring session_start() /www/wwwroot/bus.sz25.net/Application/Home/Controller/IndexController.class.php 第 56 行.

[ 2018-08-16T16:51:48+08:00 ] 221.196.68.47 /index.php/Home/Index/index.html
INFO: [ app_init ] --START--
INFO: Run Behavior\BuildLiteBehavior [ RunTime:0.000009s ]
INFO: [ app_init ] --END-- [ RunTime:0.000203s ]
INFO: [ app_begin ] --START--
INFO: Run Behavior\ReadHtmlCacheBehavior [ RunTime:0.000273s ]
INFO: [ app_begin ] --END-- [ RunTime:0.000299s ]
SQL: SHOW COLUMNS FROM `tp_users` [ RunTime:0.0004s ]
SQL: SELECT * FROM `tp_users` WHERE ( id='33' ) LIMIT 1   [ RunTime:0.0001s ]
INFO: [ view_parse ] --START--
INFO: [ template_filter ] --START--
INFO: Run Behavior\ContentReplaceBehavior [ RunTime:0.000068s ]
INFO: [ template_filter ] --END-- [ RunTime:0.000097s ]
INFO: Run Behavior\ParseTemplateBehavior [ RunTime:0.008470s ]
INFO: [ view_parse ] --END-- [ RunTime:0.008495s ]
INFO: [ view_filter ] --START--
INFO: Run Behavior\WriteHtmlCacheBehavior [ RunTime:0.000138s ]
INFO: [ view_filter ] --END-- [ RunTime:0.000155s ]
INFO: [ app_end ] --START--
INFO: Run Behavior\ShowPageTraceBehavior [ RunTime:0.000423s ]
INFO: [ app_end ] --END-- [ RunTime:0.000452s ]

[ 2018-08-16T16:51:48+08:00 ] 221.196.68.47 /index.php/Home/Index/images/zoom-tblr.png
INFO: [ app_init ] --START--
INFO: Run Behavior\BuildLiteBehavior [ RunTime:0.000008s ]
INFO: [ app_init ] --END-- [ RunTime:0.000197s ]

[ 2018-08-16T16:51:50+08:00 ] 221.196.68.47 /index.php/Home/Order/shuttle_order.html
INFO: [ app_init ] --START--
INFO: Run Behavior\BuildLiteBehavior [ RunTime:0.000009s ]
INFO: [ app_init ] --END-- [ RunTime:0.000200s ]
INFO: [ app_begin ] --START--
INFO: Run Behavior\ReadHtmlCacheBehavior [ RunTime:0.000288s ]
INFO: [ app_begin ] --END-- [ RunTime:0.000316s ]
INFO: [ view_parse ] --START--
INFO: [ template_filter ] --START--
INFO: Run Behavior\ContentReplaceBehavior [ RunTime:0.000038s ]
INFO: [ template_filter ] --END-- [ RunTime:0.000064s ]
INFO: Run Behavior\ParseTemplateBehavior [ RunTime:0.005511s ]
INFO: [ view_parse ] --END-- [ RunTime:0.005538s ]
INFO: [ view_filter ] --START--
INFO: Run Behavior\WriteHtmlCacheBehavior [ RunTime:0.000127s ]
INFO: [ view_filter ] --END-- [ RunTime:0.000144s ]
INFO: [ app_end ] --START--
INFO: Run Behavior\ShowPageTraceBehavior [ RunTime:0.000388s ]
INFO: [ app_end ] --END-- [ RunTime:0.000414s ]

[ 2018-08-16T16:51:50+08:00 ] 221.196.68.47 /Home/Index/city
INFO: [ app_init ] --START--
INFO: Run Behavior\BuildLiteBehavior [ RunTime:0.000009s ]
INFO: [ app_init ] --END-- [ RunTime:0.000196s ]
INFO: [ app_begin ] --START--
INFO: Run Behavior\ReadHtmlCacheBehavior [ RunTime:0.000269s ]
INFO: [ app_begin ] --END-- [ RunTime:0.000292s ]

[ 2018-08-16T16:51:50+08:00 ] 221.196.68.47 /Home/Order/car_type_list
INFO: [ app_init ] --START--
INFO: Run Behavior\BuildLiteBehavior [ RunTime:0.000008s ]
INFO: [ app_init ] --END-- [ RunTime:0.000208s ]
INFO: [ app_begin ] --START--
INFO: Run Behavior\ReadHtmlCacheBehavior [ RunTime:0.000294s ]
INFO: [ app_begin ] --END-- [ RunTime:0.000326s ]
SQL: SHOW COLUMNS FROM `tp_car` [ RunTime:0.0004s ]
SQL: SELECT * FROM `tp_car` WHERE `is_show` = 0 AND `car_type` LIKE '%2%'  [ RunTime:0.0001s ]

[ 2018-08-16T16:51:50+08:00 ] 221.196.68.47 /Home/Index/city
INFO: [ app_init ] --START--
INFO: Run Behavior\BuildLiteBehavior [ RunTime:0.000008s ]
INFO: [ app_init ] --END-- [ RunTime:0.000204s ]
INFO: [ app_begin ] --START--
INFO: Run Behavior\ReadHtmlCacheBehavior [ RunTime:0.000288s ]
INFO: [ app_begin ] --END-- [ RunTime:0.000314s ]

[ 2018-08-16T16:51:51+08:00 ] 221.196.68.47 /Home/Index/detail_address
INFO: [ app_init ] --START--
INFO: Run Behavior\BuildLiteBehavior [ RunTime:0.000010s ]
INFO: [ app_init ] --END-- [ RunTime:0.000221s ]
INFO: [ app_begin ] --START--
INFO: Run Behavior\ReadHtmlCacheBehavior [ RunTime:0.000301s ]
INFO: [ app_begin ] --END-- [ RunTime:0.000326s ]

[ 2018-08-16T16:51:51+08:00 ] 221.196.68.47 /index.php/Home/Order/rent_order.html
INFO: [ app_init ] --START--
INFO: Run Behavior\BuildLiteBehavior [ RunTime:0.000009s ]
INFO: [ app_init ] --END-- [ RunTime:0.000212s ]
INFO: [ app_begin ] --START--
INFO: Run Behavior\ReadHtmlCacheBehavior [ RunTime:0.000280s ]
INFO: [ app_begin ] --END-- [ RunTime:0.000306s ]
INFO: [ view_parse ] --START--
INFO: [ template_filter ] --START--
INFO: Run Behavior\ContentReplaceBehavior [ RunTime:0.000043s ]
INFO: [ template_filter ] --END-- [ RunTime:0.000070s ]
INFO: Run Behavior\ParseTemplateBehavior [ RunTime:0.006364s ]
INFO: [ view_parse ] --END-- [ RunTime:0.006391s ]
INFO: [ view_filter ] --START--
INFO: Run Behavior\WriteHtmlCacheBehavior [ RunTime:0.000131s ]
INFO: [ view_filter ] --END-- [ RunTime:0.000149s ]
INFO: [ app_end ] --START--
INFO: Run Behavior\ShowPageTraceBehavior [ RunTime:0.000402s ]
INFO: [ app_end ] --END-- [ RunTime:0.000430s ]

[ 2018-08-16T16:51:52+08:00 ] 221.196.68.47 /Home/Index/city
INFO: [ app_init ] --START--
INFO: Run Behavior\BuildLiteBehavior [ RunTime:0.000010s ]
INFO: [ app_init ] --END-- [ RunTime:0.000215s ]
INFO: [ app_begin ] --START--
INFO: Run Behavior\ReadHtmlCacheBehavior [ RunTime:0.000300s ]
INFO: [ app_begin ] --END-- [ RunTime:0.000328s ]

[ 2018-08-16T16:51:52+08:00 ] 221.196.68.47 /Home/Order/car_type_list
INFO: [ app_init ] --START--
INFO: Run Behavior\BuildLiteBehavior [ RunTime:0.000012s ]
INFO: [ app_init ] --END-- [ RunTime:0.000230s ]
INFO: [ app_begin ] --START--
INFO: Run Behavior\ReadHtmlCacheBehavior [ RunTime:0.000303s ]
INFO: [ app_begin ] --END-- [ RunTime:0.000333s ]
SQL: SHOW COLUMNS FROM `tp_car` [ RunTime:0.0005s ]
SQL: SELECT * FROM `tp_car` WHERE `is_show` = 0 AND `car_type` LIKE '%1%'  [ RunTime:0.0001s ]

[ 2018-08-16T16:51:52+08:00 ] 221.196.68.47 /Home/Order/car_list
INFO: [ app_init ] --START--
INFO: Run Behavior\BuildLiteBehavior [ RunTime:0.000009s ]
INFO: [ app_init ] --END-- [ RunTime:0.000204s ]
INFO: [ app_begin ] --START--
INFO: Run Behavior\ReadHtmlCacheBehavior [ RunTime:0.000282s ]
INFO: [ app_begin ] --END-- [ RunTime:0.000305s ]
SQL: SHOW COLUMNS FROM `tp_car` [ RunTime:0.0004s ]
SQL: SELECT * FROM `tp_car` WHERE `car_type` LIKE '%1%' AND `is_show` = 0  [ RunTime:0.0001s ]

[ 2018-08-16T16:51:52+08:00 ] 221.196.68.47 /Home/Order/car_type_list
INFO: [ app_init ] --START--
INFO: Run Behavior\BuildLiteBehavior [ RunTime:0.000008s ]
INFO: [ app_init ] --END-- [ RunTime:0.000216s ]
INFO: [ app_begin ] --START--
INFO: Run Behavior\ReadHtmlCacheBehavior [ RunTime:0.000286s ]
INFO: [ app_begin ] --END-- [ RunTime:0.000312s ]
SQL: SHOW COLUMNS FROM `tp_car` [ RunTime:0.0004s ]
SQL: SELECT * FROM `tp_car` WHERE `is_show` = 0 AND `car_type` LIKE '%1%'  [ RunTime:0.0001s ]

[ 2018-08-16T16:52:03+08:00 ] 221.196.68.47 /Home/Order/car_list
INFO: [ app_init ] --START--
INFO: Run Behavior\BuildLiteBehavior [ RunTime:0.000009s ]
INFO: [ app_init ] --END-- [ RunTime:0.000220s ]
INFO: [ app_begin ] --START--
INFO: Run Behavior\ReadHtmlCacheBehavior [ RunTime:0.000291s ]
INFO: [ app_begin ] --END-- [ RunTime:0.000315s ]
SQL: SHOW COLUMNS FROM `tp_car` [ RunTime:0.0004s ]
SQL: SELECT * FROM `tp_car` WHERE `car_type` LIKE '%1%' AND `is_show` = 0  [ RunTime:0.0001s ]

[ 2018-08-16T16:52:03+08:00 ] 221.196.68.47 /Home/Order/car_type_list
INFO: [ app_init ] --START--
INFO: Run Behavior\BuildLiteBehavior [ RunTime:0.000008s ]
INFO: [ app_init ] --END-- [ RunTime:0.000203s ]
INFO: [ app_begin ] --START--
INFO: Run Behavior\ReadHtmlCacheBehavior [ RunTime:0.000315s ]
INFO: [ app_begin ] --END-- [ RunTime:0.000342s ]
SQL: SHOW COLUMNS FROM `tp_car` [ RunTime:0.0004s ]
SQL: SELECT * FROM `tp_car` WHERE `is_show` = 0 AND `car_type` LIKE '%1%'  [ RunTime:0.0001s ]

[ 2018-08-16T16:52:14+08:00 ] 221.196.68.47 /index.php/Home/Order/shuttle_order.html
INFO: [ app_init ] --START--
INFO: Run Behavior\BuildLiteBehavior [ RunTime:0.000010s ]
INFO: [ app_init ] --END-- [ RunTime:0.000218s ]
INFO: [ app_begin ] --START--
INFO: Run Behavior\ReadHtmlCacheBehavior [ RunTime:0.000291s ]
INFO: [ app_begin ] --END-- [ RunTime:0.000317s ]
INFO: [ view_parse ] --START--
INFO: [ template_filter ] --START--
INFO: Run Behavior\ContentReplaceBehavior [ RunTime:0.000038s ]
INFO: [ template_filter ] --END-- [ RunTime:0.000066s ]
INFO: Run Behavior\ParseTemplateBehavior [ RunTime:0.005664s ]
INFO: [ view_parse ] --END-- [ RunTime:0.005696s ]
INFO: [ view_filter ] --START--
INFO: Run Behavior\WriteHtmlCacheBehavior [ RunTime:0.000134s ]
INFO: [ view_filter ] --END-- [ RunTime:0.000152s ]
INFO: [ app_end ] --START--
INFO: Run Behavior\ShowPageTraceBehavior [ RunTime:0.000388s ]
INFO: [ app_end ] --END-- [ RunTime:0.000415s ]

[ 2018-08-16T16:52:14+08:00 ] 221.196.68.47 /Home/Index/city
INFO: [ app_init ] --START--
INFO: Run Behavior\BuildLiteBehavior [ RunTime:0.000008s ]
INFO: [ app_init ] --END-- [ RunTime:0.000195s ]
INFO: [ app_begin ] --START--
INFO: Run Behavior\ReadHtmlCacheBehavior [ RunTime:0.000267s ]
INFO: [ app_begin ] --END-- [ RunTime:0.000300s ]

[ 2018-08-16T16:52:14+08:00 ] 221.196.68.47 /Home/Order/car_type_list
INFO: [ app_init ] --START--
INFO: Run Behavior\BuildLiteBehavior [ RunTime:0.000009s ]
INFO: [ app_init ] --END-- [ RunTime:0.000212s ]
INFO: [ app_begin ] --START--
INFO: Run Behavior\ReadHtmlCacheBehavior [ RunTime:0.000283s ]
INFO: [ app_begin ] --END-- [ RunTime:0.000310s ]
SQL: SHOW COLUMNS FROM `tp_car` [ RunTime:0.0005s ]
SQL: SELECT * FROM `tp_car` WHERE `is_show` = 0 AND `car_type` LIKE '%2%'  [ RunTime:0.0001s ]

[ 2018-08-16T16:52:14+08:00 ] 221.196.68.47 /Home/Index/city
INFO: [ app_init ] --START--
INFO: Run Behavior\BuildLiteBehavior [ RunTime:0.000009s ]
INFO: [ app_init ] --END-- [ RunTime:0.000213s ]
INFO: [ app_begin ] --START--
INFO: Run Behavior\ReadHtmlCacheBehavior [ RunTime:0.000288s ]
INFO: [ app_begin ] --END-- [ RunTime:0.000313s ]

[ 2018-08-16T16:52:14+08:00 ] 221.196.68.47 /Home/Index/detail_address
INFO: [ app_init ] --START--
INFO: Run Behavior\BuildLiteBehavior [ RunTime:0.000009s ]
INFO: [ app_init ] --END-- [ RunTime:0.000223s ]
INFO: [ app_begin ] --START--
INFO: Run Behavior\ReadHtmlCacheBehavior [ RunTime:0.000285s ]
INFO: [ app_begin ] --END-- [ RunTime:0.000309s ]

[ 2018-08-16T16:52:29+08:00 ] 221.196.68.47 /Home/Order/car_type_list
INFO: [ app_init ] --START--
INFO: Run Behavior\BuildLiteBehavior [ RunTime:0.000008s ]
INFO: [ app_init ] --END-- [ RunTime:0.000212s ]
INFO: [ app_begin ] --START--
INFO: Run Behavior\ReadHtmlCacheBehavior [ RunTime:0.000296s ]
INFO: [ app_begin ] --END-- [ RunTime:0.000324s ]
SQL: SHOW COLUMNS FROM `tp_car` [ RunTime:0.0004s ]
SQL: SELECT * FROM `tp_car` WHERE `is_show` = 0 AND `car_type` LIKE '%2%'  [ RunTime:0.0001s ]

[ 2018-08-16T16:52:29+08:00 ] 221.196.68.47 /Home/Order/car_list
INFO: [ app_init ] --START--
INFO: Run Behavior\BuildLiteBehavior [ RunTime:0.000008s ]
INFO: [ app_init ] --END-- [ RunTime:0.000207s ]
INFO: [ app_begin ] --START--
INFO: Run Behavior\ReadHtmlCacheBehavior [ RunTime:0.000278s ]
INFO: [ app_begin ] --END-- [ RunTime:0.000302s ]
SQL: SHOW COLUMNS FROM `tp_car` [ RunTime:0.0004s ]
SQL: SELECT * FROM `tp_car` WHERE `car_type` LIKE '%2%' AND `is_show` = 0  [ RunTime:0.0001s ]

[ 2018-08-16T16:52:41+08:00 ] 221.196.68.47 /Home/Order/shuttle_order_pay
INFO: [ app_init ] --START--
INFO: Run Behavior\BuildLiteBehavior [ RunTime:0.000009s ]
INFO: [ app_init ] --END-- [ RunTime:0.000213s ]
INFO: [ app_begin ] --START--
INFO: Run Behavior\ReadHtmlCacheBehavior [ RunTime:0.000342s ]
INFO: [ app_begin ] --END-- [ RunTime:0.000370s ]
SQL: SHOW COLUMNS FROM `tp_order` [ RunTime:0.0109s ]
SQL: INSERT INTO `tp_order` (`user_id`,`car_id`,`order_num`,`order_type`,`travel_username`,`travel_mobile`,`transport_time`,`order_status`,`create_time`) VALUES ('33','2','F1534409561','2','lixin','13000000000','1534464000','1','1534409561') [ RunTime:0.0008s ]
SQL: SHOW COLUMNS FROM `tp_busline` [ RunTime:0.0070s ]
SQL: INSERT INTO `tp_busline` (`order_id`,`transport_time`,`travel_start`,`fromjw`,`travel_end`,`end_address`,`tojw`,`service_type`) VALUES ('94','1534464000','北京首都国际机场','116.366240,39.912863','北京','西城区市政','116.397088,39.791277','1') [ RunTime:0.0010s ]
SQL: SHOW COLUMNS FROM `tp_car` [ RunTime:0.0003s ]
SQL: SELECT `car_price`,`car_name` FROM `tp_car` WHERE ( id='2' ) LIMIT 1   [ RunTime:0.0002s ]
INFO: [ view_parse ] --START--
INFO: [ template_filter ] --START--
INFO: Run Behavior\ContentReplaceBehavior [ RunTime:0.000041s ]
INFO: [ template_filter ] --END-- [ RunTime:0.000083s ]
NOTIC: [8] Undefined variable: city_name /www/wwwroot/bus.sz25.net/Application/Runtime/Cache/Home/42060f424b0011d4de22f68c201e12d6.php 第 198 行.
NOTIC: [8] Undefined variable: days /www/wwwroot/bus.sz25.net/Application/Runtime/Cache/Home/42060f424b0011d4de22f68c201e12d6.php 第 199 行.
INFO: Run Behavior\ParseTemplateBehavior [ RunTime:0.044898s ]
INFO: [ view_parse ] --END-- [ RunTime:0.044923s ]
INFO: [ view_filter ] --START--
INFO: Run Behavior\WriteHtmlCacheBehavior [ RunTime:0.000147s ]
INFO: [ view_filter ] --END-- [ RunTime:0.000165s ]
INFO: [ app_end ] --START--
INFO: Run Behavior\ShowPageTraceBehavior [ RunTime:0.000328s ]
INFO: [ app_end ] --END-- [ RunTime:0.000350s ]

[ 2018-08-16T16:52:45+08:00 ] 221.196.68.47 /index.php/Home/Order/wxpay.html
INFO: [ app_init ] --START--
INFO: Run Behavior\BuildLiteBehavior [ RunTime:0.000009s ]
INFO: [ app_init ] --END-- [ RunTime:0.000212s ]
INFO: [ app_begin ] --START--
INFO: Run Behavior\ReadHtmlCacheBehavior [ RunTime:0.000291s ]
INFO: [ app_begin ] --END-- [ RunTime:0.000319s ]
NOTIC: [8] Undefined index: price /www/wwwroot/bus.sz25.net/Application/Home/Controller/OrderController.class.php 第 379 行.
NOTIC: [8] Undefined index: id /www/wwwroot/bus.sz25.net/Application/Home/Controller/OrderController.class.php 第 380 行.
NOTIC: [8] Undefined index: type /www/wwwroot/bus.sz25.net/Application/Home/Controller/OrderController.class.php 第 381 行.
INFO: [ view_parse ] --START--
INFO: [ template_filter ] --START--
INFO: Run Behavior\ContentReplaceBehavior [ RunTime:0.000026s ]
INFO: [ template_filter ] --END-- [ RunTime:0.000055s ]
NOTIC: [8] Undefined variable: order_data /www/wwwroot/bus.sz25.net/Application/Runtime/Cache/Home/86c304e9291f28a5c17d3a966db193ac.php 第 99 行.
INFO: Run Behavior\ParseTemplateBehavior [ RunTime:0.004806s ]
INFO: [ view_parse ] --END-- [ RunTime:0.004828s ]
INFO: [ view_filter ] --START--
INFO: Run Behavior\WriteHtmlCacheBehavior [ RunTime:0.000124s ]
INFO: [ view_filter ] --END-- [ RunTime:0.000142s ]
INFO: [ app_end ] --START--
INFO: Run Behavior\ShowPageTraceBehavior [ RunTime:0.000321s ]
INFO: [ app_end ] --END-- [ RunTime:0.000344s ]

[ 2018-08-16T16:52:51+08:00 ] 221.196.68.47 /index.php/Home/Order/pay_finish.html
INFO: [ app_init ] --START--
INFO: Run Behavior\BuildLiteBehavior [ RunTime:0.000008s ]
INFO: [ app_init ] --END-- [ RunTime:0.000212s ]
INFO: [ app_begin ] --START--
INFO: Run Behavior\ReadHtmlCacheBehavior [ RunTime:0.000287s ]
INFO: [ app_begin ] --END-- [ RunTime:0.000314s ]
SQL: SHOW COLUMNS FROM `tp_order` [ RunTime:0.0005s ]
SQL: UPDATE `tp_order` SET `order_status`='3' WHERE ( id='' ) [ RunTime:0.0002s ]

[ 2018-08-16T16:52:51+08:00 ] 221.196.68.47 /index.php/Home/Order/order_list.html
INFO: [ app_init ] --START--
INFO: Run Behavior\BuildLiteBehavior [ RunTime:0.000009s ]
INFO: [ app_init ] --END-- [ RunTime:0.000204s ]
INFO: [ app_begin ] --START--
INFO: Run Behavior\ReadHtmlCacheBehavior [ RunTime:0.000296s ]
INFO: [ app_begin ] --END-- [ RunTime:0.000322s ]
NOTIC: [8] Undefined index: type /www/wwwroot/bus.sz25.net/Application/Home/Controller/OrderController.class.php 第 113 行.
NOTIC: [8] Undefined index: status /www/wwwroot/bus.sz25.net/Application/Home/Controller/OrderController.class.php 第 114 行.
NOTIC: [8] Undefined index: start_time /www/wwwroot/bus.sz25.net/Application/Home/Controller/OrderController.class.php 第 116 行.
NOTIC: [8] Undefined index: end_time /www/wwwroot/bus.sz25.net/Application/Home/Controller/OrderController.class.php 第 117 行.
NOTIC: [8] Undefined index: order_num /www/wwwroot/bus.sz25.net/Application/Home/Controller/OrderController.class.php 第 118 行.
SQL: SHOW COLUMNS FROM `tp_order` [ RunTime:0.0004s ]
SQL: SELECT COUNT(*) AS tp_count FROM tp_order as o WHERE o.user_id = '33' AND o.order_type = null LIMIT 1   [ RunTime:0.0377s ]
SQL: SELECT o.*,c.car_name FROM tp_order as o INNER JOIN tp_car as c on c.id = o.car_id  WHERE o.user_id = '33' AND o.order_type = null ORDER BY o.create_time DESC LIMIT 0,10   [ RunTime:0.0003s ]
INFO: [ view_parse ] --START--
INFO: [ template_filter ] --START--
INFO: Run Behavior\ContentReplaceBehavior [ RunTime:0.000048s ]
INFO: [ template_filter ] --END-- [ RunTime:0.000082s ]
INFO: Run Behavior\ParseTemplateBehavior [ RunTime:0.009192s ]
INFO: [ view_parse ] --END-- [ RunTime:0.009220s ]
INFO: [ view_filter ] --START--
INFO: Run Behavior\WriteHtmlCacheBehavior [ RunTime:0.000132s ]
INFO: [ view_filter ] --END-- [ RunTime:0.000151s ]
INFO: [ app_end ] --START--
INFO: Run Behavior\ShowPageTraceBehavior [ RunTime:0.000453s ]
INFO: [ app_end ] --END-- [ RunTime:0.000485s ]

[ 2018-08-16T16:52:54+08:00 ] 221.196.68.47 /index.php/Home/Order/order_list/type/0/status/1.html
INFO: [ app_init ] --START--
INFO: Run Behavior\BuildLiteBehavior [ RunTime:0.000016s ]
INFO: [ app_init ] --END-- [ RunTime:0.000223s ]
INFO: [ app_begin ] --START--
INFO: Run Behavior\ReadHtmlCacheBehavior [ RunTime:0.000292s ]
INFO: [ app_begin ] --END-- [ RunTime:0.000319s ]
NOTIC: [8] Undefined index: start_time /www/wwwroot/bus.sz25.net/Application/Home/Controller/OrderController.class.php 第 116 行.
NOTIC: [8] Undefined index: end_time /www/wwwroot/bus.sz25.net/Application/Home/Controller/OrderController.class.php 第 117 行.
NOTIC: [8] Undefined index: order_num /www/wwwroot/bus.sz25.net/Application/Home/Controller/OrderController.class.php 第 118 行.
SQL: SHOW COLUMNS FROM `tp_order` [ RunTime:0.0004s ]
SQL: SELECT COUNT(*) AS tp_count FROM tp_order as o WHERE o.user_id = '33' AND o.order_type = '0' AND o.order_status = '1' LIMIT 1   [ RunTime:0.0002s ]
SQL: SELECT o.*,c.car_name FROM tp_order as o INNER JOIN tp_car as c on c.id = o.car_id  WHERE o.user_id = '33' AND o.order_type = '0' AND o.order_status = '1' ORDER BY o.create_time DESC LIMIT 0,10   [ RunTime:0.0003s ]
INFO: [ view_parse ] --START--
INFO: [ template_filter ] --START--
INFO: Run Behavior\ContentReplaceBehavior [ RunTime:0.000045s ]
INFO: [ template_filter ] --END-- [ RunTime:0.000070s ]
INFO: Run Behavior\ParseTemplateBehavior [ RunTime:0.007948s ]
INFO: [ view_parse ] --END-- [ RunTime:0.007982s ]
INFO: [ view_filter ] --START--
INFO: Run Behavior\WriteHtmlCacheBehavior [ RunTime:0.000125s ]
INFO: [ view_filter ] --END-- [ RunTime:0.000145s ]
INFO: [ app_end ] --START--
INFO: Run Behavior\ShowPageTraceBehavior [ RunTime:0.000393s ]
INFO: [ app_end ] --END-- [ RunTime:0.000421s ]

[ 2018-08-16T16:52:55+08:00 ] 221.196.68.47 /index.php/Home/Order/order_list/type/0/status/2.html
INFO: [ app_init ] --START--
INFO: Run Behavior\BuildLiteBehavior [ RunTime:0.000009s ]
INFO: [ app_init ] --END-- [ RunTime:0.000209s ]
INFO: [ app_begin ] --START--
INFO: Run Behavior\ReadHtmlCacheBehavior [ RunTime:0.000332s ]
INFO: [ app_begin ] --END-- [ RunTime:0.000363s ]
NOTIC: [8] Undefined index: start_time /www/wwwroot/bus.sz25.net/Application/Home/Controller/OrderController.class.php 第 116 行.
NOTIC: [8] Undefined index: end_time /www/wwwroot/bus.sz25.net/Application/Home/Controller/OrderController.class.php 第 117 行.
NOTIC: [8] Undefined index: order_num /www/wwwroot/bus.sz25.net/Application/Home/Controller/OrderController.class.php 第 118 行.
SQL: SHOW COLUMNS FROM `tp_order` [ RunTime:0.0005s ]
SQL: SELECT COUNT(*) AS tp_count FROM tp_order as o WHERE o.user_id = '33' AND o.order_type = '0' AND o.order_status = '2' LIMIT 1   [ RunTime:0.0002s ]
SQL: SELECT o.*,c.car_name FROM tp_order as o INNER JOIN tp_car as c on c.id = o.car_id  WHERE o.user_id = '33' AND o.order_type = '0' AND o.order_status = '2' ORDER BY o.create_time DESC LIMIT 0,10   [ RunTime:0.0002s ]
INFO: [ view_parse ] --START--
INFO: [ template_filter ] --START--
INFO: Run Behavior\ContentReplaceBehavior [ RunTime:0.000046s ]
INFO: [ template_filter ] --END-- [ RunTime:0.000073s ]
INFO: Run Behavior\ParseTemplateBehavior [ RunTime:0.008294s ]
INFO: [ view_parse ] --END-- [ RunTime:0.008323s ]
INFO: [ view_filter ] --START--
INFO: Run Behavior\WriteHtmlCacheBehavior [ RunTime:0.000143s ]
INFO: [ view_filter ] --END-- [ RunTime:0.000162s ]
INFO: [ app_end ] --START--
INFO: Run Behavior\ShowPageTraceBehavior [ RunTime:0.000413s ]
INFO: [ app_end ] --END-- [ RunTime:0.000443s ]

[ 2018-08-16T16:52:56+08:00 ] 221.196.68.47 /index.php/Home/Order/order_list/type/0/status/3.html
INFO: [ app_init ] --START--
INFO: Run Behavior\BuildLiteBehavior [ RunTime:0.000009s ]
INFO: [ app_init ] --END-- [ RunTime:0.000211s ]
INFO: [ app_begin ] --START--
INFO: Run Behavior\ReadHtmlCacheBehavior [ RunTime:0.000293s ]
INFO: [ app_begin ] --END-- [ RunTime:0.000321s ]
NOTIC: [8] Undefined index: start_time /www/wwwroot/bus.sz25.net/Application/Home/Controller/OrderController.class.php 第 116 行.
NOTIC: [8] Undefined index: end_time /www/wwwroot/bus.sz25.net/Application/Home/Controller/OrderController.class.php 第 117 行.
NOTIC: [8] Undefined index: order_num /www/wwwroot/bus.sz25.net/Application/Home/Controller/OrderController.class.php 第 118 行.
SQL: SHOW COLUMNS FROM `tp_order` [ RunTime:0.0005s ]
SQL: SELECT COUNT(*) AS tp_count FROM tp_order as o WHERE o.user_id = '33' AND o.order_type = '0' AND o.order_status = '3' LIMIT 1   [ RunTime:0.0002s ]
SQL: SELECT o.*,c.car_name FROM tp_order as o INNER JOIN tp_car as c on c.id = o.car_id  WHERE o.user_id = '33' AND o.order_type = '0' AND o.order_status = '3' ORDER BY o.create_time DESC LIMIT 0,10   [ RunTime:0.0003s ]
INFO: [ view_parse ] --START--
INFO: [ template_filter ] --START--
INFO: Run Behavior\ContentReplaceBehavior [ RunTime:0.000045s ]
INFO: [ template_filter ] --END-- [ RunTime:0.000070s ]
INFO: Run Behavior\ParseTemplateBehavior [ RunTime:0.008012s ]
INFO: [ view_parse ] --END-- [ RunTime:0.008039s ]
INFO: [ view_filter ] --START--
INFO: Run Behavior\WriteHtmlCacheBehavior [ RunTime:0.000134s ]
INFO: [ view_filter ] --END-- [ RunTime:0.000151s ]
INFO: [ app_end ] --START--
INFO: Run Behavior\ShowPageTraceBehavior [ RunTime:0.000400s ]
INFO: [ app_end ] --END-- [ RunTime:0.000429s ]

[ 2018-08-16T16:52:58+08:00 ] 221.196.68.47 /index.php/Home/Order/order_list/type/0/status/4.html
INFO: [ app_init ] --START--
INFO: Run Behavior\BuildLiteBehavior [ RunTime:0.000012s ]
INFO: [ app_init ] --END-- [ RunTime:0.000217s ]
INFO: [ app_begin ] --START--
INFO: Run Behavior\ReadHtmlCacheBehavior [ RunTime:0.000288s ]
INFO: [ app_begin ] --END-- [ RunTime:0.000322s ]
NOTIC: [8] Undefined index: start_time /www/wwwroot/bus.sz25.net/Application/Home/Controller/OrderController.class.php 第 116 行.
NOTIC: [8] Undefined index: end_time /www/wwwroot/bus.sz25.net/Application/Home/Controller/OrderController.class.php 第 117 行.
NOTIC: [8] Undefined index: order_num /www/wwwroot/bus.sz25.net/Application/Home/Controller/OrderController.class.php 第 118 行.
SQL: SHOW COLUMNS FROM `tp_order` [ RunTime:0.0004s ]
SQL: SELECT COUNT(*) AS tp_count FROM tp_order as o WHERE o.user_id = '33' AND o.order_type = '0' AND o.order_status = '4' LIMIT 1   [ RunTime:0.0002s ]
SQL: SELECT o.*,c.car_name FROM tp_order as o INNER JOIN tp_car as c on c.id = o.car_id  WHERE o.user_id = '33' AND o.order_type = '0' AND o.order_status = '4' ORDER BY o.create_time DESC LIMIT 0,10   [ RunTime:0.0003s ]
INFO: [ view_parse ] --START--
INFO: [ template_filter ] --START--
INFO: Run Behavior\ContentReplaceBehavior [ RunTime:0.000045s ]
INFO: [ template_filter ] --END-- [ RunTime:0.000071s ]
INFO: Run Behavior\ParseTemplateBehavior [ RunTime:0.008217s ]
INFO: [ view_parse ] --END-- [ RunTime:0.008242s ]
INFO: [ view_filter ] --START--
INFO: Run Behavior\WriteHtmlCacheBehavior [ RunTime:0.000126s ]
INFO: [ view_filter ] --END-- [ RunTime:0.000145s ]
INFO: [ app_end ] --START--
INFO: Run Behavior\ShowPageTraceBehavior [ RunTime:0.000426s ]
INFO: [ app_end ] --END-- [ RunTime:0.000455s ]

[ 2018-08-16T16:52:59+08:00 ] 221.196.68.47 /index.php/Home/Order/order_list/type/0/status/5.html
INFO: [ app_init ] --START--
INFO: Run Behavior\BuildLiteBehavior [ RunTime:0.000009s ]
INFO: [ app_init ] --END-- [ RunTime:0.000217s ]
INFO: [ app_begin ] --START--
INFO: Run Behavior\ReadHtmlCacheBehavior [ RunTime:0.000297s ]
INFO: [ app_begin ] --END-- [ RunTime:0.000325s ]
NOTIC: [8] Undefined index: start_time /www/wwwroot/bus.sz25.net/Application/Home/Controller/OrderController.class.php 第 116 行.
NOTIC: [8] Undefined index: end_time /www/wwwroot/bus.sz25.net/Application/Home/Controller/OrderController.class.php 第 117 行.
NOTIC: [8] Undefined index: order_num /www/wwwroot/bus.sz25.net/Application/Home/Controller/OrderController.class.php 第 118 行.
SQL: SHOW COLUMNS FROM `tp_order` [ RunTime:0.0004s ]
SQL: SELECT COUNT(*) AS tp_count FROM tp_order as o WHERE o.user_id = '33' AND o.order_type = '0' AND o.order_status = '5' LIMIT 1   [ RunTime:0.0002s ]
SQL: SELECT o.*,c.car_name FROM tp_order as o INNER JOIN tp_car as c on c.id = o.car_id  WHERE o.user_id = '33' AND o.order_type = '0' AND o.order_status = '5' ORDER BY o.create_time DESC LIMIT 0,10   [ RunTime:0.0002s ]
INFO: [ view_parse ] --START--
INFO: [ template_filter ] --START--
INFO: Run Behavior\ContentReplaceBehavior [ RunTime:0.000044s ]
INFO: [ template_filter ] --END-- [ RunTime:0.000071s ]
INFO: Run Behavior\ParseTemplateBehavior [ RunTime:0.008035s ]
INFO: [ view_parse ] --END-- [ RunTime:0.008062s ]
INFO: [ view_filter ] --START--
INFO: Run Behavior\WriteHtmlCacheBehavior [ RunTime:0.000133s ]
INFO: [ view_filter ] --END-- [ RunTime:0.000152s ]
INFO: [ app_end ] --START--
INFO: Run Behavior\ShowPageTraceBehavior [ RunTime:0.000424s ]
INFO: [ app_end ] --END-- [ RunTime:0.000452s ]

[ 2018-08-16T16:52:59+08:00 ] 221.196.68.47 /index.php/Home/Order/order_list/type/0/status/6.html
INFO: [ app_init ] --START--
INFO: Run Behavior\BuildLiteBehavior [ RunTime:0.000009s ]
INFO: [ app_init ] --END-- [ RunTime:0.000208s ]
INFO: [ app_begin ] --START--
INFO: Run Behavior\ReadHtmlCacheBehavior [ RunTime:0.000284s ]
INFO: [ app_begin ] --END-- [ RunTime:0.000309s ]
NOTIC: [8] Undefined index: start_time /www/wwwroot/bus.sz25.net/Application/Home/Controller/OrderController.class.php 第 116 行.
NOTIC: [8] Undefined index: end_time /www/wwwroot/bus.sz25.net/Application/Home/Controller/OrderController.class.php 第 117 行.
NOTIC: [8] Undefined index: order_num /www/wwwroot/bus.sz25.net/Application/Home/Controller/OrderController.class.php 第 118 行.
SQL: SHOW COLUMNS FROM `tp_order` [ RunTime:0.0004s ]
SQL: SELECT COUNT(*) AS tp_count FROM tp_order as o WHERE o.user_id = '33' AND o.order_type = '0' AND o.order_status = '6' LIMIT 1   [ RunTime:0.0002s ]
SQL: SELECT o.*,c.car_name FROM tp_order as o INNER JOIN tp_car as c on c.id = o.car_id  WHERE o.user_id = '33' AND o.order_type = '0' AND o.order_status = '6' ORDER BY o.create_time DESC LIMIT 0,10   [ RunTime:0.0003s ]
INFO: [ view_parse ] --START--
INFO: [ template_filter ] --START--
INFO: Run Behavior\ContentReplaceBehavior [ RunTime:0.000045s ]
INFO: [ template_filter ] --END-- [ RunTime:0.000070s ]
INFO: Run Behavior\ParseTemplateBehavior [ RunTime:0.007982s ]
INFO: [ view_parse ] --END-- [ RunTime:0.008008s ]
INFO: [ view_filter ] --START--
INFO: Run Behavior\WriteHtmlCacheBehavior [ RunTime:0.000126s ]
INFO: [ view_filter ] --END-- [ RunTime:0.000145s ]
INFO: [ app_end ] --START--
INFO: Run Behavior\ShowPageTraceBehavior [ RunTime:0.000395s ]
INFO: [ app_end ] --END-- [ RunTime:0.000423s ]

[ 2018-08-16T16:53:00+08:00 ] 221.196.68.47 /index.php/Home/Order/order_list/type/0/status/7.html
INFO: [ app_init ] --START--
INFO: Run Behavior\BuildLiteBehavior [ RunTime:0.000009s ]
INFO: [ app_init ] --END-- [ RunTime:0.000210s ]
INFO: [ app_begin ] --START--
INFO: Run Behavior\ReadHtmlCacheBehavior [ RunTime:0.000289s ]
INFO: [ app_begin ] --END-- [ RunTime:0.000314s ]
NOTIC: [8] Undefined index: start_time /www/wwwroot/bus.sz25.net/Application/Home/Controller/OrderController.class.php 第 116 行.
NOTIC: [8] Undefined index: end_time /www/wwwroot/bus.sz25.net/Application/Home/Controller/OrderController.class.php 第 117 行.
NOTIC: [8] Undefined index: order_num /www/wwwroot/bus.sz25.net/Application/Home/Controller/OrderController.class.php 第 118 行.
SQL: SHOW COLUMNS FROM `tp_order` [ RunTime:0.0005s ]
SQL: SELECT COUNT(*) AS tp_count FROM tp_order as o WHERE o.user_id = '33' AND o.order_type = '0' AND o.order_status = '7' LIMIT 1   [ RunTime:0.0002s ]
SQL: SELECT o.*,c.car_name FROM tp_order as o INNER JOIN tp_car as c on c.id = o.car_id  WHERE o.user_id = '33' AND o.order_type = '0' AND o.order_status = '7' ORDER BY o.create_time DESC LIMIT 0,10   [ RunTime:0.0003s ]
INFO: [ view_parse ] --START--
INFO: [ template_filter ] --START--
INFO: Run Behavior\ContentReplaceBehavior [ RunTime:0.000045s ]
INFO: [ template_filter ] --END-- [ RunTime:0.000072s ]
INFO: Run Behavior\ParseTemplateBehavior [ RunTime:0.008232s ]
INFO: [ view_parse ] --END-- [ RunTime:0.008258s ]
INFO: [ view_filter ] --START--
INFO: Run Behavior\WriteHtmlCacheBehavior [ RunTime:0.000129s ]
INFO: [ view_filter ] --END-- [ RunTime:0.000146s ]
INFO: [ app_end ] --START--
INFO: Run Behavior\ShowPageTraceBehavior [ RunTime:0.000396s ]
INFO: [ app_end ] --END-- [ RunTime:0.000440s ]

[ 2018-08-16T16:53:01+08:00 ] 221.196.68.47 /index.php/Home/Order/order_list/type/0.html
INFO: [ app_init ] --START--
INFO: Run Behavior\BuildLiteBehavior [ RunTime:0.000012s ]
INFO: [ app_init ] --END-- [ RunTime:0.000236s ]
INFO: [ app_begin ] --START--
INFO: Run Behavior\ReadHtmlCacheBehavior [ RunTime:0.000291s ]
INFO: [ app_begin ] --END-- [ RunTime:0.000320s ]
NOTIC: [8] Undefined index: status /www/wwwroot/bus.sz25.net/Application/Home/Controller/OrderController.class.php 第 114 行.
NOTIC: [8] Undefined index: start_time /www/wwwroot/bus.sz25.net/Application/Home/Controller/OrderController.class.php 第 116 行.
NOTIC: [8] Undefined index: end_time /www/wwwroot/bus.sz25.net/Application/Home/Controller/OrderController.class.php 第 117 行.
NOTIC: [8] Undefined index: order_num /www/wwwroot/bus.sz25.net/Application/Home/Controller/OrderController.class.php 第 118 行.
SQL: SHOW COLUMNS FROM `tp_order` [ RunTime:0.0005s ]
SQL: SELECT COUNT(*) AS tp_count FROM tp_order as o WHERE o.user_id = '33' AND o.order_type = '0' LIMIT 1   [ RunTime:0.0002s ]
SQL: SELECT o.*,c.car_name FROM tp_order as o INNER JOIN tp_car as c on c.id = o.car_id  WHERE o.user_id = '33' AND o.order_type = '0' ORDER BY o.create_time DESC LIMIT 0,10   [ RunTime:0.0003s ]
INFO: [ view_parse ] --START--
INFO: [ template_filter ] --START--
INFO: Run Behavior\ContentReplaceBehavior [ RunTime:0.000044s ]
INFO: [ template_filter ] --END-- [ RunTime:0.000069s ]
INFO: Run Behavior\ParseTemplateBehavior [ RunTime:0.008000s ]
INFO: [ view_parse ] --END-- [ RunTime:0.008026s ]
INFO: [ view_filter ] --START--
INFO: Run Behavior\WriteHtmlCacheBehavior [ RunTime:0.000126s ]
INFO: [ view_filter ] --END-- [ RunTime:0.000143s ]
INFO: [ app_end ] --START--
INFO: Run Behavior\ShowPageTraceBehavior [ RunTime:0.000408s ]
INFO: [ app_end ] --END-- [ RunTime:0.000438s ]

[ 2018-08-16T16:53:03+08:00 ] 221.196.68.47 /index.php/Home/Order/order_list/type/1.html
INFO: [ app_init ] --START--
INFO: Run Behavior\BuildLiteBehavior [ RunTime:0.000009s ]
INFO: [ app_init ] --END-- [ RunTime:0.000204s ]
INFO: [ app_begin ] --START--
INFO: Run Behavior\ReadHtmlCacheBehavior [ RunTime:0.000302s ]
INFO: [ app_begin ] --END-- [ RunTime:0.000334s ]
NOTIC: [8] Undefined index: status /www/wwwroot/bus.sz25.net/Application/Home/Controller/OrderController.class.php 第 114 行.
NOTIC: [8] Undefined index: start_time /www/wwwroot/bus.sz25.net/Application/Home/Controller/OrderController.class.php 第 116 行.
NOTIC: [8] Undefined index: end_time /www/wwwroot/bus.sz25.net/Application/Home/Controller/OrderController.class.php 第 117 行.
NOTIC: [8] Undefined index: order_num /www/wwwroot/bus.sz25.net/Application/Home/Controller/OrderController.class.php 第 118 行.
SQL: SHOW COLUMNS FROM `tp_order` [ RunTime:0.0005s ]
SQL: SELECT COUNT(*) AS tp_count FROM tp_order as o WHERE o.user_id = '33' AND o.order_type = '1' LIMIT 1   [ RunTime:0.0002s ]
SQL: SELECT o.*,c.car_name,b.travel_start,b.start_address,b.travel_end,b.end_address FROM tp_order as o INNER JOIN tp_busline as b on b.order_id=o.id INNER JOIN tp_car as c on c.id=o.car_id  WHERE o.user_id = '33' AND o.order_type = '1' ORDER BY o.create_time DESC LIMIT 0,10   [ RunTime:0.0573s ]
INFO: [ view_parse ] --START--
INFO: [ template_filter ] --START--
INFO: Run Behavior\ContentReplaceBehavior [ RunTime:0.000048s ]
INFO: [ template_filter ] --END-- [ RunTime:0.000083s ]
INFO: Run Behavior\ParseTemplateBehavior [ RunTime:0.009937s ]
INFO: [ view_parse ] --END-- [ RunTime:0.009969s ]
INFO: [ view_filter ] --START--
INFO: Run Behavior\WriteHtmlCacheBehavior [ RunTime:0.000147s ]
INFO: [ view_filter ] --END-- [ RunTime:0.000166s ]
INFO: [ app_end ] --START--
INFO: Run Behavior\ShowPageTraceBehavior [ RunTime:0.000448s ]
INFO: [ app_end ] --END-- [ RunTime:0.000479s ]

[ 2018-08-16T16:53:04+08:00 ] 221.196.68.47 /index.php/Home/Order/order_list/type/2.html
INFO: [ app_init ] --START--
INFO: Run Behavior\BuildLiteBehavior [ RunTime:0.000008s ]
INFO: [ app_init ] --END-- [ RunTime:0.000196s ]
INFO: [ app_begin ] --START--
INFO: Run Behavior\ReadHtmlCacheBehavior [ RunTime:0.000275s ]
INFO: [ app_begin ] --END-- [ RunTime:0.000300s ]
NOTIC: [8] Undefined index: status /www/wwwroot/bus.sz25.net/Application/Home/Controller/OrderController.class.php 第 114 行.
NOTIC: [8] Undefined index: start_time /www/wwwroot/bus.sz25.net/Application/Home/Controller/OrderController.class.php 第 116 行.
NOTIC: [8] Undefined index: end_time /www/wwwroot/bus.sz25.net/Application/Home/Controller/OrderController.class.php 第 117 行.
NOTIC: [8] Undefined index: order_num /www/wwwroot/bus.sz25.net/Application/Home/Controller/OrderController.class.php 第 118 行.
SQL: SHOW COLUMNS FROM `tp_order` [ RunTime:0.0005s ]
SQL: SELECT COUNT(*) AS tp_count FROM tp_order as o WHERE o.user_id = '33' AND o.order_type = '2' LIMIT 1   [ RunTime:0.0002s ]
SQL: SELECT o.*,c.car_name,b.travel_start,b.start_address,b.travel_end,b.end_address,b.service_type FROM tp_order as o INNER JOIN tp_busline as b on b.order_id=o.id INNER JOIN tp_car as c on c.id = o.car_id  WHERE o.user_id = '33' AND o.order_type = '2' ORDER BY o.create_time DESC LIMIT 0,10   [ RunTime:0.0005s ]
INFO: [ view_parse ] --START--
INFO: [ template_filter ] --START--
INFO: Run Behavior\ContentReplaceBehavior [ RunTime:0.000045s ]
INFO: [ template_filter ] --END-- [ RunTime:0.000069s ]
INFO: Run Behavior\ParseTemplateBehavior [ RunTime:0.009164s ]
INFO: [ view_parse ] --END-- [ RunTime:0.009189s ]
INFO: [ view_filter ] --START--
INFO: Run Behavior\WriteHtmlCacheBehavior [ RunTime:0.000136s ]
INFO: [ view_filter ] --END-- [ RunTime:0.000153s ]
INFO: [ app_end ] --START--
INFO: Run Behavior\ShowPageTraceBehavior [ RunTime:0.000396s ]
INFO: [ app_end ] --END-- [ RunTime:0.000425s ]

[ 2018-08-16T16:53:11+08:00 ] 221.196.68.47 /index.php/Home/Order/order_detail/id/94/type/2.html
INFO: [ app_init ] --START--
INFO: Run Behavior\BuildLiteBehavior [ RunTime:0.000009s ]
INFO: [ app_init ] --END-- [ RunTime:0.000219s ]
INFO: [ app_begin ] --START--
INFO: Run Behavior\ReadHtmlCacheBehavior [ RunTime:0.000303s ]
INFO: [ app_begin ] --END-- [ RunTime:0.000329s ]
SQL: SHOW COLUMNS FROM `tp_order` [ RunTime:0.0005s ]
SQL: SELECT * FROM `tp_order` WHERE ( id='94' ) LIMIT 1   [ RunTime:0.0002s ]
SQL: SHOW COLUMNS FROM `tp_car` [ RunTime:0.0004s ]
SQL: SELECT * FROM `tp_car` WHERE ( id='2' ) LIMIT 1   [ RunTime:0.0002s ]
SQL: SHOW COLUMNS FROM `tp_busline` [ RunTime:0.0003s ]
SQL: SELECT * FROM `tp_busline` WHERE ( order_id='94' ) ORDER BY id ASC  [ RunTime:0.0002s ]
SQL: SHOW COLUMNS FROM `tp_via` [ RunTime:0.0145s ]
SQL: SELECT * FROM `tp_via` WHERE ( busline_id='93' )  [ RunTime:0.0008s ]
INFO: [ view_parse ] --START--
INFO: [ template_filter ] --START--
INFO: Run Behavior\ContentReplaceBehavior [ RunTime:0.000050s ]
INFO: [ template_filter ] --END-- [ RunTime:0.000082s ]
INFO: Run Behavior\ParseTemplateBehavior [ RunTime:0.022448s ]
INFO: [ view_parse ] --END-- [ RunTime:0.022481s ]
INFO: [ view_filter ] --START--
INFO: Run Behavior\WriteHtmlCacheBehavior [ RunTime:0.000133s ]
INFO: [ view_filter ] --END-- [ RunTime:0.000154s ]
INFO: [ app_end ] --START--
INFO: Run Behavior\ShowPageTraceBehavior [ RunTime:0.000418s ]
INFO: [ app_end ] --END-- [ RunTime:0.000449s ]

[ 2018-08-16T16:59:32+08:00 ] 140.207.128.201 /
INFO: [ app_init ] --START--
INFO: Run Behavior\BuildLiteBehavior [ RunTime:0.000009s ]
INFO: [ app_init ] --END-- [ RunTime:0.000218s ]
INFO: [ app_begin ] --START--
INFO: Run Behavior\ReadHtmlCacheBehavior [ RunTime:0.000287s ]
INFO: [ app_begin ] --END-- [ RunTime:0.000313s ]
NOTIC: [8] Undefined index: user_id /www/wwwroot/bus.sz25.net/Application/Home/Controller/IndexController.class.php 第 6 行.
NOTIC: [8] Undefined index: user_id /www/wwwroot/bus.sz25.net/Application/Home/Controller/IndexController.class.php 第 8 行.
INFO: [ view_parse ] --START--
INFO: [ template_filter ] --START--
INFO: Run Behavior\ContentReplaceBehavior [ RunTime:0.000067s ]
INFO: [ template_filter ] --END-- [ RunTime:0.000094s ]
NOTIC: [8] Undefined index: user_id /www/wwwroot/bus.sz25.net/Application/Runtime/Cache/Home/2a94b8bda04ff446dcedd42276fc99ee.php 第 152 行.
NOTIC: [8] Undefined index: user_id /www/wwwroot/bus.sz25.net/Application/Runtime/Cache/Home/2a94b8bda04ff446dcedd42276fc99ee.php 第 156 行.
INFO: Run Behavior\ParseTemplateBehavior [ RunTime:0.008701s ]
INFO: [ view_parse ] --END-- [ RunTime:0.008725s ]
INFO: [ view_filter ] --START--
INFO: Run Behavior\WriteHtmlCacheBehavior [ RunTime:0.000129s ]
INFO: [ view_filter ] --END-- [ RunTime:0.000147s ]
INFO: [ app_end ] --START--
INFO: Run Behavior\ShowPageTraceBehavior [ RunTime:0.000335s ]
INFO: [ app_end ] --END-- [ RunTime:0.000361s ]

[ 2018-08-16T17:00:57+08:00 ] 221.196.68.47 /index.php/Home/Order/order_detail/id/94/type/2.html
INFO: [ app_init ] --START--
INFO: Run Behavior\BuildLiteBehavior [ RunTime:0.000010s ]
INFO: [ app_init ] --END-- [ RunTime:0.000216s ]
INFO: [ app_begin ] --START--
INFO: Run Behavior\ReadHtmlCacheBehavior [ RunTime:0.000292s ]
INFO: [ app_begin ] --END-- [ RunTime:0.000317s ]
SQL: SHOW COLUMNS FROM `tp_order` [ RunTime:0.0005s ]
SQL: SELECT * FROM `tp_order` WHERE ( id='94' ) LIMIT 1   [ RunTime:0.0001s ]
SQL: SHOW COLUMNS FROM `tp_car` [ RunTime:0.0003s ]
SQL: SELECT * FROM `tp_car` WHERE ( id='2' ) LIMIT 1   [ RunTime:0.0001s ]
SQL: SHOW COLUMNS FROM `tp_busline` [ RunTime:0.0003s ]
SQL: SELECT * FROM `tp_busline` WHERE ( order_id='94' ) ORDER BY id ASC  [ RunTime:0.0001s ]
SQL: SHOW COLUMNS FROM `tp_via` [ RunTime:0.0003s ]
SQL: SELECT * FROM `tp_via` WHERE ( busline_id='93' )  [ RunTime:0.0001s ]
INFO: [ view_parse ] --START--
INFO: [ template_filter ] --START--
INFO: Run Behavior\ContentReplaceBehavior [ RunTime:0.000052s ]
INFO: [ template_filter ] --END-- [ RunTime:0.000078s ]
INFO: Run Behavior\ParseTemplateBehavior [ RunTime:0.008833s ]
INFO: [ view_parse ] --END-- [ RunTime:0.008859s ]
INFO: [ view_filter ] --START--
INFO: Run Behavior\WriteHtmlCacheBehavior [ RunTime:0.000125s ]
INFO: [ view_filter ] --END-- [ RunTime:0.000143s ]
INFO: [ app_end ] --START--
INFO: Run Behavior\ShowPageTraceBehavior [ RunTime:0.000397s ]
INFO: [ app_end ] --END-- [ RunTime:0.000435s ]

[ 2018-08-16T17:01:30+08:00 ] 221.196.68.47 /index.php/Home/Order/order_list/type/0.html
INFO: [ app_init ] --START--
INFO: Run Behavior\BuildLiteBehavior [ RunTime:0.000008s ]
INFO: [ app_init ] --END-- [ RunTime:0.000197s ]
INFO: [ app_begin ] --START--
INFO: Run Behavior\ReadHtmlCacheBehavior [ RunTime:0.000284s ]
INFO: [ app_begin ] --END-- [ RunTime:0.000311s ]
NOTIC: [8] Undefined index: status /www/wwwroot/bus.sz25.net/Application/Home/Controller/OrderController.class.php 第 114 行.
NOTIC: [8] Undefined index: start_time /www/wwwroot/bus.sz25.net/Application/Home/Controller/OrderController.class.php 第 116 行.
NOTIC: [8] Undefined index: end_time /www/wwwroot/bus.sz25.net/Application/Home/Controller/OrderController.class.php 第 117 行.
NOTIC: [8] Undefined index: order_num /www/wwwroot/bus.sz25.net/Application/Home/Controller/OrderController.class.php 第 118 行.
SQL: SHOW COLUMNS FROM `tp_order` [ RunTime:0.0004s ]
SQL: SELECT COUNT(*) AS tp_count FROM tp_order as o WHERE o.user_id = '33' AND o.order_type = '0' LIMIT 1   [ RunTime:0.0001s ]
SQL: SELECT o.*,c.car_name FROM tp_order as o INNER JOIN tp_car as c on c.id = o.car_id  WHERE o.user_id = '33' AND o.order_type = '0' ORDER BY o.create_time DESC LIMIT 0,10   [ RunTime:0.0001s ]
INFO: [ view_parse ] --START--
INFO: [ template_filter ] --START--
INFO: Run Behavior\ContentReplaceBehavior [ RunTime:0.000040s ]
INFO: [ template_filter ] --END-- [ RunTime:0.000066s ]
INFO: Run Behavior\ParseTemplateBehavior [ RunTime:0.007985s ]
INFO: [ view_parse ] --END-- [ RunTime:0.008012s ]
INFO: [ view_filter ] --START--
INFO: Run Behavior\WriteHtmlCacheBehavior [ RunTime:0.000123s ]
INFO: [ view_filter ] --END-- [ RunTime:0.000141s ]
INFO: [ app_end ] --START--
INFO: Run Behavior\ShowPageTraceBehavior [ RunTime:0.000403s ]
INFO: [ app_end ] --END-- [ RunTime:0.000433s ]

[ 2018-08-16T17:14:41+08:00 ] 221.196.68.47 /index.php/Home/Order/order_list/type/1.html
INFO: [ app_init ] --START--
INFO: Run Behavior\BuildLiteBehavior [ RunTime:0.000009s ]
INFO: [ app_init ] --END-- [ RunTime:0.000220s ]
INFO: [ app_begin ] --START--
INFO: Run Behavior\ReadHtmlCacheBehavior [ RunTime:0.000290s ]
INFO: [ app_begin ] --END-- [ RunTime:0.000317s ]
NOTIC: [8] Undefined index: status /www/wwwroot/bus.sz25.net/Application/Home/Controller/OrderController.class.php 第 114 行.
NOTIC: [8] Undefined index: start_time /www/wwwroot/bus.sz25.net/Application/Home/Controller/OrderController.class.php 第 116 行.
NOTIC: [8] Undefined index: end_time /www/wwwroot/bus.sz25.net/Application/Home/Controller/OrderController.class.php 第 117 行.
NOTIC: [8] Undefined index: order_num /www/wwwroot/bus.sz25.net/Application/Home/Controller/OrderController.class.php 第 118 行.
SQL: SHOW COLUMNS FROM `tp_order` [ RunTime:0.0005s ]
SQL: SELECT COUNT(*) AS tp_count FROM tp_order as o WHERE o.user_id = '33' AND o.order_type = '1' LIMIT 1   [ RunTime:0.0001s ]
SQL: SELECT o.*,c.car_name,b.travel_start,b.start_address,b.travel_end,b.end_address FROM tp_order as o INNER JOIN tp_busline as b on b.order_id=o.id INNER JOIN tp_car as c on c.id=o.car_id  WHERE o.user_id = '33' AND o.order_type = '1' ORDER BY o.create_time DESC LIMIT 0,10   [ RunTime:0.0001s ]
INFO: [ view_parse ] --START--
INFO: [ template_filter ] --START--
INFO: Run Behavior\ContentReplaceBehavior [ RunTime:0.000041s ]
INFO: [ template_filter ] --END-- [ RunTime:0.000068s ]
INFO: Run Behavior\ParseTemplateBehavior [ RunTime:0.008393s ]
INFO: [ view_parse ] --END-- [ RunTime:0.008417s ]
INFO: [ view_filter ] --START--
INFO: Run Behavior\WriteHtmlCacheBehavior [ RunTime:0.000127s ]
INFO: [ view_filter ] --END-- [ RunTime:0.000146s ]
INFO: [ app_end ] --START--
INFO: Run Behavior\ShowPageTraceBehavior [ RunTime:0.000425s ]
INFO: [ app_end ] --END-- [ RunTime:0.000455s ]

[ 2018-08-16T17:14:42+08:00 ] 221.196.68.47 /index.php/Home/Order/order_list/type/0.html
INFO: [ app_init ] --START--
INFO: Run Behavior\BuildLiteBehavior [ RunTime:0.000009s ]
INFO: [ app_init ] --END-- [ RunTime:0.000230s ]
INFO: [ app_begin ] --START--
INFO: Run Behavior\ReadHtmlCacheBehavior [ RunTime:0.000299s ]
INFO: [ app_begin ] --END-- [ RunTime:0.000326s ]
NOTIC: [8] Undefined index: status /www/wwwroot/bus.sz25.net/Application/Home/Controller/OrderController.class.php 第 114 行.
NOTIC: [8] Undefined index: start_time /www/wwwroot/bus.sz25.net/Application/Home/Controller/OrderController.class.php 第 116 行.
NOTIC: [8] Undefined index: end_time /www/wwwroot/bus.sz25.net/Application/Home/Controller/OrderController.class.php 第 117 行.
NOTIC: [8] Undefined index: order_num /www/wwwroot/bus.sz25.net/Application/Home/Controller/OrderController.class.php 第 118 行.
SQL: SHOW COLUMNS FROM `tp_order` [ RunTime:0.0005s ]
SQL: SELECT COUNT(*) AS tp_count FROM tp_order as o WHERE o.user_id = '33' AND o.order_type = '0' LIMIT 1   [ RunTime:0.0001s ]
SQL: SELECT o.*,c.car_name FROM tp_order as o INNER JOIN tp_car as c on c.id = o.car_id  WHERE o.user_id = '33' AND o.order_type = '0' ORDER BY o.create_time DESC LIMIT 0,10   [ RunTime:0.0001s ]
INFO: [ view_parse ] --START--
INFO: [ template_filter ] --START--
INFO: Run Behavior\ContentReplaceBehavior [ RunTime:0.000051s ]
INFO: [ template_filter ] --END-- [ RunTime:0.000078s ]
INFO: Run Behavior\ParseTemplateBehavior [ RunTime:0.008164s ]
INFO: [ view_parse ] --END-- [ RunTime:0.008190s ]
INFO: [ view_filter ] --START--
INFO: Run Behavior\WriteHtmlCacheBehavior [ RunTime:0.000128s ]
INFO: [ view_filter ] --END-- [ RunTime:0.000147s ]
INFO: [ app_end ] --START--
INFO: Run Behavior\ShowPageTraceBehavior [ RunTime:0.000418s ]
INFO: [ app_end ] --END-- [ RunTime:0.000450s ]

[ 2018-08-16T17:14:44+08:00 ] 221.196.68.47 /index.php/Home/Order/order_list/type/1.html
INFO: [ app_init ] --START--
INFO: Run Behavior\BuildLiteBehavior [ RunTime:0.000009s ]
INFO: [ app_init ] --END-- [ RunTime:0.000218s ]
INFO: [ app_begin ] --START--
INFO: Run Behavior\ReadHtmlCacheBehavior [ RunTime:0.000287s ]
INFO: [ app_begin ] --END-- [ RunTime:0.000315s ]
NOTIC: [8] Undefined index: status /www/wwwroot/bus.sz25.net/Application/Home/Controller/OrderController.class.php 第 114 行.
NOTIC: [8] Undefined index: start_time /www/wwwroot/bus.sz25.net/Application/Home/Controller/OrderController.class.php 第 116 行.
NOTIC: [8] Undefined index: end_time /www/wwwroot/bus.sz25.net/Application/Home/Controller/OrderController.class.php 第 117 行.
NOTIC: [8] Undefined index: order_num /www/wwwroot/bus.sz25.net/Application/Home/Controller/OrderController.class.php 第 118 行.
SQL: SHOW COLUMNS FROM `tp_order` [ RunTime:0.0005s ]
SQL: SELECT COUNT(*) AS tp_count FROM tp_order as o WHERE o.user_id = '33' AND o.order_type = '1' LIMIT 1   [ RunTime:0.0001s ]
SQL: SELECT o.*,c.car_name,b.travel_start,b.start_address,b.travel_end,b.end_address FROM tp_order as o INNER JOIN tp_busline as b on b.order_id=o.id INNER JOIN tp_car as c on c.id=o.car_id  WHERE o.user_id = '33' AND o.order_type = '1' ORDER BY o.create_time DESC LIMIT 0,10   [ RunTime:0.0001s ]
INFO: [ view_parse ] --START--
INFO: [ template_filter ] --START--
INFO: Run Behavior\ContentReplaceBehavior [ RunTime:0.000043s ]
INFO: [ template_filter ] --END-- [ RunTime:0.000070s ]
INFO: Run Behavior\ParseTemplateBehavior [ RunTime:0.008401s ]
INFO: [ view_parse ] --END-- [ RunTime:0.008426s ]
INFO: [ view_filter ] --START--
INFO: Run Behavior\WriteHtmlCacheBehavior [ RunTime:0.000142s ]
INFO: [ view_filter ] --END-- [ RunTime:0.000160s ]
INFO: [ app_end ] --START--
INFO: Run Behavior\ShowPageTraceBehavior [ RunTime:0.000432s ]
INFO: [ app_end ] --END-- [ RunTime:0.000460s ]

[ 2018-08-16T17:14:46+08:00 ] 221.196.68.47 /index.php/Home/Order/order_list/type/2.html
INFO: [ app_init ] --START--
INFO: Run Behavior\BuildLiteBehavior [ RunTime:0.000008s ]
INFO: [ app_init ] --END-- [ RunTime:0.000210s ]
INFO: [ app_begin ] --START--
INFO: Run Behavior\ReadHtmlCacheBehavior [ RunTime:0.000300s ]
INFO: [ app_begin ] --END-- [ RunTime:0.000326s ]
NOTIC: [8] Undefined index: status /www/wwwroot/bus.sz25.net/Application/Home/Controller/OrderController.class.php 第 114 行.
NOTIC: [8] Undefined index: start_time /www/wwwroot/bus.sz25.net/Application/Home/Controller/OrderController.class.php 第 116 行.
NOTIC: [8] Undefined index: end_time /www/wwwroot/bus.sz25.net/Application/Home/Controller/OrderController.class.php 第 117 行.
NOTIC: [8] Undefined index: order_num /www/wwwroot/bus.sz25.net/Application/Home/Controller/OrderController.class.php 第 118 行.
SQL: SHOW COLUMNS FROM `tp_order` [ RunTime:0.0005s ]
SQL: SELECT COUNT(*) AS tp_count FROM tp_order as o WHERE o.user_id = '33' AND o.order_type = '2' LIMIT 1   [ RunTime:0.0001s ]
SQL: SELECT o.*,c.car_name,b.travel_start,b.start_address,b.travel_end,b.end_address,b.service_type FROM tp_order as o INNER JOIN tp_busline as b on b.order_id=o.id INNER JOIN tp_car as c on c.id = o.car_id  WHERE o.user_id = '33' AND o.order_type = '2' ORDER BY o.create_time DESC LIMIT 0,10   [ RunTime:0.0001s ]
INFO: [ view_parse ] --START--
INFO: [ template_filter ] --START--
INFO: Run Behavior\ContentReplaceBehavior [ RunTime:0.000049s ]
INFO: [ template_filter ] --END-- [ RunTime:0.000076s ]
INFO: Run Behavior\ParseTemplateBehavior [ RunTime:0.008472s ]
INFO: [ view_parse ] --END-- [ RunTime:0.008499s ]
INFO: [ view_filter ] --START--
INFO: Run Behavior\WriteHtmlCacheBehavior [ RunTime:0.000131s ]
INFO: [ view_filter ] --END-- [ RunTime:0.000149s ]
INFO: [ app_end ] --START--
INFO: Run Behavior\ShowPageTraceBehavior [ RunTime:0.000422s ]
INFO: [ app_end ] --END-- [ RunTime:0.000462s ]

[ 2018-08-16T17:14:57+08:00 ] 221.196.68.47 /index.php/Home/Order/order_list/type/1.html
INFO: [ app_init ] --START--
INFO: Run Behavior\BuildLiteBehavior [ RunTime:0.000009s ]
INFO: [ app_init ] --END-- [ RunTime:0.000210s ]
INFO: [ app_begin ] --START--
INFO: Run Behavior\ReadHtmlCacheBehavior [ RunTime:0.000295s ]
INFO: [ app_begin ] --END-- [ RunTime:0.000322s ]
NOTIC: [8] Undefined index: status /www/wwwroot/bus.sz25.net/Application/Home/Controller/OrderController.class.php 第 114 行.
NOTIC: [8] Undefined index: start_time /www/wwwroot/bus.sz25.net/Application/Home/Controller/OrderController.class.php 第 116 行.
NOTIC: [8] Undefined index: end_time /www/wwwroot/bus.sz25.net/Application/Home/Controller/OrderController.class.php 第 117 行.
NOTIC: [8] Undefined index: order_num /www/wwwroot/bus.sz25.net/Application/Home/Controller/OrderController.class.php 第 118 行.
SQL: SHOW COLUMNS FROM `tp_order` [ RunTime:0.0005s ]
SQL: SELECT COUNT(*) AS tp_count FROM tp_order as o WHERE o.user_id = '33' AND o.order_type = '1' LIMIT 1   [ RunTime:0.0001s ]
SQL: SELECT o.*,c.car_name,b.travel_start,b.start_address,b.travel_end,b.end_address FROM tp_order as o INNER JOIN tp_busline as b on b.order_id=o.id INNER JOIN tp_car as c on c.id=o.car_id  WHERE o.user_id = '33' AND o.order_type = '1' ORDER BY o.create_time DESC LIMIT 0,10   [ RunTime:0.0001s ]
INFO: [ view_parse ] --START--
INFO: [ template_filter ] --START--
INFO: Run Behavior\ContentReplaceBehavior [ RunTime:0.000045s ]
INFO: [ template_filter ] --END-- [ RunTime:0.000071s ]
INFO: Run Behavior\ParseTemplateBehavior [ RunTime:0.008482s ]
INFO: [ view_parse ] --END-- [ RunTime:0.008512s ]
INFO: [ view_filter ] --START--
INFO: Run Behavior\WriteHtmlCacheBehavior [ RunTime:0.000130s ]
INFO: [ view_filter ] --END-- [ RunTime:0.000149s ]
INFO: [ app_end ] --START--
INFO: Run Behavior\ShowPageTraceBehavior [ RunTime:0.000436s ]
INFO: [ app_end ] --END-- [ RunTime:0.000475s ]

[ 2018-08-16T17:14:58+08:00 ] 221.196.68.47 /index.php/Home/Order/order_list/type/2.html
INFO: [ app_init ] --START--
INFO: Run Behavior\BuildLiteBehavior [ RunTime:0.000009s ]
INFO: [ app_init ] --END-- [ RunTime:0.000223s ]
INFO: [ app_begin ] --START--
INFO: Run Behavior\ReadHtmlCacheBehavior [ RunTime:0.000303s ]
INFO: [ app_begin ] --END-- [ RunTime:0.000329s ]
NOTIC: [8] Undefined index: status /www/wwwroot/bus.sz25.net/Application/Home/Controller/OrderController.class.php 第 114 行.
NOTIC: [8] Undefined index: start_time /www/wwwroot/bus.sz25.net/Application/Home/Controller/OrderController.class.php 第 116 行.
NOTIC: [8] Undefined index: end_time /www/wwwroot/bus.sz25.net/Application/Home/Controller/OrderController.class.php 第 117 行.
NOTIC: [8] Undefined index: order_num /www/wwwroot/bus.sz25.net/Application/Home/Controller/OrderController.class.php 第 118 行.
SQL: SHOW COLUMNS FROM `tp_order` [ RunTime:0.0005s ]
SQL: SELECT COUNT(*) AS tp_count FROM tp_order as o WHERE o.user_id = '33' AND o.order_type = '2' LIMIT 1   [ RunTime:0.0001s ]
SQL: SELECT o.*,c.car_name,b.travel_start,b.start_address,b.travel_end,b.end_address,b.service_type FROM tp_order as o INNER JOIN tp_busline as b on b.order_id=o.id INNER JOIN tp_car as c on c.id = o.car_id  WHERE o.user_id = '33' AND o.order_type = '2' ORDER BY o.create_time DESC LIMIT 0,10   [ RunTime:0.0001s ]
INFO: [ view_parse ] --START--
INFO: [ template_filter ] --START--
INFO: Run Behavior\ContentReplaceBehavior [ RunTime:0.000049s ]
INFO: [ template_filter ] --END-- [ RunTime:0.000079s ]
INFO: Run Behavior\ParseTemplateBehavior [ RunTime:0.008643s ]
INFO: [ view_parse ] --END-- [ RunTime:0.008678s ]
INFO: [ view_filter ] --START--
INFO: Run Behavior\WriteHtmlCacheBehavior [ RunTime:0.000145s ]
INFO: [ view_filter ] --END-- [ RunTime:0.000163s ]
INFO: [ app_end ] --START--
INFO: Run Behavior\ShowPageTraceBehavior [ RunTime:0.000425s ]
INFO: [ app_end ] --END-- [ RunTime:0.000455s ]

[ 2018-08-16T17:29:18+08:00 ] 223.167.152.22 /index.php/Home/Order/order_list/type/1.html
INFO: [ app_init ] --START--
INFO: Run Behavior\BuildLiteBehavior [ RunTime:0.000010s ]
INFO: [ app_init ] --END-- [ RunTime:0.000214s ]
INFO: [ app_begin ] --START--
INFO: Run Behavior\ReadHtmlCacheBehavior [ RunTime:0.000298s ]
INFO: [ app_begin ] --END-- [ RunTime:0.000326s ]

[ 2018-08-16T17:46:52+08:00 ] 221.196.68.47 /index.php/Home/Order/order_list/type/1.html
INFO: [ app_init ] --START--
INFO: Run Behavior\BuildLiteBehavior [ RunTime:0.000009s ]
INFO: [ app_init ] --END-- [ RunTime:0.000246s ]
INFO: [ app_begin ] --START--
INFO: Run Behavior\ReadHtmlCacheBehavior [ RunTime:0.000287s ]
INFO: [ app_begin ] --END-- [ RunTime:0.000313s ]
NOTIC: [8] Undefined index: status /www/wwwroot/bus.sz25.net/Application/Home/Controller/OrderController.class.php 第 114 行.
NOTIC: [8] Undefined index: start_time /www/wwwroot/bus.sz25.net/Application/Home/Controller/OrderController.class.php 第 116 行.
NOTIC: [8] Undefined index: end_time /www/wwwroot/bus.sz25.net/Application/Home/Controller/OrderController.class.php 第 117 行.
NOTIC: [8] Undefined index: order_num /www/wwwroot/bus.sz25.net/Application/Home/Controller/OrderController.class.php 第 118 行.
SQL: SHOW COLUMNS FROM `tp_order` [ RunTime:0.0004s ]
SQL: SELECT COUNT(*) AS tp_count FROM tp_order as o WHERE o.user_id = '33' AND o.order_type = '1' LIMIT 1   [ RunTime:0.0001s ]
SQL: SELECT o.*,c.car_name,b.travel_start,b.start_address,b.travel_end,b.end_address FROM tp_order as o INNER JOIN tp_busline as b on b.order_id=o.id INNER JOIN tp_car as c on c.id=o.car_id  WHERE o.user_id = '33' AND o.order_type = '1' ORDER BY o.create_time DESC LIMIT 0,10   [ RunTime:0.0001s ]
INFO: [ view_parse ] --START--
INFO: [ template_filter ] --START--
INFO: Run Behavior\ContentReplaceBehavior [ RunTime:0.000042s ]
INFO: [ template_filter ] --END-- [ RunTime:0.000069s ]
INFO: Run Behavior\ParseTemplateBehavior [ RunTime:0.008256s ]
INFO: [ view_parse ] --END-- [ RunTime:0.008280s ]
INFO: [ view_filter ] --START--
INFO: Run Behavior\WriteHtmlCacheBehavior [ RunTime:0.000127s ]
INFO: [ view_filter ] --END-- [ RunTime:0.000144s ]
INFO: [ app_end ] --START--
INFO: Run Behavior\ShowPageTraceBehavior [ RunTime:0.000449s ]
INFO: [ app_end ] --END-- [ RunTime:0.000479s ]

