[ 2018-08-07T18:26:15+08:00 ] 111.40.30.232 /images/zoom-tblr.png
INFO: [ app_init ] --START--
INFO: Run Behavior\BuildLiteBehavior [ RunTime:0.000010s ]
INFO: [ app_init ] --END-- [ RunTime:0.000244s ]
ERR: 无法加载模块:Images

[ 2018-08-07T18:26:58+08:00 ] 111.40.30.232 /Application/Home/img/%E5%B9%BF%E4%B8%9C%E4%B8%AD%E6%97%85.png
INFO: [ app_init ] --START--
INFO: Run Behavior\BuildLiteBehavior [ RunTime:0.000010s ]
INFO: [ app_init ] --END-- [ RunTime:0.000253s ]
ERR: 无法加载模块:Application

[ 2018-08-07T18:28:01+08:00 ] 111.40.30.232 /favicon.ico
INFO: [ app_init ] --START--
INFO: Run Behavior\BuildLiteBehavior [ RunTime:0.000008s ]
INFO: [ app_init ] --END-- [ RunTime:0.000229s ]
ERR: 无法加载模块:Favicon

[ 2018-08-07T18:29:54+08:00 ] 111.40.30.232 /images/zoom-tblr.png
INFO: [ app_init ] --START--
INFO: Run Behavior\BuildLiteBehavior [ RunTime:0.000010s ]
INFO: [ app_init ] --END-- [ RunTime:0.000266s ]
ERR: 无法加载模块:Images

[ 2018-08-07T18:30:57+08:00 ] 111.40.30.232 /Application/Home/bg/logo.png
INFO: [ app_init ] --START--
INFO: Run Behavior\BuildLiteBehavior [ RunTime:0.000009s ]
INFO: [ app_init ] --END-- [ RunTime:0.000241s ]
ERR: 无法加载模块:Application

[ 2018-08-07T18:31:18+08:00 ] 111.40.30.232 /Application/Home/img/%E5%B9%BF%E4%B8%9C%E4%B8%AD%E6%97%85.png
INFO: [ app_init ] --START--
INFO: Run Behavior\BuildLiteBehavior [ RunTime:0.000010s ]
INFO: [ app_init ] --END-- [ RunTime:0.000246s ]
ERR: 无法加载模块:Application

[ 2018-08-07T18:33:50+08:00 ] 111.40.30.232 /Application/Home/bg/logo.png
INFO: [ app_init ] --START--
INFO: Run Behavior\BuildLiteBehavior [ RunTime:0.000010s ]
INFO: [ app_init ] --END-- [ RunTime:0.000251s ]
ERR: 无法加载模块:Application

[ 2018-08-07T18:33:50+08:00 ] 111.40.30.232 /favicon.ico
INFO: [ app_init ] --START--
INFO: Run Behavior\BuildLiteBehavior [ RunTime:0.000009s ]
INFO: [ app_init ] --END-- [ RunTime:0.000235s ]
ERR: 无法加载模块:Favicon

[ 2018-08-07T18:38:18+08:00 ] 111.40.30.232 /Application/Home/bg/logo.png
INFO: [ app_init ] --START--
INFO: Run Behavior\BuildLiteBehavior [ RunTime:0.000009s ]
INFO: [ app_init ] --END-- [ RunTime:0.000239s ]
ERR: 无法加载模块:Application

[ 2018-08-07T18:38:19+08:00 ] 111.40.30.232 /favicon.ico
INFO: [ app_init ] --START--
INFO: Run Behavior\BuildLiteBehavior [ RunTime:0.000010s ]
INFO: [ app_init ] --END-- [ RunTime:0.000244s ]
ERR: 无法加载模块:Favicon

[ 2018-08-07T18:39:12+08:00 ] 111.40.30.232 /Application/Home/bg/logo.png
INFO: [ app_init ] --START--
INFO: Run Behavior\BuildLiteBehavior [ RunTime:0.000009s ]
INFO: [ app_init ] --END-- [ RunTime:0.000252s ]
ERR: 无法加载模块:Application

[ 2018-08-07T18:39:12+08:00 ] 111.40.30.232 /favicon.ico
INFO: [ app_init ] --START--
INFO: Run Behavior\BuildLiteBehavior [ RunTime:0.000010s ]
INFO: [ app_init ] --END-- [ RunTime:0.000252s ]
ERR: 无法加载模块:Favicon

[ 2018-08-07T18:39:18+08:00 ] 111.40.30.232 /Application/Home/img/%E5%B9%BF%E4%B8%9C%E4%B8%AD%E6%97%85.png
INFO: [ app_init ] --START--
INFO: Run Behavior\BuildLiteBehavior [ RunTime:0.000010s ]
INFO: [ app_init ] --END-- [ RunTime:0.000240s ]
ERR: 无法加载模块:Application

[ 2018-08-07T18:39:18+08:00 ] 111.40.30.232 /Application/Home/bg/logo.png
INFO: [ app_init ] --START--
INFO: Run Behavior\BuildLiteBehavior [ RunTime:0.000009s ]
INFO: [ app_init ] --END-- [ RunTime:0.000236s ]
ERR: 无法加载模块:Application

[ 2018-08-07T18:39:26+08:00 ] 111.40.30.232 /Application/Home/img/%E5%B9%BF%E4%B8%9C%E4%B8%AD%E6%97%85.png
INFO: [ app_init ] --START--
INFO: Run Behavior\BuildLiteBehavior [ RunTime:0.000009s ]
INFO: [ app_init ] --END-- [ RunTime:0.000243s ]
ERR: 无法加载模块:Application

[ 2018-08-07T18:39:26+08:00 ] 111.40.30.232 /Application/Home/img/%E5%B9%BF%E4%B8%9C%E4%B8%AD%E6%97%85.png
INFO: [ app_init ] --START--
INFO: Run Behavior\BuildLiteBehavior [ RunTime:0.000012s ]
INFO: [ app_init ] --END-- [ RunTime:0.000315s ]
ERR: 无法加载模块:Application

[ 2018-08-07T18:39:26+08:00 ] 111.40.30.232 /Application/Home/bg/logo.png
INFO: [ app_init ] --START--
INFO: Run Behavior\BuildLiteBehavior [ RunTime:0.000008s ]
INFO: [ app_init ] --END-- [ RunTime:0.000220s ]
ERR: 无法加载模块:Application

[ 2018-08-07T18:39:27+08:00 ] 111.40.30.232 /Application/Home/bg/logo.png
INFO: [ app_init ] --START--
INFO: Run Behavior\BuildLiteBehavior [ RunTime:0.000009s ]
INFO: [ app_init ] --END-- [ RunTime:0.000223s ]
ERR: 无法加载模块:Application

[ 2018-08-07T18:41:18+08:00 ] 111.40.30.232 /Application/Home/bg/logo.png
INFO: [ app_init ] --START--
INFO: Run Behavior\BuildLiteBehavior [ RunTime:0.000011s ]
INFO: [ app_init ] --END-- [ RunTime:0.000278s ]
ERR: 无法加载模块:Application

[ 2018-08-07T18:41:22+08:00 ] 111.40.30.232 /Application/Home/bg/logo.png
INFO: [ app_init ] --START--
INFO: Run Behavior\BuildLiteBehavior [ RunTime:0.000009s ]
INFO: [ app_init ] --END-- [ RunTime:0.000248s ]
ERR: 无法加载模块:Application

[ 2018-08-07T18:41:22+08:00 ] 111.40.30.232 /favicon.ico
INFO: [ app_init ] --START--
INFO: Run Behavior\BuildLiteBehavior [ RunTime:0.000010s ]
INFO: [ app_init ] --END-- [ RunTime:0.000251s ]
ERR: 无法加载模块:Favicon

[ 2018-08-07T18:41:28+08:00 ] 111.40.30.232 /Application/Home/img/%E5%B9%BF%E4%B8%9C%E4%B8%AD%E6%97%85.png
INFO: [ app_init ] --START--
INFO: Run Behavior\BuildLiteBehavior [ RunTime:0.000009s ]
INFO: [ app_init ] --END-- [ RunTime:0.000248s ]
ERR: 无法加载模块:Application

[ 2018-08-07T18:41:28+08:00 ] 111.40.30.232 /Application/Home/bg/logo.png
INFO: [ app_init ] --START--
INFO: Run Behavior\BuildLiteBehavior [ RunTime:0.000011s ]
INFO: [ app_init ] --END-- [ RunTime:0.000265s ]
ERR: 无法加载模块:Application

[ 2018-08-07T19:05:27+08:00 ] 111.40.30.232 /Application/Home/img/%E5%B9%BF%E4%B8%9C%E4%B8%AD%E6%97%85.png
INFO: [ app_init ] --START--
INFO: Run Behavior\BuildLiteBehavior [ RunTime:0.000010s ]
INFO: [ app_init ] --END-- [ RunTime:0.000255s ]
ERR: 无法加载模块:Application

[ 2018-08-07T19:05:28+08:00 ] 111.40.30.232 /Application/Home/bg/logo.png
INFO: [ app_init ] --START--
INFO: Run Behavior\BuildLiteBehavior [ RunTime:0.000009s ]
INFO: [ app_init ] --END-- [ RunTime:0.000227s ]
ERR: 无法加载模块:Application

[ 2018-08-07T19:05:31+08:00 ] 111.40.30.232 /Application/Home/bg/logo.png
INFO: [ app_init ] --START--
INFO: Run Behavior\BuildLiteBehavior [ RunTime:0.000009s ]
INFO: [ app_init ] --END-- [ RunTime:0.000226s ]
ERR: 无法加载模块:Application

[ 2018-08-07T19:05:36+08:00 ] 111.40.30.232 /Application/Home/img/%E5%B9%BF%E4%B8%9C%E4%B8%AD%E6%97%85.png
INFO: [ app_init ] --START--
INFO: Run Behavior\BuildLiteBehavior [ RunTime:0.000010s ]
INFO: [ app_init ] --END-- [ RunTime:0.000321s ]
ERR: 无法加载模块:Application

[ 2018-08-07T19:11:33+08:00 ] 1.62.156.184 /images/zoom-tblr.png
INFO: [ app_init ] --START--
INFO: Run Behavior\BuildLiteBehavior [ RunTime:0.000011s ]
INFO: [ app_init ] --END-- [ RunTime:0.000254s ]
ERR: 无法加载模块:Images

[ 2018-08-07T19:11:33+08:00 ] 1.62.156.184 /Application/Home/img/%E5%B9%BF%E4%B8%9C%E4%B8%AD%E6%97%85.png
INFO: [ app_init ] --START--
INFO: Run Behavior\BuildLiteBehavior [ RunTime:0.000010s ]
INFO: [ app_init ] --END-- [ RunTime:0.000266s ]
ERR: 无法加载模块:Application

[ 2018-08-07T19:11:34+08:00 ] 1.62.156.184 /Application/Home/bg/logo.png
INFO: [ app_init ] --START--
INFO: Run Behavior\BuildLiteBehavior [ RunTime:0.000010s ]
INFO: [ app_init ] --END-- [ RunTime:0.000256s ]
ERR: 无法加载模块:Application

[ 2018-08-07T19:11:36+08:00 ] 1.62.156.184 /Application/Home/bg/logo.png
INFO: [ app_init ] --START--
INFO: Run Behavior\BuildLiteBehavior [ RunTime:0.000009s ]
INFO: [ app_init ] --END-- [ RunTime:0.000233s ]
ERR: 无法加载模块:Application

[ 2018-08-07T19:11:38+08:00 ] 1.62.156.184 /Application/Home/img/%E5%B9%BF%E4%B8%9C%E4%B8%AD%E6%97%85.png
INFO: [ app_init ] --START--
INFO: Run Behavior\BuildLiteBehavior [ RunTime:0.000010s ]
INFO: [ app_init ] --END-- [ RunTime:0.000246s ]
ERR: 无法加载模块:Application

[ 2018-08-07T19:11:38+08:00 ] 1.62.156.184 /Application/Home/bg/logo.png
INFO: [ app_init ] --START--
INFO: Run Behavior\BuildLiteBehavior [ RunTime:0.000009s ]
INFO: [ app_init ] --END-- [ RunTime:0.000239s ]
ERR: 无法加载模块:Application

[ 2018-08-07T19:11:39+08:00 ] 1.62.156.184 /Application/Home/bg/logo.png
INFO: [ app_init ] --START--
INFO: Run Behavior\BuildLiteBehavior [ RunTime:0.000009s ]
INFO: [ app_init ] --END-- [ RunTime:0.000234s ]
ERR: 无法加载模块:Application

[ 2018-08-07T19:11:43+08:00 ] 1.62.156.184 /Application/Home/bg/logo.png
INFO: [ app_init ] --START--
INFO: Run Behavior\BuildLiteBehavior [ RunTime:0.000009s ]
INFO: [ app_init ] --END-- [ RunTime:0.000243s ]
ERR: 无法加载模块:Application

[ 2018-08-07T19:11:45+08:00 ] 1.62.156.184 /Application/Home/img/%E5%B9%BF%E4%B8%9C%E4%B8%AD%E6%97%85.png
INFO: [ app_init ] --START--
INFO: Run Behavior\BuildLiteBehavior [ RunTime:0.000009s ]
INFO: [ app_init ] --END-- [ RunTime:0.000241s ]
ERR: 无法加载模块:Application

[ 2018-08-07T19:11:45+08:00 ] 1.62.156.184 /Application/Home/bg/logo.png
INFO: [ app_init ] --START--
INFO: Run Behavior\BuildLiteBehavior [ RunTime:0.000010s ]
INFO: [ app_init ] --END-- [ RunTime:0.000248s ]
ERR: 无法加载模块:Application

[ 2018-08-07T19:15:08+08:00 ] 1.62.156.184 /robots.txt
INFO: [ app_init ] --START--
INFO: Run Behavior\BuildLiteBehavior [ RunTime:0.000012s ]
INFO: [ app_init ] --END-- [ RunTime:0.000342s ]
ERR: 无法加载模块:Robots

[ 2018-08-07T19:15:08+08:00 ] 1.62.156.184 /Application/Home/bg/logo.png
INFO: [ app_init ] --START--
INFO: Run Behavior\BuildLiteBehavior [ RunTime:0.000009s ]
INFO: [ app_init ] --END-- [ RunTime:0.000244s ]
ERR: 无法加载模块:Application

[ 2018-08-07T19:15:11+08:00 ] 1.62.156.184 /Application/Home/bg/logo.png
INFO: [ app_init ] --START--
INFO: Run Behavior\BuildLiteBehavior [ RunTime:0.000009s ]
INFO: [ app_init ] --END-- [ RunTime:0.000251s ]
ERR: 无法加载模块:Application

[ 2018-08-07T19:15:39+08:00 ] 1.62.156.184 /Common/LoadCityByProvince
INFO: [ app_init ] --START--
INFO: Run Behavior\BuildLiteBehavior [ RunTime:0.000010s ]
INFO: [ app_init ] --END-- [ RunTime:0.000252s ]
ERR: 无法加载模块:Common

[ 2018-08-07T19:16:14+08:00 ] 1.62.156.184 /Application/Home/img/%E5%B9%BF%E4%B8%9C%E4%B8%AD%E6%97%85.png
INFO: [ app_init ] --START--
INFO: Run Behavior\BuildLiteBehavior [ RunTime:0.000009s ]
INFO: [ app_init ] --END-- [ RunTime:0.000240s ]
ERR: 无法加载模块:Application

[ 2018-08-07T19:16:15+08:00 ] 1.62.156.184 /Application/Home/bg/logo.png
INFO: [ app_init ] --START--
INFO: Run Behavior\BuildLiteBehavior [ RunTime:0.000014s ]
INFO: [ app_init ] --END-- [ RunTime:0.000371s ]
ERR: 无法加载模块:Application

[ 2018-08-07T19:16:17+08:00 ] 1.62.156.184 /Application/Home/bg/logo.png
INFO: [ app_init ] --START--
INFO: Run Behavior\BuildLiteBehavior [ RunTime:0.000010s ]
INFO: [ app_init ] --END-- [ RunTime:0.000241s ]
ERR: 无法加载模块:Application

[ 2018-08-07T19:16:29+08:00 ] 1.62.156.184 /Application/Home/img/%E5%B9%BF%E4%B8%9C%E4%B8%AD%E6%97%85.png
INFO: [ app_init ] --START--
INFO: Run Behavior\BuildLiteBehavior [ RunTime:0.000008s ]
INFO: [ app_init ] --END-- [ RunTime:0.000241s ]
ERR: 无法加载模块:Application

[ 2018-08-07T19:16:29+08:00 ] 1.62.156.184 /Application/Home/bg/logo.png
INFO: [ app_init ] --START--
INFO: Run Behavior\BuildLiteBehavior [ RunTime:0.000009s ]
INFO: [ app_init ] --END-- [ RunTime:0.000249s ]
ERR: 无法加载模块:Application

[ 2018-08-07T19:16:31+08:00 ] 1.62.156.184 /Common/GetAllCarSeat
INFO: [ app_init ] --START--
INFO: Run Behavior\BuildLiteBehavior [ RunTime:0.000009s ]
INFO: [ app_init ] --END-- [ RunTime:0.000242s ]
ERR: 无法加载模块:Common

[ 2018-08-07T19:16:31+08:00 ] 1.62.156.184 /Application/Home/bg/logo.png
INFO: [ app_init ] --START--
INFO: Run Behavior\BuildLiteBehavior [ RunTime:0.000008s ]
INFO: [ app_init ] --END-- [ RunTime:0.000241s ]
ERR: 无法加载模块:Application

[ 2018-08-07T19:16:36+08:00 ] 1.62.156.184 /Application/Home/bg/ui-bg_highlight-soft_75_00A600_1x100.png
INFO: [ app_init ] --START--
INFO: Run Behavior\BuildLiteBehavior [ RunTime:0.000013s ]
INFO: [ app_init ] --END-- [ RunTime:0.000347s ]
ERR: 无法加载模块:Application

[ 2018-08-07T19:16:36+08:00 ] 1.62.156.184 /Application/Home/bg/ui-bg_gloss-wave_35_00A600_500x100.png
INFO: [ app_init ] --START--
INFO: Run Behavior\BuildLiteBehavior [ RunTime:0.000012s ]
INFO: [ app_init ] --END-- [ RunTime:0.000327s ]
ERR: 无法加载模块:Application

[ 2018-08-07T19:16:56+08:00 ] 1.62.156.184 /Scripts/CustomJS/config.js
INFO: [ app_init ] --START--
INFO: Run Behavior\BuildLiteBehavior [ RunTime:0.000010s ]
INFO: [ app_init ] --END-- [ RunTime:0.000245s ]
ERR: 无法加载模块:Scripts

