[ 2018-08-22T09:57:16+08:00 ] 127.0.0.1 /admin
INFO: [ app_init ] --START--
INFO: Run Behavior\BuildLiteBehavior [ RunTime:0.000000s ]
INFO: [ app_init ] --END-- [ RunTime:0.001000s ]
INFO: [ app_begin ] --START--
INFO: Run Behavior\ReadHtmlCacheBehavior [ RunTime:0.002000s ]
INFO: [ app_begin ] --END-- [ RunTime:0.002000s ]
INFO: [ view_parse ] --START--
INFO: [ template_filter ] --START--
INFO: Run Behavior\ContentReplaceBehavior [ RunTime:0.000000s ]
INFO: [ template_filter ] --END-- [ RunTime:0.000000s ]
INFO: Run Behavior\ParseTemplateBehavior [ RunTime:0.019001s ]
INFO: [ view_parse ] --END-- [ RunTime:0.019001s ]
INFO: [ view_filter ] --START--
INFO: Run Behavior\WriteHtmlCacheBehavior [ RunTime:0.002000s ]
INFO: [ view_filter ] --END-- [ RunTime:0.002000s ]
INFO: [ app_end ] --START--
INFO: Run Behavior\ShowPageTraceBehavior [ RunTime:0.002001s ]
INFO: [ app_end ] --END-- [ RunTime:0.002001s ]

[ 2018-08-22T09:57:21+08:00 ] 127.0.0.1 /index.php/Admin/user/login.html
INFO: [ app_init ] --START--
INFO: Run Behavior\BuildLiteBehavior [ RunTime:0.000000s ]
INFO: [ app_init ] --END-- [ RunTime:0.001000s ]
INFO: [ app_begin ] --START--
INFO: Run Behavior\ReadHtmlCacheBehavior [ RunTime:0.002000s ]
INFO: [ app_begin ] --END-- [ RunTime:0.002000s ]
SQL: SHOW COLUMNS FROM `tp_users` [ RunTime:0.0340s ]
SQL: SELECT * FROM `tp_users` WHERE `login_name` = 'admin' AND `password` = 'e10adc3949ba59abbe56e057f20f883e' LIMIT 1   [ RunTime:0.0010s ]
NOTIC: [8] session_start(): A session had already been started - ignoring D:\upupw\htdocs\Application\Admin\Controller\UserController.class.php 第 15 行.

[ 2018-08-22T09:57:21+08:00 ] 127.0.0.1 /index.php/Admin/Index/admin_index.html
INFO: [ app_init ] --START--
INFO: Run Behavior\BuildLiteBehavior [ RunTime:0.000000s ]
INFO: [ app_init ] --END-- [ RunTime:0.001000s ]
INFO: [ app_begin ] --START--
INFO: Run Behavior\ReadHtmlCacheBehavior [ RunTime:0.002001s ]
INFO: [ app_begin ] --END-- [ RunTime:0.002001s ]
INFO: [ view_parse ] --START--
INFO: [ template_filter ] --START--
INFO: Run Behavior\ContentReplaceBehavior [ RunTime:0.000000s ]
INFO: [ template_filter ] --END-- [ RunTime:0.000000s ]
INFO: Run Behavior\ParseTemplateBehavior [ RunTime:0.025001s ]
INFO: [ view_parse ] --END-- [ RunTime:0.025001s ]
INFO: [ view_filter ] --START--
INFO: Run Behavior\WriteHtmlCacheBehavior [ RunTime:0.001000s ]
INFO: [ view_filter ] --END-- [ RunTime:0.001000s ]
INFO: [ app_end ] --START--
INFO: Run Behavior\ShowPageTraceBehavior [ RunTime:0.002000s ]
INFO: [ app_end ] --END-- [ RunTime:0.002000s ]

[ 2018-08-22T10:21:31+08:00 ] 127.0.0.1 /index.php/Admin/city/city_price.html
INFO: [ app_init ] --START--
INFO: Run Behavior\BuildLiteBehavior [ RunTime:0.000000s ]
INFO: [ app_init ] --END-- [ RunTime:0.001000s ]
INFO: [ app_begin ] --START--
INFO: Run Behavior\ReadHtmlCacheBehavior [ RunTime:0.002000s ]
INFO: [ app_begin ] --END-- [ RunTime:0.002000s ]
SQL: SHOW COLUMNS FROM `tp_car` [ RunTime:0.0570s ]
SQL: SELECT * FROM `tp_car`  [ RunTime:0.0100s ]
INFO: [ view_parse ] --START--
INFO: [ template_filter ] --START--
INFO: Run Behavior\ContentReplaceBehavior [ RunTime:0.000000s ]
INFO: [ template_filter ] --END-- [ RunTime:0.000000s ]
INFO: Run Behavior\ParseTemplateBehavior [ RunTime:0.029002s ]
INFO: [ view_parse ] --END-- [ RunTime:0.029002s ]
INFO: [ view_filter ] --START--
INFO: Run Behavior\WriteHtmlCacheBehavior [ RunTime:0.002000s ]
INFO: [ view_filter ] --END-- [ RunTime:0.002000s ]
INFO: [ app_end ] --START--
INFO: Run Behavior\ShowPageTraceBehavior [ RunTime:0.002000s ]
INFO: [ app_end ] --END-- [ RunTime:0.002000s ]

[ 2018-08-22T11:01:58+08:00 ] 127.0.0.1 /Admin/City/city_price_list
INFO: [ app_init ] --START--
INFO: Run Behavior\BuildLiteBehavior [ RunTime:0.000000s ]
INFO: [ app_init ] --END-- [ RunTime:0.001000s ]
INFO: [ app_begin ] --START--
INFO: Run Behavior\ReadHtmlCacheBehavior [ RunTime:0.002000s ]
INFO: [ app_begin ] --END-- [ RunTime:0.002000s ]
SQL: SHOW COLUMNS FROM `tp_cityprice` [ RunTime:0.0180s ]
SQL: SELECT * FROM `tp_cityprice` WHERE `city` = '北京' AND `car_id` = 0 LIMIT 1   [ RunTime:0.0000s ]

[ 2018-08-22T11:01:59+08:00 ] 127.0.0.1 /Admin/City/city_price_list
INFO: [ app_init ] --START--
INFO: Run Behavior\BuildLiteBehavior [ RunTime:0.000000s ]
INFO: [ app_init ] --END-- [ RunTime:0.001000s ]
INFO: [ app_begin ] --START--
INFO: Run Behavior\ReadHtmlCacheBehavior [ RunTime:0.002000s ]
INFO: [ app_begin ] --END-- [ RunTime:0.002000s ]
SQL: SHOW COLUMNS FROM `tp_cityprice` [ RunTime:0.0050s ]
SQL: SELECT * FROM `tp_cityprice` WHERE `city` = '北京' AND `car_id` = 1 LIMIT 1   [ RunTime:0.0000s ]

[ 2018-08-22T11:02:01+08:00 ] 127.0.0.1 /Admin/City/city_price_list
INFO: [ app_init ] --START--
INFO: Run Behavior\BuildLiteBehavior [ RunTime:0.000000s ]
INFO: [ app_init ] --END-- [ RunTime:0.000000s ]
INFO: [ app_begin ] --START--
INFO: Run Behavior\ReadHtmlCacheBehavior [ RunTime:0.001000s ]
INFO: [ app_begin ] --END-- [ RunTime:0.001000s ]
SQL: SHOW COLUMNS FROM `tp_cityprice` [ RunTime:0.0050s ]
SQL: SELECT * FROM `tp_cityprice` WHERE `city` = '天津' AND `car_id` = 1 LIMIT 1   [ RunTime:0.0000s ]

[ 2018-08-22T11:02:04+08:00 ] 127.0.0.1 /Admin/City/city_price_list
INFO: [ app_init ] --START--
INFO: Run Behavior\BuildLiteBehavior [ RunTime:0.000000s ]
INFO: [ app_init ] --END-- [ RunTime:0.000000s ]
INFO: [ app_begin ] --START--
INFO: Run Behavior\ReadHtmlCacheBehavior [ RunTime:0.001000s ]
INFO: [ app_begin ] --END-- [ RunTime:0.001000s ]
SQL: SHOW COLUMNS FROM `tp_cityprice` [ RunTime:0.0050s ]
SQL: SELECT * FROM `tp_cityprice` WHERE `city` = '天津' AND `car_id` = 2 LIMIT 1   [ RunTime:0.0000s ]

[ 2018-08-22T11:02:06+08:00 ] 127.0.0.1 /Admin/City/city_price_list
INFO: [ app_init ] --START--
INFO: Run Behavior\BuildLiteBehavior [ RunTime:0.000000s ]
INFO: [ app_init ] --END-- [ RunTime:0.000000s ]
INFO: [ app_begin ] --START--
INFO: Run Behavior\ReadHtmlCacheBehavior [ RunTime:0.002000s ]
INFO: [ app_begin ] --END-- [ RunTime:0.002000s ]
SQL: SHOW COLUMNS FROM `tp_cityprice` [ RunTime:0.0050s ]
SQL: SELECT * FROM `tp_cityprice` WHERE `city` = '广州' AND `car_id` = 2 LIMIT 1   [ RunTime:0.0000s ]

[ 2018-08-22T11:02:07+08:00 ] 127.0.0.1 /Admin/City/city_price_list
INFO: [ app_init ] --START--
INFO: Run Behavior\BuildLiteBehavior [ RunTime:0.000000s ]
INFO: [ app_init ] --END-- [ RunTime:0.000000s ]
INFO: [ app_begin ] --START--
INFO: Run Behavior\ReadHtmlCacheBehavior [ RunTime:0.002000s ]
INFO: [ app_begin ] --END-- [ RunTime:0.002000s ]
SQL: SHOW COLUMNS FROM `tp_cityprice` [ RunTime:0.0050s ]
SQL: SELECT * FROM `tp_cityprice` WHERE `city` = '广州' AND `car_id` = 3 LIMIT 1   [ RunTime:0.0010s ]

[ 2018-08-22T11:02:09+08:00 ] 127.0.0.1 /Admin/City/city_price_list
INFO: [ app_init ] --START--
INFO: Run Behavior\BuildLiteBehavior [ RunTime:0.000000s ]
INFO: [ app_init ] --END-- [ RunTime:0.001000s ]
INFO: [ app_begin ] --START--
INFO: Run Behavior\ReadHtmlCacheBehavior [ RunTime:0.002000s ]
INFO: [ app_begin ] --END-- [ RunTime:0.002000s ]
SQL: SHOW COLUMNS FROM `tp_cityprice` [ RunTime:0.0050s ]
SQL: SELECT * FROM `tp_cityprice` WHERE `city` = '天津' AND `car_id` = 3 LIMIT 1   [ RunTime:0.0000s ]

[ 2018-08-22T11:02:10+08:00 ] 127.0.0.1 /Admin/City/city_price_list
INFO: [ app_init ] --START--
INFO: Run Behavior\BuildLiteBehavior [ RunTime:0.000000s ]
INFO: [ app_init ] --END-- [ RunTime:0.000000s ]
INFO: [ app_begin ] --START--
INFO: Run Behavior\ReadHtmlCacheBehavior [ RunTime:0.002000s ]
INFO: [ app_begin ] --END-- [ RunTime:0.002000s ]
SQL: SHOW COLUMNS FROM `tp_cityprice` [ RunTime:0.0050s ]
SQL: SELECT * FROM `tp_cityprice` WHERE `city` = '天津' AND `car_id` = 1 LIMIT 1   [ RunTime:0.0000s ]

[ 2018-08-22T11:02:12+08:00 ] 127.0.0.1 /Admin/City/city_price_list
INFO: [ app_init ] --START--
INFO: Run Behavior\BuildLiteBehavior [ RunTime:0.000000s ]
INFO: [ app_init ] --END-- [ RunTime:0.001000s ]
INFO: [ app_begin ] --START--
INFO: Run Behavior\ReadHtmlCacheBehavior [ RunTime:0.002000s ]
INFO: [ app_begin ] --END-- [ RunTime:0.002000s ]
SQL: SHOW COLUMNS FROM `tp_cityprice` [ RunTime:0.0050s ]
SQL: SELECT * FROM `tp_cityprice` WHERE `city` = '广州' AND `car_id` = 1 LIMIT 1   [ RunTime:0.0000s ]

[ 2018-08-22T11:02:14+08:00 ] 127.0.0.1 /Admin/City/city_price_list
INFO: [ app_init ] --START--
INFO: Run Behavior\BuildLiteBehavior [ RunTime:0.000000s ]
INFO: [ app_init ] --END-- [ RunTime:0.000000s ]
INFO: [ app_begin ] --START--
INFO: Run Behavior\ReadHtmlCacheBehavior [ RunTime:0.001000s ]
INFO: [ app_begin ] --END-- [ RunTime:0.001000s ]
SQL: SHOW COLUMNS FROM `tp_cityprice` [ RunTime:0.0050s ]
SQL: SELECT * FROM `tp_cityprice` WHERE `city` = '北京' AND `car_id` = 1 LIMIT 1   [ RunTime:0.0000s ]

[ 2018-08-22T11:02:15+08:00 ] 127.0.0.1 /Admin/City/city_price_list
INFO: [ app_init ] --START--
INFO: Run Behavior\BuildLiteBehavior [ RunTime:0.000000s ]
INFO: [ app_init ] --END-- [ RunTime:0.001000s ]
INFO: [ app_begin ] --START--
INFO: Run Behavior\ReadHtmlCacheBehavior [ RunTime:0.002001s ]
INFO: [ app_begin ] --END-- [ RunTime:0.002001s ]
SQL: SHOW COLUMNS FROM `tp_cityprice` [ RunTime:0.0050s ]
SQL: SELECT * FROM `tp_cityprice` WHERE `city` = '北京' AND `car_id` = 2 LIMIT 1   [ RunTime:0.0000s ]

[ 2018-08-22T11:02:17+08:00 ] 127.0.0.1 /Admin/City/city_price_list
INFO: [ app_init ] --START--
INFO: Run Behavior\BuildLiteBehavior [ RunTime:0.000000s ]
INFO: [ app_init ] --END-- [ RunTime:0.001001s ]
INFO: [ app_begin ] --START--
INFO: Run Behavior\ReadHtmlCacheBehavior [ RunTime:0.002000s ]
INFO: [ app_begin ] --END-- [ RunTime:0.002000s ]
SQL: SHOW COLUMNS FROM `tp_cityprice` [ RunTime:0.0050s ]
SQL: SELECT * FROM `tp_cityprice` WHERE `city` = '天津' AND `car_id` = 2 LIMIT 1   [ RunTime:0.0000s ]

[ 2018-08-22T11:02:18+08:00 ] 127.0.0.1 /Admin/City/city_price_list
INFO: [ app_init ] --START--
INFO: Run Behavior\BuildLiteBehavior [ RunTime:0.000000s ]
INFO: [ app_init ] --END-- [ RunTime:0.001000s ]
INFO: [ app_begin ] --START--
INFO: Run Behavior\ReadHtmlCacheBehavior [ RunTime:0.002001s ]
INFO: [ app_begin ] --END-- [ RunTime:0.002001s ]
SQL: SHOW COLUMNS FROM `tp_cityprice` [ RunTime:0.0040s ]
SQL: SELECT * FROM `tp_cityprice` WHERE `city` = '天津' AND `car_id` = 3 LIMIT 1   [ RunTime:0.0000s ]

[ 2018-08-22T11:02:19+08:00 ] 127.0.0.1 /Admin/City/city_price_list
INFO: [ app_init ] --START--
INFO: Run Behavior\BuildLiteBehavior [ RunTime:0.000000s ]
INFO: [ app_init ] --END-- [ RunTime:0.001000s ]
INFO: [ app_begin ] --START--
INFO: Run Behavior\ReadHtmlCacheBehavior [ RunTime:0.002000s ]
INFO: [ app_begin ] --END-- [ RunTime:0.002000s ]
SQL: SHOW COLUMNS FROM `tp_cityprice` [ RunTime:0.0050s ]
SQL: SELECT * FROM `tp_cityprice` WHERE `city` = '上海' AND `car_id` = 3 LIMIT 1   [ RunTime:0.0000s ]

[ 2018-08-22T11:02:23+08:00 ] 127.0.0.1 /Admin/City/city_price_list
INFO: [ app_init ] --START--
INFO: Run Behavior\BuildLiteBehavior [ RunTime:0.000000s ]
INFO: [ app_init ] --END-- [ RunTime:0.001000s ]
INFO: [ app_begin ] --START--
INFO: Run Behavior\ReadHtmlCacheBehavior [ RunTime:0.002000s ]
INFO: [ app_begin ] --END-- [ RunTime:0.002000s ]
SQL: SHOW COLUMNS FROM `tp_cityprice` [ RunTime:0.0050s ]
SQL: SELECT * FROM `tp_cityprice` WHERE `city` = '上海' AND `car_id` = 0 LIMIT 1   [ RunTime:0.0000s ]

[ 2018-08-22T11:02:24+08:00 ] 127.0.0.1 /Admin/City/city_price_list
INFO: [ app_init ] --START--
INFO: Run Behavior\BuildLiteBehavior [ RunTime:0.000000s ]
INFO: [ app_init ] --END-- [ RunTime:0.000000s ]
INFO: [ app_begin ] --START--
INFO: Run Behavior\ReadHtmlCacheBehavior [ RunTime:0.002000s ]
INFO: [ app_begin ] --END-- [ RunTime:0.002000s ]
SQL: SHOW COLUMNS FROM `tp_cityprice` [ RunTime:0.0050s ]
SQL: SELECT * FROM `tp_cityprice` WHERE `city` = '上海' AND `car_id` = 1 LIMIT 1   [ RunTime:0.0000s ]

[ 2018-08-22T11:02:26+08:00 ] 127.0.0.1 /Admin/City/city_price_list
INFO: [ app_init ] --START--
INFO: Run Behavior\BuildLiteBehavior [ RunTime:0.000000s ]
INFO: [ app_init ] --END-- [ RunTime:0.001000s ]
INFO: [ app_begin ] --START--
INFO: Run Behavior\ReadHtmlCacheBehavior [ RunTime:0.002000s ]
INFO: [ app_begin ] --END-- [ RunTime:0.002000s ]
SQL: SHOW COLUMNS FROM `tp_cityprice` [ RunTime:0.0050s ]
SQL: SELECT * FROM `tp_cityprice` WHERE `city` = '上海' AND `car_id` = 0 LIMIT 1   [ RunTime:0.0000s ]

[ 2018-08-22T11:02:35+08:00 ] 127.0.0.1 /Admin/City/city_price_list
INFO: [ app_init ] --START--
INFO: Run Behavior\BuildLiteBehavior [ RunTime:0.000000s ]
INFO: [ app_init ] --END-- [ RunTime:0.000000s ]
INFO: [ app_begin ] --START--
INFO: Run Behavior\ReadHtmlCacheBehavior [ RunTime:0.002000s ]
INFO: [ app_begin ] --END-- [ RunTime:0.002000s ]
SQL: SHOW COLUMNS FROM `tp_cityprice` [ RunTime:0.0050s ]
SQL: SELECT * FROM `tp_cityprice` WHERE `city` = '上海' AND `car_id` = 1 LIMIT 1   [ RunTime:0.0010s ]

[ 2018-08-22T14:01:58+08:00 ] 127.0.0.1 /index.php/Admin/city/city_price.html
INFO: [ app_init ] --START--
INFO: Run Behavior\BuildLiteBehavior [ RunTime:0.000000s ]
INFO: [ app_init ] --END-- [ RunTime:0.001000s ]
INFO: [ app_begin ] --START--
INFO: Run Behavior\ReadHtmlCacheBehavior [ RunTime:0.001000s ]
INFO: [ app_begin ] --END-- [ RunTime:0.001000s ]
SQL: SHOW COLUMNS FROM `tp_car` [ RunTime:0.0080s ]
SQL: SELECT * FROM `tp_car`  [ RunTime:0.0000s ]
INFO: [ view_parse ] --START--
INFO: [ template_filter ] --START--
INFO: Run Behavior\ContentReplaceBehavior [ RunTime:0.000000s ]
INFO: [ template_filter ] --END-- [ RunTime:0.000000s ]
INFO: Run Behavior\ParseTemplateBehavior [ RunTime:0.015001s ]
INFO: [ view_parse ] --END-- [ RunTime:0.015001s ]
INFO: [ view_filter ] --START--
INFO: Run Behavior\WriteHtmlCacheBehavior [ RunTime:0.001000s ]
INFO: [ view_filter ] --END-- [ RunTime:0.001000s ]
INFO: [ app_end ] --START--
INFO: Run Behavior\ShowPageTraceBehavior [ RunTime:0.001000s ]
INFO: [ app_end ] --END-- [ RunTime:0.001000s ]

[ 2018-08-22T14:55:45+08:00 ] 127.0.0.1 /index.php/Admin/city/city_price.html
INFO: [ app_init ] --START--
INFO: Run Behavior\BuildLiteBehavior [ RunTime:0.000000s ]
INFO: [ app_init ] --END-- [ RunTime:0.001000s ]
INFO: [ app_begin ] --START--
INFO: Run Behavior\ReadHtmlCacheBehavior [ RunTime:0.002000s ]
INFO: [ app_begin ] --END-- [ RunTime:0.002000s ]
SQL: SHOW COLUMNS FROM `tp_car` [ RunTime:0.0070s ]
SQL: SELECT * FROM `tp_car`  [ RunTime:0.0000s ]
INFO: [ view_parse ] --START--
INFO: [ template_filter ] --START--
INFO: Run Behavior\ContentReplaceBehavior [ RunTime:0.000000s ]
INFO: [ template_filter ] --END-- [ RunTime:0.000000s ]
INFO: Run Behavior\ParseTemplateBehavior [ RunTime:0.015001s ]
INFO: [ view_parse ] --END-- [ RunTime:0.015001s ]
INFO: [ view_filter ] --START--
INFO: Run Behavior\WriteHtmlCacheBehavior [ RunTime:0.001000s ]
INFO: [ view_filter ] --END-- [ RunTime:0.001000s ]
INFO: [ app_end ] --START--
INFO: Run Behavior\ShowPageTraceBehavior [ RunTime:0.002000s ]
INFO: [ app_end ] --END-- [ RunTime:0.002000s ]

[ 2018-08-22T15:22:05+08:00 ] 127.0.0.1 /admin
INFO: [ app_init ] --START--
INFO: Run Behavior\BuildLiteBehavior [ RunTime:0.000000s ]
INFO: [ app_init ] --END-- [ RunTime:0.001000s ]
INFO: [ app_begin ] --START--
INFO: Run Behavior\ReadHtmlCacheBehavior [ RunTime:0.002000s ]
INFO: [ app_begin ] --END-- [ RunTime:0.002000s ]
INFO: [ view_parse ] --START--
INFO: [ template_filter ] --START--
INFO: Run Behavior\ContentReplaceBehavior [ RunTime:0.000000s ]
INFO: [ template_filter ] --END-- [ RunTime:0.000000s ]
INFO: Run Behavior\ParseTemplateBehavior [ RunTime:0.012001s ]
INFO: [ view_parse ] --END-- [ RunTime:0.012001s ]
INFO: [ view_filter ] --START--
INFO: Run Behavior\WriteHtmlCacheBehavior [ RunTime:0.002000s ]
INFO: [ view_filter ] --END-- [ RunTime:0.002000s ]
INFO: [ app_end ] --START--
INFO: Run Behavior\ShowPageTraceBehavior [ RunTime:0.002000s ]
INFO: [ app_end ] --END-- [ RunTime:0.002000s ]

[ 2018-08-22T15:22:10+08:00 ] 127.0.0.1 /index.php/Admin/user/login.html
INFO: [ app_init ] --START--
INFO: Run Behavior\BuildLiteBehavior [ RunTime:0.000000s ]
INFO: [ app_init ] --END-- [ RunTime:0.001000s ]
INFO: [ app_begin ] --START--
INFO: Run Behavior\ReadHtmlCacheBehavior [ RunTime:0.001000s ]
INFO: [ app_begin ] --END-- [ RunTime:0.002000s ]
SQL: SHOW COLUMNS FROM `tp_users` [ RunTime:0.0050s ]
SQL: SELECT * FROM `tp_users` WHERE `login_name` = 'admin' AND `password` = 'e10adc3949ba59abbe56e057f20f883e' LIMIT 1   [ RunTime:0.0010s ]
NOTIC: [8] session_start(): A session had already been started - ignoring D:\upupw\htdocs\Application\Admin\Controller\UserController.class.php 第 15 行.

[ 2018-08-22T15:22:10+08:00 ] 127.0.0.1 /index.php/Admin/Index/admin_index.html
INFO: [ app_init ] --START--
INFO: Run Behavior\BuildLiteBehavior [ RunTime:0.000000s ]
INFO: [ app_init ] --END-- [ RunTime:0.001000s ]
INFO: [ app_begin ] --START--
INFO: Run Behavior\ReadHtmlCacheBehavior [ RunTime:0.002000s ]
INFO: [ app_begin ] --END-- [ RunTime:0.002000s ]
INFO: [ view_parse ] --START--
INFO: [ template_filter ] --START--
INFO: Run Behavior\ContentReplaceBehavior [ RunTime:0.000000s ]
INFO: [ template_filter ] --END-- [ RunTime:0.000000s ]
INFO: Run Behavior\ParseTemplateBehavior [ RunTime:0.012001s ]
INFO: [ view_parse ] --END-- [ RunTime:0.012001s ]
INFO: [ view_filter ] --START--
INFO: Run Behavior\WriteHtmlCacheBehavior [ RunTime:0.002000s ]
INFO: [ view_filter ] --END-- [ RunTime:0.002000s ]
INFO: [ app_end ] --START--
INFO: Run Behavior\ShowPageTraceBehavior [ RunTime:0.001000s ]
INFO: [ app_end ] --END-- [ RunTime:0.001000s ]

[ 2018-08-22T16:51:51+08:00 ] 127.0.0.1 /index.php/Admin/city/city_price.html
INFO: [ app_init ] --START--
INFO: Run Behavior\BuildLiteBehavior [ RunTime:0.000000s ]
INFO: [ app_init ] --END-- [ RunTime:0.000000s ]
INFO: [ app_begin ] --START--
INFO: Run Behavior\ReadHtmlCacheBehavior [ RunTime:0.002000s ]
INFO: [ app_begin ] --END-- [ RunTime:0.002000s ]
SQL: SHOW COLUMNS FROM `tp_car` [ RunTime:0.0070s ]
SQL: SELECT * FROM `tp_car`  [ RunTime:0.0010s ]
INFO: [ view_parse ] --START--
INFO: [ template_filter ] --START--
INFO: Run Behavior\ContentReplaceBehavior [ RunTime:0.000000s ]
INFO: [ template_filter ] --END-- [ RunTime:0.000000s ]
NOTIC: [8] Undefined index: admin_id D:\upupw\htdocs\Application\Runtime\Cache\Admin\8a0e63d5c170ec43ae42a10a54de7993.php 第 21 行.
INFO: Run Behavior\ParseTemplateBehavior [ RunTime:0.014001s ]
INFO: [ view_parse ] --END-- [ RunTime:0.014001s ]
INFO: [ view_filter ] --START--
INFO: Run Behavior\WriteHtmlCacheBehavior [ RunTime:0.001000s ]
INFO: [ view_filter ] --END-- [ RunTime:0.001000s ]
INFO: [ app_end ] --START--
INFO: Run Behavior\ShowPageTraceBehavior [ RunTime:0.002000s ]
INFO: [ app_end ] --END-- [ RunTime:0.002000s ]

[ 2018-08-22T16:51:55+08:00 ] 127.0.0.1 /Admin/City/city_price_list
INFO: [ app_init ] --START--
INFO: Run Behavior\BuildLiteBehavior [ RunTime:0.000000s ]
INFO: [ app_init ] --END-- [ RunTime:0.000000s ]
INFO: [ app_begin ] --START--
INFO: Run Behavior\ReadHtmlCacheBehavior [ RunTime:0.001000s ]
INFO: [ app_begin ] --END-- [ RunTime:0.001000s ]
SQL: SHOW COLUMNS FROM `tp_cityprice` [ RunTime:0.0070s ]
SQL: SELECT * FROM `tp_cityprice` WHERE `city` = '哈尔滨' AND `car_id` = 0 LIMIT 1   [ RunTime:0.0010s ]

[ 2018-08-22T16:51:56+08:00 ] 127.0.0.1 /Admin/City/city_price_list
INFO: [ app_init ] --START--
INFO: Run Behavior\BuildLiteBehavior [ RunTime:0.000000s ]
INFO: [ app_init ] --END-- [ RunTime:0.001000s ]
INFO: [ app_begin ] --START--
INFO: Run Behavior\ReadHtmlCacheBehavior [ RunTime:0.002000s ]
INFO: [ app_begin ] --END-- [ RunTime:0.002000s ]
SQL: SHOW COLUMNS FROM `tp_cityprice` [ RunTime:0.0080s ]
SQL: SELECT * FROM `tp_cityprice` WHERE `city` = '哈尔滨' AND `car_id` = 1 LIMIT 1   [ RunTime:0.0000s ]

[ 2018-08-22T16:51:59+08:00 ] 127.0.0.1 /Admin/City/city_price_info
INFO: [ app_init ] --START--
INFO: Run Behavior\BuildLiteBehavior [ RunTime:0.000000s ]
INFO: [ app_init ] --END-- [ RunTime:0.001000s ]
INFO: [ app_begin ] --START--
INFO: Run Behavior\ReadHtmlCacheBehavior [ RunTime:0.002000s ]
INFO: [ app_begin ] --END-- [ RunTime:0.002000s ]
SQL: SHOW COLUMNS FROM `tp_cityprice` [ RunTime:0.0070s ]
SQL: SELECT * FROM `tp_cityprice` WHERE `city` = '哈尔滨' AND `car_id` = 1 LIMIT 1   [ RunTime:0.0000s ]
SQL: INSERT INTO `tp_cityprice` (`city`,`city_price`,`car_id`) VALUES ('哈尔滨','1111','1') [ RunTime:0.0000s ]

[ 2018-08-22T16:54:34+08:00 ] 127.0.0.1 /Admin/City/city_price_list
INFO: [ app_init ] --START--
INFO: Run Behavior\BuildLiteBehavior [ RunTime:0.000000s ]
INFO: [ app_init ] --END-- [ RunTime:0.000000s ]
INFO: [ app_begin ] --START--
INFO: Run Behavior\ReadHtmlCacheBehavior [ RunTime:0.002000s ]
INFO: [ app_begin ] --END-- [ RunTime:0.002000s ]
SQL: SHOW COLUMNS FROM `tp_cityprice` [ RunTime:0.0070s ]
SQL: SELECT * FROM `tp_cityprice` WHERE `city` = '哈尔滨' AND `car_id` = 2 LIMIT 1   [ RunTime:0.0010s ]

[ 2018-08-22T16:54:36+08:00 ] 127.0.0.1 /Admin/City/city_price_info
INFO: [ app_init ] --START--
INFO: Run Behavior\BuildLiteBehavior [ RunTime:0.000000s ]
INFO: [ app_init ] --END-- [ RunTime:0.001000s ]
INFO: [ app_begin ] --START--
INFO: Run Behavior\ReadHtmlCacheBehavior [ RunTime:0.001000s ]
INFO: [ app_begin ] --END-- [ RunTime:0.001000s ]
SQL: SHOW COLUMNS FROM `tp_cityprice` [ RunTime:0.0080s ]
SQL: SELECT * FROM `tp_cityprice` WHERE `city` = '哈尔滨' AND `car_id` = 2 LIMIT 1   [ RunTime:0.0000s ]
SQL: INSERT INTO `tp_cityprice` (`city`,`city_price`,`car_id`) VALUES ('哈尔滨','123321','2') [ RunTime:0.0010s ]

[ 2018-08-22T17:54:09+08:00 ] 127.0.0.1 /index.php/Admin/city/city_price.html
INFO: [ app_init ] --START--
INFO: Run Behavior\BuildLiteBehavior [ RunTime:0.000000s ]
INFO: [ app_init ] --END-- [ RunTime:0.001000s ]
INFO: [ app_begin ] --START--
INFO: Run Behavior\ReadHtmlCacheBehavior [ RunTime:0.001000s ]
INFO: [ app_begin ] --END-- [ RunTime:0.002000s ]
SQL: SHOW COLUMNS FROM `tp_car` [ RunTime:0.0080s ]
SQL: SELECT * FROM `tp_car`  [ RunTime:0.0000s ]
INFO: [ view_parse ] --START--
INFO: [ template_filter ] --START--
INFO: Run Behavior\ContentReplaceBehavior [ RunTime:0.000000s ]
INFO: [ template_filter ] --END-- [ RunTime:0.000000s ]
NOTIC: [8] Undefined index: admin_id D:\upupw\htdocs\Application\Runtime\Cache\Admin\8a0e63d5c170ec43ae42a10a54de7993.php 第 21 行.
INFO: Run Behavior\ParseTemplateBehavior [ RunTime:0.015001s ]
INFO: [ view_parse ] --END-- [ RunTime:0.015001s ]
INFO: [ view_filter ] --START--
INFO: Run Behavior\WriteHtmlCacheBehavior [ RunTime:0.001000s ]
INFO: [ view_filter ] --END-- [ RunTime:0.001000s ]
INFO: [ app_end ] --START--
INFO: Run Behavior\ShowPageTraceBehavior [ RunTime:0.001000s ]
INFO: [ app_end ] --END-- [ RunTime:0.002000s ]

[ 2018-08-22T17:54:21+08:00 ] 127.0.0.1 /Admin/City/city_price_list
INFO: [ app_init ] --START--
INFO: Run Behavior\BuildLiteBehavior [ RunTime:0.000000s ]
INFO: [ app_init ] --END-- [ RunTime:0.000000s ]
INFO: [ app_begin ] --START--
INFO: Run Behavior\ReadHtmlCacheBehavior [ RunTime:0.002000s ]
INFO: [ app_begin ] --END-- [ RunTime:0.002000s ]
SQL: SHOW COLUMNS FROM `tp_cityprice` [ RunTime:0.0070s ]
SQL: SELECT * FROM `tp_cityprice` WHERE `city` = '哈尔滨' AND `car_id` = 0 LIMIT 1   [ RunTime:0.0010s ]

[ 2018-08-22T17:54:23+08:00 ] 127.0.0.1 /Admin/City/city_price_list
INFO: [ app_init ] --START--
INFO: Run Behavior\BuildLiteBehavior [ RunTime:0.000000s ]
INFO: [ app_init ] --END-- [ RunTime:0.001000s ]
INFO: [ app_begin ] --START--
INFO: Run Behavior\ReadHtmlCacheBehavior [ RunTime:0.001001s ]
INFO: [ app_begin ] --END-- [ RunTime:0.002001s ]
SQL: SHOW COLUMNS FROM `tp_cityprice` [ RunTime:0.0080s ]
SQL: SELECT * FROM `tp_cityprice` WHERE `city` = '哈尔滨' AND `car_id` = 3 LIMIT 1   [ RunTime:0.0000s ]

[ 2018-08-22T17:54:25+08:00 ] 127.0.0.1 /Admin/City/city_price_info
INFO: [ app_init ] --START--
INFO: Run Behavior\BuildLiteBehavior [ RunTime:0.000000s ]
INFO: [ app_init ] --END-- [ RunTime:0.000000s ]
INFO: [ app_begin ] --START--
INFO: Run Behavior\ReadHtmlCacheBehavior [ RunTime:0.002000s ]
INFO: [ app_begin ] --END-- [ RunTime:0.002000s ]
SQL: SHOW COLUMNS FROM `tp_cityprice` [ RunTime:0.0070s ]
SQL: SELECT * FROM `tp_cityprice` WHERE `city` = '哈尔滨' AND `car_id` = 3 LIMIT 1   [ RunTime:0.0000s ]
SQL: INSERT INTO `tp_cityprice` (`city`,`city_price`,`car_id`) VALUES ('哈尔滨','123','3') [ RunTime:0.0000s ]

[ 2018-08-22T17:54:27+08:00 ] 127.0.0.1 /Admin/City/city_price_list
INFO: [ app_init ] --START--
INFO: Run Behavior\BuildLiteBehavior [ RunTime:0.000000s ]
INFO: [ app_init ] --END-- [ RunTime:0.001000s ]
INFO: [ app_begin ] --START--
INFO: Run Behavior\ReadHtmlCacheBehavior [ RunTime:0.002000s ]
INFO: [ app_begin ] --END-- [ RunTime:0.002000s ]
SQL: SHOW COLUMNS FROM `tp_cityprice` [ RunTime:0.0070s ]
SQL: SELECT * FROM `tp_cityprice` WHERE `city` = '哈尔滨' AND `car_id` = 4 LIMIT 1   [ RunTime:0.0000s ]

[ 2018-08-22T17:54:28+08:00 ] 127.0.0.1 /Admin/City/city_price_info
INFO: [ app_init ] --START--
INFO: Run Behavior\BuildLiteBehavior [ RunTime:0.000000s ]
INFO: [ app_init ] --END-- [ RunTime:0.001000s ]
INFO: [ app_begin ] --START--
INFO: Run Behavior\ReadHtmlCacheBehavior [ RunTime:0.002000s ]
INFO: [ app_begin ] --END-- [ RunTime:0.002000s ]
SQL: SHOW COLUMNS FROM `tp_cityprice` [ RunTime:0.0070s ]
SQL: SELECT * FROM `tp_cityprice` WHERE `city` = '哈尔滨' AND `car_id` = 4 LIMIT 1   [ RunTime:0.0000s ]
SQL: INSERT INTO `tp_cityprice` (`city`,`city_price`,`car_id`) VALUES ('哈尔滨','321','4') [ RunTime:0.0000s ]

[ 2018-08-22T17:54:30+08:00 ] 127.0.0.1 /Admin/City/city_price_list
INFO: [ app_init ] --START--
INFO: Run Behavior\BuildLiteBehavior [ RunTime:0.000000s ]
INFO: [ app_init ] --END-- [ RunTime:0.001000s ]
INFO: [ app_begin ] --START--
INFO: Run Behavior\ReadHtmlCacheBehavior [ RunTime:0.002000s ]
INFO: [ app_begin ] --END-- [ RunTime:0.002000s ]
SQL: SHOW COLUMNS FROM `tp_cityprice` [ RunTime:0.0070s ]
SQL: SELECT * FROM `tp_cityprice` WHERE `city` = '哈尔滨' AND `car_id` = 6 LIMIT 1   [ RunTime:0.0000s ]

[ 2018-08-22T17:54:32+08:00 ] 127.0.0.1 /Admin/City/city_price_info
INFO: [ app_init ] --START--
INFO: Run Behavior\BuildLiteBehavior [ RunTime:0.000000s ]
INFO: [ app_init ] --END-- [ RunTime:0.000000s ]
INFO: [ app_begin ] --START--
INFO: Run Behavior\ReadHtmlCacheBehavior [ RunTime:0.002000s ]
INFO: [ app_begin ] --END-- [ RunTime:0.002000s ]
SQL: SHOW COLUMNS FROM `tp_cityprice` [ RunTime:0.0070s ]
SQL: SELECT * FROM `tp_cityprice` WHERE `city` = '哈尔滨' AND `car_id` = 6 LIMIT 1   [ RunTime:0.0000s ]
SQL: INSERT INTO `tp_cityprice` (`city`,`city_price`,`car_id`) VALUES ('哈尔滨','1113','6') [ RunTime:0.0000s ]

[ 2018-08-22T17:57:35+08:00 ] 127.0.0.1 /index.php/Admin/city/city_price.html
INFO: [ app_init ] --START--
INFO: Run Behavior\BuildLiteBehavior [ RunTime:0.000000s ]
INFO: [ app_init ] --END-- [ RunTime:0.001000s ]
INFO: [ app_begin ] --START--
INFO: Run Behavior\ReadHtmlCacheBehavior [ RunTime:0.002000s ]
INFO: [ app_begin ] --END-- [ RunTime:0.002000s ]
SQL: SHOW COLUMNS FROM `tp_car` [ RunTime:0.0070s ]
SQL: SELECT * FROM `tp_car` WHERE `car_type` LIKE '%1%'  [ RunTime:0.0000s ]
INFO: [ view_parse ] --START--
INFO: [ template_filter ] --START--
INFO: Run Behavior\ContentReplaceBehavior [ RunTime:0.000000s ]
INFO: [ template_filter ] --END-- [ RunTime:0.000000s ]
NOTIC: [8] Undefined index: admin_id D:\upupw\htdocs\Application\Runtime\Cache\Admin\8a0e63d5c170ec43ae42a10a54de7993.php 第 21 行.
INFO: Run Behavior\ParseTemplateBehavior [ RunTime:0.014001s ]
INFO: [ view_parse ] --END-- [ RunTime:0.014001s ]
INFO: [ view_filter ] --START--
INFO: Run Behavior\WriteHtmlCacheBehavior [ RunTime:0.002000s ]
INFO: [ view_filter ] --END-- [ RunTime:0.002000s ]
INFO: [ app_end ] --START--
INFO: Run Behavior\ShowPageTraceBehavior [ RunTime:0.002000s ]
INFO: [ app_end ] --END-- [ RunTime:0.002000s ]

[ 2018-08-22T18:06:02+08:00 ] 127.0.0.1 /Admin/City/city_price_list
INFO: [ app_init ] --START--
INFO: Run Behavior\BuildLiteBehavior [ RunTime:0.000000s ]
INFO: [ app_init ] --END-- [ RunTime:0.001000s ]
INFO: [ app_begin ] --START--
INFO: Run Behavior\ReadHtmlCacheBehavior [ RunTime:0.001001s ]
INFO: [ app_begin ] --END-- [ RunTime:0.001001s ]
SQL: SHOW COLUMNS FROM `tp_cityprice` [ RunTime:0.0070s ]
SQL: SELECT * FROM `tp_cityprice` WHERE `city` = '天津' AND `car_id` = 0 LIMIT 1   [ RunTime:0.0000s ]

[ 2018-08-22T18:06:03+08:00 ] 127.0.0.1 /Admin/City/city_price_list
INFO: [ app_init ] --START--
INFO: Run Behavior\BuildLiteBehavior [ RunTime:0.000000s ]
INFO: [ app_init ] --END-- [ RunTime:0.000000s ]
INFO: [ app_begin ] --START--
INFO: Run Behavior\ReadHtmlCacheBehavior [ RunTime:0.002000s ]
INFO: [ app_begin ] --END-- [ RunTime:0.002000s ]
SQL: SHOW COLUMNS FROM `tp_cityprice` [ RunTime:0.0070s ]
SQL: SELECT * FROM `tp_cityprice` WHERE `city` = '天津' AND `car_id` = 5 LIMIT 1   [ RunTime:0.0000s ]

