[ 2018-08-23T09:54:04+08:00 ] 127.0.0.1 /admin
INFO: [ app_init ] --START--
INFO: Run Behavior\BuildLiteBehavior [ RunTime:0.000000s ]
INFO: [ app_init ] --END-- [ RunTime:0.000000s ]
INFO: [ app_begin ] --START--
INFO: Run Behavior\ReadHtmlCacheBehavior [ RunTime:0.002000s ]
INFO: [ app_begin ] --END-- [ RunTime:0.002000s ]
INFO: [ view_parse ] --START--
INFO: [ template_filter ] --START--
INFO: Run Behavior\ContentReplaceBehavior [ RunTime:0.000000s ]
INFO: [ template_filter ] --END-- [ RunTime:0.000000s ]
INFO: Run Behavior\ParseTemplateBehavior [ RunTime:0.019001s ]
INFO: [ view_parse ] --END-- [ RunTime:0.020001s ]
INFO: [ view_filter ] --START--
INFO: Run Behavior\WriteHtmlCacheBehavior [ RunTime:0.002000s ]
INFO: [ view_filter ] --END-- [ RunTime:0.002000s ]
INFO: [ app_end ] --START--
INFO: Run Behavior\ShowPageTraceBehavior [ RunTime:0.002000s ]
INFO: [ app_end ] --END-- [ RunTime:0.002000s ]

[ 2018-08-23T09:54:10+08:00 ] 127.0.0.1 /index.php/Admin/user/login.html
INFO: [ app_init ] --START--
INFO: Run Behavior\BuildLiteBehavior [ RunTime:0.000000s ]
INFO: [ app_init ] --END-- [ RunTime:0.001000s ]
INFO: [ app_begin ] --START--
INFO: Run Behavior\ReadHtmlCacheBehavior [ RunTime:0.002000s ]
INFO: [ app_begin ] --END-- [ RunTime:0.002000s ]
SQL: SHOW COLUMNS FROM `tp_users` [ RunTime:0.0350s ]
SQL: SELECT * FROM `tp_users` WHERE `login_name` = 'admin' AND `password` = 'e10adc3949ba59abbe56e057f20f883e' LIMIT 1   [ RunTime:0.0010s ]
NOTIC: [8] session_start(): A session had already been started - ignoring D:\upupw\htdocs\Application\Admin\Controller\UserController.class.php 第 15 行.

[ 2018-08-23T09:54:10+08:00 ] 127.0.0.1 /index.php/Admin/Index/admin_index.html
INFO: [ app_init ] --START--
INFO: Run Behavior\BuildLiteBehavior [ RunTime:0.000000s ]
INFO: [ app_init ] --END-- [ RunTime:0.001000s ]
INFO: [ app_begin ] --START--
INFO: Run Behavior\ReadHtmlCacheBehavior [ RunTime:0.001000s ]
INFO: [ app_begin ] --END-- [ RunTime:0.001000s ]
INFO: [ view_parse ] --START--
INFO: [ template_filter ] --START--
INFO: Run Behavior\ContentReplaceBehavior [ RunTime:0.000000s ]
INFO: [ template_filter ] --END-- [ RunTime:0.000000s ]
INFO: Run Behavior\ParseTemplateBehavior [ RunTime:0.023001s ]
INFO: [ view_parse ] --END-- [ RunTime:0.023001s ]
INFO: [ view_filter ] --START--
INFO: Run Behavior\WriteHtmlCacheBehavior [ RunTime:0.002000s ]
INFO: [ view_filter ] --END-- [ RunTime:0.002000s ]
INFO: [ app_end ] --START--
INFO: Run Behavior\ShowPageTraceBehavior [ RunTime:0.002000s ]
INFO: [ app_end ] --END-- [ RunTime:0.002000s ]

[ 2018-08-23T11:32:15+08:00 ] 127.0.0.1 /index.php/Admin/Index/admin_index.html
INFO: [ app_init ] --START--
INFO: Run Behavior\BuildLiteBehavior [ RunTime:0.000000s ]
INFO: [ app_init ] --END-- [ RunTime:0.001000s ]
INFO: [ app_begin ] --START--
INFO: Run Behavior\ReadHtmlCacheBehavior [ RunTime:0.002000s ]
INFO: [ app_begin ] --END-- [ RunTime:0.002000s ]
INFO: [ view_parse ] --START--
INFO: [ template_filter ] --START--
INFO: Run Behavior\ContentReplaceBehavior [ RunTime:0.000000s ]
INFO: [ template_filter ] --END-- [ RunTime:0.001000s ]
NOTIC: [8] Undefined index: admin_id D:\upupw\htdocs\Application\Runtime\Cache\Admin\b595b808c2ebeeeb0478ffc30bb4e87a.php 第 21 行.
INFO: Run Behavior\ParseTemplateBehavior [ RunTime:0.014001s ]
INFO: [ view_parse ] --END-- [ RunTime:0.014001s ]
INFO: [ view_filter ] --START--
INFO: Run Behavior\WriteHtmlCacheBehavior [ RunTime:0.002000s ]
INFO: [ view_filter ] --END-- [ RunTime:0.002000s ]
INFO: [ app_end ] --START--
INFO: Run Behavior\ShowPageTraceBehavior [ RunTime:0.002000s ]
INFO: [ app_end ] --END-- [ RunTime:0.002000s ]

[ 2018-08-23T17:30:23+08:00 ] 127.0.0.1 /index.php/Admin/Order/order_list/type/1.html
INFO: [ app_init ] --START--
INFO: Run Behavior\BuildLiteBehavior [ RunTime:0.000000s ]
INFO: [ app_init ] --END-- [ RunTime:0.001000s ]
INFO: [ app_begin ] --START--
INFO: Run Behavior\ReadHtmlCacheBehavior [ RunTime:0.002001s ]
INFO: [ app_begin ] --END-- [ RunTime:0.002001s ]
NOTIC: [8] Undefined index: status D:\upupw\htdocs\Application\Admin\Controller\OrderController.class.php 第 10 行.
NOTIC: [8] Undefined index: start_time D:\upupw\htdocs\Application\Admin\Controller\OrderController.class.php 第 11 行.
NOTIC: [8] Undefined index: end_time D:\upupw\htdocs\Application\Admin\Controller\OrderController.class.php 第 12 行.
NOTIC: [8] Undefined index: order_num D:\upupw\htdocs\Application\Admin\Controller\OrderController.class.php 第 13 行.
SQL: SHOW COLUMNS FROM `tp_order` [ RunTime:0.0070s ]
SQL: SELECT COUNT(*) AS tp_count FROM tp_order as o WHERE o.order_type = '1' LIMIT 1   [ RunTime:0.0000s ]
SQL: SELECT o.*,c.car_name,b.travel_start FROM tp_order as o INNER JOIN tp_busline as b on b.order_id=o.id INNER JOIN tp_car as c on c.id = o.car_id  WHERE o.order_type = '1' ORDER BY o.create_time DESC LIMIT 0,10   [ RunTime:0.0330s ]
INFO: [ view_parse ] --START--
INFO: [ template_filter ] --START--
INFO: Run Behavior\ContentReplaceBehavior [ RunTime:0.000000s ]
INFO: [ template_filter ] --END-- [ RunTime:0.000000s ]
NOTIC: [8] Undefined index: admin_id D:\upupw\htdocs\Application\Runtime\Cache\Admin\d053aa6ecc0986cb522b33ca745e9f33.php 第 21 行.
INFO: Run Behavior\ParseTemplateBehavior [ RunTime:0.021001s ]
INFO: [ view_parse ] --END-- [ RunTime:0.022001s ]
INFO: [ view_filter ] --START--
INFO: Run Behavior\WriteHtmlCacheBehavior [ RunTime:0.001000s ]
INFO: [ view_filter ] --END-- [ RunTime:0.001000s ]
INFO: [ app_end ] --START--
INFO: Run Behavior\ShowPageTraceBehavior [ RunTime:0.001000s ]
INFO: [ app_end ] --END-- [ RunTime:0.001000s ]

[ 2018-08-23T17:30:27+08:00 ] 127.0.0.1 /index.php/Admin/Order/order_list/type/1/p/7.html
INFO: [ app_init ] --START--
INFO: Run Behavior\BuildLiteBehavior [ RunTime:0.000000s ]
INFO: [ app_init ] --END-- [ RunTime:0.001000s ]
INFO: [ app_begin ] --START--
INFO: Run Behavior\ReadHtmlCacheBehavior [ RunTime:0.002000s ]
INFO: [ app_begin ] --END-- [ RunTime:0.002000s ]
NOTIC: [8] Undefined index: status D:\upupw\htdocs\Application\Admin\Controller\OrderController.class.php 第 10 行.
NOTIC: [8] Undefined index: start_time D:\upupw\htdocs\Application\Admin\Controller\OrderController.class.php 第 11 行.
NOTIC: [8] Undefined index: end_time D:\upupw\htdocs\Application\Admin\Controller\OrderController.class.php 第 12 行.
NOTIC: [8] Undefined index: order_num D:\upupw\htdocs\Application\Admin\Controller\OrderController.class.php 第 13 行.
SQL: SHOW COLUMNS FROM `tp_order` [ RunTime:0.0080s ]
SQL: SELECT COUNT(*) AS tp_count FROM tp_order as o WHERE o.order_type = '1' LIMIT 1   [ RunTime:0.0000s ]
SQL: SELECT o.*,c.car_name,b.travel_start FROM tp_order as o INNER JOIN tp_busline as b on b.order_id=o.id INNER JOIN tp_car as c on c.id = o.car_id  WHERE o.order_type = '1' ORDER BY o.create_time DESC LIMIT 60,10   [ RunTime:0.0020s ]
INFO: [ view_parse ] --START--
INFO: [ template_filter ] --START--
INFO: Run Behavior\ContentReplaceBehavior [ RunTime:0.000000s ]
INFO: [ template_filter ] --END-- [ RunTime:0.000000s ]
NOTIC: [8] Undefined index: admin_id D:\upupw\htdocs\Application\Runtime\Cache\Admin\d053aa6ecc0986cb522b33ca745e9f33.php 第 21 行.
INFO: Run Behavior\ParseTemplateBehavior [ RunTime:0.016001s ]
INFO: [ view_parse ] --END-- [ RunTime:0.016001s ]
INFO: [ view_filter ] --START--
INFO: Run Behavior\WriteHtmlCacheBehavior [ RunTime:0.002000s ]
INFO: [ view_filter ] --END-- [ RunTime:0.002000s ]
INFO: [ app_end ] --START--
INFO: Run Behavior\ShowPageTraceBehavior [ RunTime:0.002000s ]
INFO: [ app_end ] --END-- [ RunTime:0.002000s ]

[ 2018-08-23T17:30:28+08:00 ] 127.0.0.1 /index.php/Admin/Order/order_list/type/1/p/5.html
INFO: [ app_init ] --START--
INFO: Run Behavior\BuildLiteBehavior [ RunTime:0.000000s ]
INFO: [ app_init ] --END-- [ RunTime:0.001000s ]
INFO: [ app_begin ] --START--
INFO: Run Behavior\ReadHtmlCacheBehavior [ RunTime:0.002000s ]
INFO: [ app_begin ] --END-- [ RunTime:0.002000s ]
NOTIC: [8] Undefined index: status D:\upupw\htdocs\Application\Admin\Controller\OrderController.class.php 第 10 行.
NOTIC: [8] Undefined index: start_time D:\upupw\htdocs\Application\Admin\Controller\OrderController.class.php 第 11 行.
NOTIC: [8] Undefined index: end_time D:\upupw\htdocs\Application\Admin\Controller\OrderController.class.php 第 12 行.
NOTIC: [8] Undefined index: order_num D:\upupw\htdocs\Application\Admin\Controller\OrderController.class.php 第 13 行.
SQL: SHOW COLUMNS FROM `tp_order` [ RunTime:0.0070s ]
SQL: SELECT COUNT(*) AS tp_count FROM tp_order as o WHERE o.order_type = '1' LIMIT 1   [ RunTime:0.0000s ]
SQL: SELECT o.*,c.car_name,b.travel_start FROM tp_order as o INNER JOIN tp_busline as b on b.order_id=o.id INNER JOIN tp_car as c on c.id = o.car_id  WHERE o.order_type = '1' ORDER BY o.create_time DESC LIMIT 40,10   [ RunTime:0.0020s ]
INFO: [ view_parse ] --START--
INFO: [ template_filter ] --START--
INFO: Run Behavior\ContentReplaceBehavior [ RunTime:0.000000s ]
INFO: [ template_filter ] --END-- [ RunTime:0.000000s ]
NOTIC: [8] Undefined index: admin_id D:\upupw\htdocs\Application\Runtime\Cache\Admin\d053aa6ecc0986cb522b33ca745e9f33.php 第 21 行.
INFO: Run Behavior\ParseTemplateBehavior [ RunTime:0.017001s ]
INFO: [ view_parse ] --END-- [ RunTime:0.017001s ]
INFO: [ view_filter ] --START--
INFO: Run Behavior\WriteHtmlCacheBehavior [ RunTime:0.002000s ]
INFO: [ view_filter ] --END-- [ RunTime:0.002000s ]
INFO: [ app_end ] --START--
INFO: Run Behavior\ShowPageTraceBehavior [ RunTime:0.002000s ]
INFO: [ app_end ] --END-- [ RunTime:0.002000s ]

[ 2018-08-23T17:30:31+08:00 ] 127.0.0.1 /index.php/Admin/Order/order_list/type/1/p/6.html
INFO: [ app_init ] --START--
INFO: Run Behavior\BuildLiteBehavior [ RunTime:0.000000s ]
INFO: [ app_init ] --END-- [ RunTime:0.000000s ]
INFO: [ app_begin ] --START--
INFO: Run Behavior\ReadHtmlCacheBehavior [ RunTime:0.002000s ]
INFO: [ app_begin ] --END-- [ RunTime:0.002000s ]
NOTIC: [8] Undefined index: status D:\upupw\htdocs\Application\Admin\Controller\OrderController.class.php 第 10 行.
NOTIC: [8] Undefined index: start_time D:\upupw\htdocs\Application\Admin\Controller\OrderController.class.php 第 11 行.
NOTIC: [8] Undefined index: end_time D:\upupw\htdocs\Application\Admin\Controller\OrderController.class.php 第 12 行.
NOTIC: [8] Undefined index: order_num D:\upupw\htdocs\Application\Admin\Controller\OrderController.class.php 第 13 行.
SQL: SHOW COLUMNS FROM `tp_order` [ RunTime:0.0070s ]
SQL: SELECT COUNT(*) AS tp_count FROM tp_order as o WHERE o.order_type = '1' LIMIT 1   [ RunTime:0.0000s ]
SQL: SELECT o.*,c.car_name,b.travel_start FROM tp_order as o INNER JOIN tp_busline as b on b.order_id=o.id INNER JOIN tp_car as c on c.id = o.car_id  WHERE o.order_type = '1' ORDER BY o.create_time DESC LIMIT 50,10   [ RunTime:0.0020s ]
INFO: [ view_parse ] --START--
INFO: [ template_filter ] --START--
INFO: Run Behavior\ContentReplaceBehavior [ RunTime:0.000000s ]
INFO: [ template_filter ] --END-- [ RunTime:0.000000s ]
NOTIC: [8] Undefined index: admin_id D:\upupw\htdocs\Application\Runtime\Cache\Admin\d053aa6ecc0986cb522b33ca745e9f33.php 第 21 行.
INFO: Run Behavior\ParseTemplateBehavior [ RunTime:0.017001s ]
INFO: [ view_parse ] --END-- [ RunTime:0.017001s ]
INFO: [ view_filter ] --START--
INFO: Run Behavior\WriteHtmlCacheBehavior [ RunTime:0.002000s ]
INFO: [ view_filter ] --END-- [ RunTime:0.002000s ]
INFO: [ app_end ] --START--
INFO: Run Behavior\ShowPageTraceBehavior [ RunTime:0.002000s ]
INFO: [ app_end ] --END-- [ RunTime:0.002000s ]

[ 2018-08-23T17:30:32+08:00 ] 127.0.0.1 /index.php/Admin/Order/order_list/type/1/p/4.html
INFO: [ app_init ] --START--
INFO: Run Behavior\BuildLiteBehavior [ RunTime:0.000000s ]
INFO: [ app_init ] --END-- [ RunTime:0.000000s ]
INFO: [ app_begin ] --START--
INFO: Run Behavior\ReadHtmlCacheBehavior [ RunTime:0.001000s ]
INFO: [ app_begin ] --END-- [ RunTime:0.001000s ]
NOTIC: [8] Undefined index: status D:\upupw\htdocs\Application\Admin\Controller\OrderController.class.php 第 10 行.
NOTIC: [8] Undefined index: start_time D:\upupw\htdocs\Application\Admin\Controller\OrderController.class.php 第 11 行.
NOTIC: [8] Undefined index: end_time D:\upupw\htdocs\Application\Admin\Controller\OrderController.class.php 第 12 行.
NOTIC: [8] Undefined index: order_num D:\upupw\htdocs\Application\Admin\Controller\OrderController.class.php 第 13 行.
SQL: SHOW COLUMNS FROM `tp_order` [ RunTime:0.0070s ]
SQL: SELECT COUNT(*) AS tp_count FROM tp_order as o WHERE o.order_type = '1' LIMIT 1   [ RunTime:0.0000s ]
SQL: SELECT o.*,c.car_name,b.travel_start FROM tp_order as o INNER JOIN tp_busline as b on b.order_id=o.id INNER JOIN tp_car as c on c.id = o.car_id  WHERE o.order_type = '1' ORDER BY o.create_time DESC LIMIT 30,10   [ RunTime:0.0010s ]
INFO: [ view_parse ] --START--
INFO: [ template_filter ] --START--
INFO: Run Behavior\ContentReplaceBehavior [ RunTime:0.000000s ]
INFO: [ template_filter ] --END-- [ RunTime:0.000000s ]
NOTIC: [8] Undefined index: admin_id D:\upupw\htdocs\Application\Runtime\Cache\Admin\d053aa6ecc0986cb522b33ca745e9f33.php 第 21 行.
INFO: Run Behavior\ParseTemplateBehavior [ RunTime:0.017001s ]
INFO: [ view_parse ] --END-- [ RunTime:0.017001s ]
INFO: [ view_filter ] --START--
INFO: Run Behavior\WriteHtmlCacheBehavior [ RunTime:0.002000s ]
INFO: [ view_filter ] --END-- [ RunTime:0.002000s ]
INFO: [ app_end ] --START--
INFO: Run Behavior\ShowPageTraceBehavior [ RunTime:0.002000s ]
INFO: [ app_end ] --END-- [ RunTime:0.002000s ]

[ 2018-08-23T17:30:33+08:00 ] 127.0.0.1 /index.php/Admin/Order/order_list/type/1/p/3.html
INFO: [ app_init ] --START--
INFO: Run Behavior\BuildLiteBehavior [ RunTime:0.000000s ]
INFO: [ app_init ] --END-- [ RunTime:0.001000s ]
INFO: [ app_begin ] --START--
INFO: Run Behavior\ReadHtmlCacheBehavior [ RunTime:0.001000s ]
INFO: [ app_begin ] --END-- [ RunTime:0.001000s ]
NOTIC: [8] Undefined index: status D:\upupw\htdocs\Application\Admin\Controller\OrderController.class.php 第 10 行.
NOTIC: [8] Undefined index: start_time D:\upupw\htdocs\Application\Admin\Controller\OrderController.class.php 第 11 行.
NOTIC: [8] Undefined index: end_time D:\upupw\htdocs\Application\Admin\Controller\OrderController.class.php 第 12 行.
NOTIC: [8] Undefined index: order_num D:\upupw\htdocs\Application\Admin\Controller\OrderController.class.php 第 13 行.
SQL: SHOW COLUMNS FROM `tp_order` [ RunTime:0.0080s ]
SQL: SELECT COUNT(*) AS tp_count FROM tp_order as o WHERE o.order_type = '1' LIMIT 1   [ RunTime:0.0000s ]
SQL: SELECT o.*,c.car_name,b.travel_start FROM tp_order as o INNER JOIN tp_busline as b on b.order_id=o.id INNER JOIN tp_car as c on c.id = o.car_id  WHERE o.order_type = '1' ORDER BY o.create_time DESC LIMIT 20,10   [ RunTime:0.0020s ]
INFO: [ view_parse ] --START--
INFO: [ template_filter ] --START--
INFO: Run Behavior\ContentReplaceBehavior [ RunTime:0.000000s ]
INFO: [ template_filter ] --END-- [ RunTime:0.000000s ]
NOTIC: [8] Undefined index: admin_id D:\upupw\htdocs\Application\Runtime\Cache\Admin\d053aa6ecc0986cb522b33ca745e9f33.php 第 21 行.
INFO: Run Behavior\ParseTemplateBehavior [ RunTime:0.017001s ]
INFO: [ view_parse ] --END-- [ RunTime:0.017001s ]
INFO: [ view_filter ] --START--
INFO: Run Behavior\WriteHtmlCacheBehavior [ RunTime:0.002000s ]
INFO: [ view_filter ] --END-- [ RunTime:0.002000s ]
INFO: [ app_end ] --START--
INFO: Run Behavior\ShowPageTraceBehavior [ RunTime:0.002000s ]
INFO: [ app_end ] --END-- [ RunTime:0.002000s ]

[ 2018-08-23T17:31:40+08:00 ] 127.0.0.1 /index.php/Admin/Order/order_list/type/1/p/1.html
INFO: [ app_init ] --START--
INFO: Run Behavior\BuildLiteBehavior [ RunTime:0.000000s ]
INFO: [ app_init ] --END-- [ RunTime:0.001000s ]
INFO: [ app_begin ] --START--
INFO: Run Behavior\ReadHtmlCacheBehavior [ RunTime:0.002000s ]
INFO: [ app_begin ] --END-- [ RunTime:0.002000s ]
NOTIC: [8] Undefined index: status D:\upupw\htdocs\Application\Admin\Controller\OrderController.class.php 第 10 行.
NOTIC: [8] Undefined index: start_time D:\upupw\htdocs\Application\Admin\Controller\OrderController.class.php 第 11 行.
NOTIC: [8] Undefined index: end_time D:\upupw\htdocs\Application\Admin\Controller\OrderController.class.php 第 12 行.
NOTIC: [8] Undefined index: order_num D:\upupw\htdocs\Application\Admin\Controller\OrderController.class.php 第 13 行.
SQL: SHOW COLUMNS FROM `tp_order` [ RunTime:0.0070s ]
SQL: SELECT COUNT(*) AS tp_count FROM tp_order as o WHERE o.order_type = '1' LIMIT 1   [ RunTime:0.0010s ]
SQL: SELECT o.*,c.car_name,b.travel_start FROM tp_order as o INNER JOIN tp_busline as b on b.order_id=o.id INNER JOIN tp_car as c on c.id = o.car_id  WHERE o.order_type = '1' ORDER BY o.create_time DESC LIMIT 0,10   [ RunTime:0.0010s ]
INFO: [ view_parse ] --START--
INFO: [ template_filter ] --START--
INFO: Run Behavior\ContentReplaceBehavior [ RunTime:0.000000s ]
INFO: [ template_filter ] --END-- [ RunTime:0.000000s ]
NOTIC: [8] Undefined index: admin_id D:\upupw\htdocs\Application\Runtime\Cache\Admin\d053aa6ecc0986cb522b33ca745e9f33.php 第 21 行.
INFO: Run Behavior\ParseTemplateBehavior [ RunTime:0.017001s ]
INFO: [ view_parse ] --END-- [ RunTime:0.018001s ]
INFO: [ view_filter ] --START--
INFO: Run Behavior\WriteHtmlCacheBehavior [ RunTime:0.001000s ]
INFO: [ view_filter ] --END-- [ RunTime:0.002000s ]
INFO: [ app_end ] --START--
INFO: Run Behavior\ShowPageTraceBehavior [ RunTime:0.002000s ]
INFO: [ app_end ] --END-- [ RunTime:0.002000s ]

[ 2018-08-23T17:31:44+08:00 ] 127.0.0.1 /index.php/Admin/Order/order_list/type/1.html
INFO: [ app_init ] --START--
INFO: Run Behavior\BuildLiteBehavior [ RunTime:0.000000s ]
INFO: [ app_init ] --END-- [ RunTime:0.001000s ]
INFO: [ app_begin ] --START--
INFO: Run Behavior\ReadHtmlCacheBehavior [ RunTime:0.001000s ]
INFO: [ app_begin ] --END-- [ RunTime:0.001000s ]
NOTIC: [8] Undefined index: status D:\upupw\htdocs\Application\Admin\Controller\OrderController.class.php 第 10 行.
NOTIC: [8] Undefined index: start_time D:\upupw\htdocs\Application\Admin\Controller\OrderController.class.php 第 11 行.
NOTIC: [8] Undefined index: end_time D:\upupw\htdocs\Application\Admin\Controller\OrderController.class.php 第 12 行.
NOTIC: [8] Undefined index: order_num D:\upupw\htdocs\Application\Admin\Controller\OrderController.class.php 第 13 行.
SQL: SHOW COLUMNS FROM `tp_order` [ RunTime:0.0070s ]
SQL: SELECT COUNT(*) AS tp_count FROM tp_order as o WHERE o.order_type = '1' LIMIT 1   [ RunTime:0.0000s ]
SQL: SELECT o.*,c.car_name,b.travel_start FROM tp_order as o INNER JOIN tp_busline as b on b.order_id=o.id INNER JOIN tp_car as c on c.id = o.car_id  WHERE o.order_type = '1' ORDER BY o.create_time DESC LIMIT 0,10   [ RunTime:0.0010s ]
INFO: [ view_parse ] --START--
INFO: [ template_filter ] --START--
INFO: Run Behavior\ContentReplaceBehavior [ RunTime:0.000000s ]
INFO: [ template_filter ] --END-- [ RunTime:0.000000s ]
NOTIC: [8] Undefined index: admin_id D:\upupw\htdocs\Application\Runtime\Cache\Admin\d053aa6ecc0986cb522b33ca745e9f33.php 第 21 行.
INFO: Run Behavior\ParseTemplateBehavior [ RunTime:0.017001s ]
INFO: [ view_parse ] --END-- [ RunTime:0.017001s ]
INFO: [ view_filter ] --START--
INFO: Run Behavior\WriteHtmlCacheBehavior [ RunTime:0.002000s ]
INFO: [ view_filter ] --END-- [ RunTime:0.002000s ]
INFO: [ app_end ] --START--
INFO: Run Behavior\ShowPageTraceBehavior [ RunTime:0.001000s ]
INFO: [ app_end ] --END-- [ RunTime:0.002000s ]

[ 2018-08-23T17:41:32+08:00 ] 127.0.0.1 /index.php/Admin/Order/order_list/type/0.html
INFO: [ app_init ] --START--
INFO: Run Behavior\BuildLiteBehavior [ RunTime:0.000000s ]
INFO: [ app_init ] --END-- [ RunTime:0.000000s ]
INFO: [ app_begin ] --START--
INFO: Run Behavior\ReadHtmlCacheBehavior [ RunTime:0.001000s ]
INFO: [ app_begin ] --END-- [ RunTime:0.002000s ]
NOTIC: [8] Undefined index: status D:\upupw\htdocs\Application\Admin\Controller\OrderController.class.php 第 10 行.
NOTIC: [8] Undefined index: start_time D:\upupw\htdocs\Application\Admin\Controller\OrderController.class.php 第 11 行.
NOTIC: [8] Undefined index: end_time D:\upupw\htdocs\Application\Admin\Controller\OrderController.class.php 第 12 行.
NOTIC: [8] Undefined index: order_num D:\upupw\htdocs\Application\Admin\Controller\OrderController.class.php 第 13 行.
SQL: SHOW COLUMNS FROM `tp_order` [ RunTime:0.0070s ]
SQL: SELECT COUNT(*) AS tp_count FROM tp_order as o WHERE o.order_type = '0' LIMIT 1   [ RunTime:0.0000s ]
SQL: SELECT * FROM tp_order as o WHERE o.order_type = '0' ORDER BY create_time DESC LIMIT 0,10   [ RunTime:0.0000s ]
INFO: [ view_parse ] --START--
INFO: [ template_filter ] --START--
INFO: Run Behavior\ContentReplaceBehavior [ RunTime:0.000000s ]
INFO: [ template_filter ] --END-- [ RunTime:0.000000s ]
NOTIC: [8] Undefined index: admin_id D:\upupw\htdocs\Application\Runtime\Cache\Admin\01eb245fb8b7be310ee6853c29b88217.php 第 21 行.
INFO: Run Behavior\ParseTemplateBehavior [ RunTime:0.025001s ]
INFO: [ view_parse ] --END-- [ RunTime:0.025001s ]
INFO: [ view_filter ] --START--
INFO: Run Behavior\WriteHtmlCacheBehavior [ RunTime:0.002001s ]
INFO: [ view_filter ] --END-- [ RunTime:0.002001s ]
INFO: [ app_end ] --START--
INFO: Run Behavior\ShowPageTraceBehavior [ RunTime:0.002000s ]
INFO: [ app_end ] --END-- [ RunTime:0.002000s ]

[ 2018-08-23T17:41:35+08:00 ] 127.0.0.1 /Admin/Order/ajax_update
INFO: [ app_init ] --START--
INFO: Run Behavior\BuildLiteBehavior [ RunTime:0.000000s ]
INFO: [ app_init ] --END-- [ RunTime:0.001000s ]
INFO: [ app_begin ] --START--
INFO: Run Behavior\ReadHtmlCacheBehavior [ RunTime:0.002000s ]
INFO: [ app_begin ] --END-- [ RunTime:0.002000s ]
SQL: SHOW COLUMNS FROM `tp_order` [ RunTime:0.0070s ]
SQL: UPDATE `tp_order` SET `order_price`='123',`order_status`='2' WHERE ( id='143' ) [ RunTime:0.0010s ]

